2024-01-17 17:48:30,620 [INFO] django.utils.autoreload: Watching for file changes with StatReloader
2024-01-17 17:48:38,666 [WARNING] django.request: Not Found: /favicon.ico
2024-01-17 17:48:47,352 [ERROR] django.request: Internal Server Error: /login/
2024-01-17 17:52:27,475 [ERROR] django.request: Internal Server Error: /logs/
Traceback (most recent call last):
  File "C:\Users\majid\Desktop\stock\venv\Lib\site-packages\django\template\base.py", line 502, in parse
    compile_func = self.tags[command]
                   ~~~~~~~~~^^^^^^^^^
KeyError: 'endfor'

During handling of the above exception, another exception occurred:

Traceback (most recent call last):
  File "C:\Users\majid\Desktop\stock\venv\Lib\site-packages\django\core\handlers\exception.py", line 55, in inner
    response = get_response(request)
               ^^^^^^^^^^^^^^^^^^^^^
  File "C:\Users\majid\Desktop\stock\venv\Lib\site-packages\django\core\handlers\base.py", line 220, in _get_response
    response = response.render()
               ^^^^^^^^^^^^^^^^^
  File "C:\Users\majid\Desktop\stock\venv\Lib\site-packages\django\template\response.py", line 114, in render
    self.content = self.rendered_content
                   ^^^^^^^^^^^^^^^^^^^^^
  File "C:\Users\majid\Desktop\stock\venv\Lib\site-packages\django\template\response.py", line 90, in rendered_content
    template = self.resolve_template(self.template_name)
               ^^^^^^^^^^^^^^^^^^^^^^^^^^^^^^^^^^^^^^^^^
  File "C:\Users\majid\Desktop\stock\venv\Lib\site-packages\django\template\response.py", line 72, in resolve_template
    return select_template(template, using=self.using)
           ^^^^^^^^^^^^^^^^^^^^^^^^^^^^^^^^^^^^^^^^^^^
  File "C:\Users\majid\Desktop\stock\venv\Lib\site-packages\django\template\loader.py", line 42, in select_template
    return engine.get_template(template_name)
           ^^^^^^^^^^^^^^^^^^^^^^^^^^^^^^^^^^
  File "C:\Users\majid\Desktop\stock\venv\Lib\site-packages\django\template\backends\django.py", line 33, in get_template
    return Template(self.engine.get_template(template_name), self)
                    ^^^^^^^^^^^^^^^^^^^^^^^^^^^^^^^^^^^^^^^
  File "C:\Users\majid\Desktop\stock\venv\Lib\site-packages\django\template\engine.py", line 175, in get_template
    template, origin = self.find_template(template_name)
                       ^^^^^^^^^^^^^^^^^^^^^^^^^^^^^^^^^
  File "C:\Users\majid\Desktop\stock\venv\Lib\site-packages\django\template\engine.py", line 157, in find_template
    template = loader.get_template(name, skip=skip)
               ^^^^^^^^^^^^^^^^^^^^^^^^^^^^^^^^^^^^
  File "C:\Users\majid\Desktop\stock\venv\Lib\site-packages\django\template\loaders\cached.py", line 57, in get_template
    template = super().get_template(template_name, skip)
               ^^^^^^^^^^^^^^^^^^^^^^^^^^^^^^^^^^^^^^^^^
  File "C:\Users\majid\Desktop\stock\venv\Lib\site-packages\django\template\loaders\base.py", line 28, in get_template
    return Template(
           ^^^^^^^^^
  File "C:\Users\majid\Desktop\stock\venv\Lib\site-packages\django\template\base.py", line 154, in __init__
    self.nodelist = self.compile_nodelist()
                    ^^^^^^^^^^^^^^^^^^^^^^^
  File "C:\Users\majid\Desktop\stock\venv\Lib\site-packages\django\template\base.py", line 196, in compile_nodelist
    return parser.parse()
           ^^^^^^^^^^^^^^
  File "C:\Users\majid\Desktop\stock\venv\Lib\site-packages\django\template\base.py", line 510, in parse
    raise self.error(token, e)
  File "C:\Users\majid\Desktop\stock\venv\Lib\site-packages\django\template\base.py", line 508, in parse
    compiled_result = compile_func(self, token)
                      ^^^^^^^^^^^^^^^^^^^^^^^^^
  File "C:\Users\majid\Desktop\stock\venv\Lib\site-packages\django\template\loader_tags.py", line 295, in do_extends
    nodelist = parser.parse()
               ^^^^^^^^^^^^^^
  File "C:\Users\majid\Desktop\stock\venv\Lib\site-packages\django\template\base.py", line 510, in parse
    raise self.error(token, e)
  File "C:\Users\majid\Desktop\stock\venv\Lib\site-packages\django\template\base.py", line 508, in parse
    compiled_result = compile_func(self, token)
                      ^^^^^^^^^^^^^^^^^^^^^^^^^
  File "C:\Users\majid\Desktop\stock\venv\Lib\site-packages\django\template\loader_tags.py", line 234, in do_block
    nodelist = parser.parse(("endblock",))
               ^^^^^^^^^^^^^^^^^^^^^^^^^^^
  File "C:\Users\majid\Desktop\stock\venv\Lib\site-packages\django\template\base.py", line 510, in parse
    raise self.error(token, e)
  File "C:\Users\majid\Desktop\stock\venv\Lib\site-packages\django\template\base.py", line 508, in parse
    compiled_result = compile_func(self, token)
                      ^^^^^^^^^^^^^^^^^^^^^^^^^
  File "C:\Users\majid\Desktop\stock\venv\Lib\site-packages\django\template\defaulttags.py", line 960, in do_if
    nodelist = parser.parse(("elif", "else", "endif"))
               ^^^^^^^^^^^^^^^^^^^^^^^^^^^^^^^^^^^^^^^
  File "C:\Users\majid\Desktop\stock\venv\Lib\site-packages\django\template\base.py", line 510, in parse
    raise self.error(token, e)
  File "C:\Users\majid\Desktop\stock\venv\Lib\site-packages\django\template\base.py", line 508, in parse
    compiled_result = compile_func(self, token)
                      ^^^^^^^^^^^^^^^^^^^^^^^^^
  File "C:\Users\majid\Desktop\stock\venv\Lib\site-packages\django\template\defaulttags.py", line 860, in do_for
    nodelist_loop = parser.parse(
                    ^^^^^^^^^^^^^
  File "C:\Users\majid\Desktop\stock\venv\Lib\site-packages\django\template\base.py", line 510, in parse
    raise self.error(token, e)
  File "C:\Users\majid\Desktop\stock\venv\Lib\site-packages\django\template\base.py", line 508, in parse
    compiled_result = compile_func(self, token)
                      ^^^^^^^^^^^^^^^^^^^^^^^^^
  File "C:\Users\majid\Desktop\stock\venv\Lib\site-packages\django\template\defaulttags.py", line 974, in do_if
    nodelist = parser.parse(("endif",))
               ^^^^^^^^^^^^^^^^^^^^^^^^
  File "C:\Users\majid\Desktop\stock\venv\Lib\site-packages\django\template\base.py", line 504, in parse
    self.invalid_block_tag(token, command, parse_until)
  File "C:\Users\majid\Desktop\stock\venv\Lib\site-packages\django\template\base.py", line 555, in invalid_block_tag
    raise self.error(
django.template.exceptions.TemplateSyntaxError: Invalid block tag on line 111: 'endfor', expected 'endif'. Did you forget to register or load this tag?
2024-01-17 17:54:46,434 [ERROR] django.request: Internal Server Error: /create-router/
Traceback (most recent call last):
  File "C:\Users\majid\Desktop\stock\venv\Lib\site-packages\django\template\base.py", line 502, in parse
    compile_func = self.tags[command]
                   ~~~~~~~~~^^^^^^^^^
KeyError: 'categories.empty'

During handling of the above exception, another exception occurred:

Traceback (most recent call last):
  File "C:\Users\majid\Desktop\stock\venv\Lib\site-packages\django\core\handlers\exception.py", line 55, in inner
    response = get_response(request)
               ^^^^^^^^^^^^^^^^^^^^^
  File "C:\Users\majid\Desktop\stock\venv\Lib\site-packages\django\core\handlers\base.py", line 197, in _get_response
    response = wrapped_callback(request, *callback_args, **callback_kwargs)
               ^^^^^^^^^^^^^^^^^^^^^^^^^^^^^^^^^^^^^^^^^^^^^^^^^^^^^^^^^^^^
  File "C:\Users\majid\Desktop\stock\venv\Lib\site-packages\django\contrib\auth\decorators.py", line 23, in _wrapper_view
    return view_func(request, *args, **kwargs)
           ^^^^^^^^^^^^^^^^^^^^^^^^^^^^^^^^^^^
  File "C:\Users\majid\Desktop\stock\venv\Lib\site-packages\django\views\generic\base.py", line 104, in view
    return self.dispatch(request, *args, **kwargs)
           ^^^^^^^^^^^^^^^^^^^^^^^^^^^^^^^^^^^^^^^
  File "C:\Users\majid\Desktop\stock\venv\Lib\site-packages\django\views\generic\base.py", line 143, in dispatch
    return handler(request, *args, **kwargs)
           ^^^^^^^^^^^^^^^^^^^^^^^^^^^^^^^^^
  File "C:\Users\majid\Desktop\stock\main\views.py", line 358, in get
    return render(req,'main/router/create-router.html',context=context)
           ^^^^^^^^^^^^^^^^^^^^^^^^^^^^^^^^^^^^^^^^^^^^^^^^^^^^^^^^^^^^
  File "C:\Users\majid\Desktop\stock\venv\Lib\site-packages\django\shortcuts.py", line 24, in render
    content = loader.render_to_string(template_name, context, request, using=using)
              ^^^^^^^^^^^^^^^^^^^^^^^^^^^^^^^^^^^^^^^^^^^^^^^^^^^^^^^^^^^^^^^^^^^^^
  File "C:\Users\majid\Desktop\stock\venv\Lib\site-packages\django\template\loader.py", line 61, in render_to_string
    template = get_template(template_name, using=using)
               ^^^^^^^^^^^^^^^^^^^^^^^^^^^^^^^^^^^^^^^^
  File "C:\Users\majid\Desktop\stock\venv\Lib\site-packages\django\template\loader.py", line 15, in get_template
    return engine.get_template(template_name)
           ^^^^^^^^^^^^^^^^^^^^^^^^^^^^^^^^^^
  File "C:\Users\majid\Desktop\stock\venv\Lib\site-packages\django\template\backends\django.py", line 33, in get_template
    return Template(self.engine.get_template(template_name), self)
                    ^^^^^^^^^^^^^^^^^^^^^^^^^^^^^^^^^^^^^^^
  File "C:\Users\majid\Desktop\stock\venv\Lib\site-packages\django\template\engine.py", line 175, in get_template
    template, origin = self.find_template(template_name)
                       ^^^^^^^^^^^^^^^^^^^^^^^^^^^^^^^^^
  File "C:\Users\majid\Desktop\stock\venv\Lib\site-packages\django\template\engine.py", line 157, in find_template
    template = loader.get_template(name, skip=skip)
               ^^^^^^^^^^^^^^^^^^^^^^^^^^^^^^^^^^^^
  File "C:\Users\majid\Desktop\stock\venv\Lib\site-packages\django\template\loaders\cached.py", line 57, in get_template
    template = super().get_template(template_name, skip)
               ^^^^^^^^^^^^^^^^^^^^^^^^^^^^^^^^^^^^^^^^^
  File "C:\Users\majid\Desktop\stock\venv\Lib\site-packages\django\template\loaders\base.py", line 28, in get_template
    return Template(
           ^^^^^^^^^
  File "C:\Users\majid\Desktop\stock\venv\Lib\site-packages\django\template\base.py", line 154, in __init__
    self.nodelist = self.compile_nodelist()
                    ^^^^^^^^^^^^^^^^^^^^^^^
  File "C:\Users\majid\Desktop\stock\venv\Lib\site-packages\django\template\base.py", line 196, in compile_nodelist
    return parser.parse()
           ^^^^^^^^^^^^^^
  File "C:\Users\majid\Desktop\stock\venv\Lib\site-packages\django\template\base.py", line 510, in parse
    raise self.error(token, e)
  File "C:\Users\majid\Desktop\stock\venv\Lib\site-packages\django\template\base.py", line 508, in parse
    compiled_result = compile_func(self, token)
                      ^^^^^^^^^^^^^^^^^^^^^^^^^
  File "C:\Users\majid\Desktop\stock\venv\Lib\site-packages\django\template\loader_tags.py", line 234, in do_block
    nodelist = parser.parse(("endblock",))
               ^^^^^^^^^^^^^^^^^^^^^^^^^^^
  File "C:\Users\majid\Desktop\stock\venv\Lib\site-packages\django\template\base.py", line 510, in parse
    raise self.error(token, e)
  File "C:\Users\majid\Desktop\stock\venv\Lib\site-packages\django\template\base.py", line 508, in parse
    compiled_result = compile_func(self, token)
                      ^^^^^^^^^^^^^^^^^^^^^^^^^
  File "C:\Users\majid\Desktop\stock\venv\Lib\site-packages\django\template\defaulttags.py", line 860, in do_for
    nodelist_loop = parser.parse(
                    ^^^^^^^^^^^^^
  File "C:\Users\majid\Desktop\stock\venv\Lib\site-packages\django\template\base.py", line 504, in parse
    self.invalid_block_tag(token, command, parse_until)
  File "C:\Users\majid\Desktop\stock\venv\Lib\site-packages\django\template\base.py", line 555, in invalid_block_tag
    raise self.error(
django.template.exceptions.TemplateSyntaxError: Invalid block tag on line 63: 'categories.empty', expected 'empty' or 'endfor'. Did you forget to register or load this tag?
2024-01-17 17:54:49,819 [ERROR] django.request: Internal Server Error: /create-router/
Traceback (most recent call last):
  File "C:\Users\majid\Desktop\stock\venv\Lib\site-packages\django\template\base.py", line 502, in parse
    compile_func = self.tags[command]
                   ~~~~~~~~~^^^^^^^^^
KeyError: 'categories.empty'

During handling of the above exception, another exception occurred:

Traceback (most recent call last):
  File "C:\Users\majid\Desktop\stock\venv\Lib\site-packages\django\core\handlers\exception.py", line 55, in inner
    response = get_response(request)
               ^^^^^^^^^^^^^^^^^^^^^
  File "C:\Users\majid\Desktop\stock\venv\Lib\site-packages\django\core\handlers\base.py", line 197, in _get_response
    response = wrapped_callback(request, *callback_args, **callback_kwargs)
               ^^^^^^^^^^^^^^^^^^^^^^^^^^^^^^^^^^^^^^^^^^^^^^^^^^^^^^^^^^^^
  File "C:\Users\majid\Desktop\stock\venv\Lib\site-packages\django\contrib\auth\decorators.py", line 23, in _wrapper_view
    return view_func(request, *args, **kwargs)
           ^^^^^^^^^^^^^^^^^^^^^^^^^^^^^^^^^^^
  File "C:\Users\majid\Desktop\stock\venv\Lib\site-packages\django\views\generic\base.py", line 104, in view
    return self.dispatch(request, *args, **kwargs)
           ^^^^^^^^^^^^^^^^^^^^^^^^^^^^^^^^^^^^^^^
  File "C:\Users\majid\Desktop\stock\venv\Lib\site-packages\django\views\generic\base.py", line 143, in dispatch
    return handler(request, *args, **kwargs)
           ^^^^^^^^^^^^^^^^^^^^^^^^^^^^^^^^^
  File "C:\Users\majid\Desktop\stock\main\views.py", line 358, in get
    return render(req,'main/router/create-router.html',context=context)
           ^^^^^^^^^^^^^^^^^^^^^^^^^^^^^^^^^^^^^^^^^^^^^^^^^^^^^^^^^^^^
  File "C:\Users\majid\Desktop\stock\venv\Lib\site-packages\django\shortcuts.py", line 24, in render
    content = loader.render_to_string(template_name, context, request, using=using)
              ^^^^^^^^^^^^^^^^^^^^^^^^^^^^^^^^^^^^^^^^^^^^^^^^^^^^^^^^^^^^^^^^^^^^^
  File "C:\Users\majid\Desktop\stock\venv\Lib\site-packages\django\template\loader.py", line 61, in render_to_string
    template = get_template(template_name, using=using)
               ^^^^^^^^^^^^^^^^^^^^^^^^^^^^^^^^^^^^^^^^
  File "C:\Users\majid\Desktop\stock\venv\Lib\site-packages\django\template\loader.py", line 15, in get_template
    return engine.get_template(template_name)
           ^^^^^^^^^^^^^^^^^^^^^^^^^^^^^^^^^^
  File "C:\Users\majid\Desktop\stock\venv\Lib\site-packages\django\template\backends\django.py", line 33, in get_template
    return Template(self.engine.get_template(template_name), self)
                    ^^^^^^^^^^^^^^^^^^^^^^^^^^^^^^^^^^^^^^^
  File "C:\Users\majid\Desktop\stock\venv\Lib\site-packages\django\template\engine.py", line 175, in get_template
    template, origin = self.find_template(template_name)
                       ^^^^^^^^^^^^^^^^^^^^^^^^^^^^^^^^^
  File "C:\Users\majid\Desktop\stock\venv\Lib\site-packages\django\template\engine.py", line 157, in find_template
    template = loader.get_template(name, skip=skip)
               ^^^^^^^^^^^^^^^^^^^^^^^^^^^^^^^^^^^^
  File "C:\Users\majid\Desktop\stock\venv\Lib\site-packages\django\template\loaders\cached.py", line 57, in get_template
    template = super().get_template(template_name, skip)
               ^^^^^^^^^^^^^^^^^^^^^^^^^^^^^^^^^^^^^^^^^
  File "C:\Users\majid\Desktop\stock\venv\Lib\site-packages\django\template\loaders\base.py", line 28, in get_template
    return Template(
           ^^^^^^^^^
  File "C:\Users\majid\Desktop\stock\venv\Lib\site-packages\django\template\base.py", line 154, in __init__
    self.nodelist = self.compile_nodelist()
                    ^^^^^^^^^^^^^^^^^^^^^^^
  File "C:\Users\majid\Desktop\stock\venv\Lib\site-packages\django\template\base.py", line 196, in compile_nodelist
    return parser.parse()
           ^^^^^^^^^^^^^^
  File "C:\Users\majid\Desktop\stock\venv\Lib\site-packages\django\template\base.py", line 510, in parse
    raise self.error(token, e)
  File "C:\Users\majid\Desktop\stock\venv\Lib\site-packages\django\template\base.py", line 508, in parse
    compiled_result = compile_func(self, token)
                      ^^^^^^^^^^^^^^^^^^^^^^^^^
  File "C:\Users\majid\Desktop\stock\venv\Lib\site-packages\django\template\loader_tags.py", line 234, in do_block
    nodelist = parser.parse(("endblock",))
               ^^^^^^^^^^^^^^^^^^^^^^^^^^^
  File "C:\Users\majid\Desktop\stock\venv\Lib\site-packages\django\template\base.py", line 510, in parse
    raise self.error(token, e)
  File "C:\Users\majid\Desktop\stock\venv\Lib\site-packages\django\template\base.py", line 508, in parse
    compiled_result = compile_func(self, token)
                      ^^^^^^^^^^^^^^^^^^^^^^^^^
  File "C:\Users\majid\Desktop\stock\venv\Lib\site-packages\django\template\defaulttags.py", line 860, in do_for
    nodelist_loop = parser.parse(
                    ^^^^^^^^^^^^^
  File "C:\Users\majid\Desktop\stock\venv\Lib\site-packages\django\template\base.py", line 504, in parse
    self.invalid_block_tag(token, command, parse_until)
  File "C:\Users\majid\Desktop\stock\venv\Lib\site-packages\django\template\base.py", line 555, in invalid_block_tag
    raise self.error(
django.template.exceptions.TemplateSyntaxError: Invalid block tag on line 63: 'categories.empty', expected 'empty' or 'endfor'. Did you forget to register or load this tag?
2024-01-17 18:04:00,327 [ERROR] django.request: Internal Server Error: /dashboard/
Traceback (most recent call last):
  File "C:\Users\majid\Desktop\stock\venv\Lib\site-packages\django\core\handlers\exception.py", line 55, in inner
    response = get_response(request)
               ^^^^^^^^^^^^^^^^^^^^^
  File "C:\Users\majid\Desktop\stock\venv\Lib\site-packages\django\core\handlers\base.py", line 197, in _get_response
    response = wrapped_callback(request, *callback_args, **callback_kwargs)
               ^^^^^^^^^^^^^^^^^^^^^^^^^^^^^^^^^^^^^^^^^^^^^^^^^^^^^^^^^^^^
  File "C:\Users\majid\Desktop\stock\venv\Lib\site-packages\django\views\generic\base.py", line 104, in view
    return self.dispatch(request, *args, **kwargs)
           ^^^^^^^^^^^^^^^^^^^^^^^^^^^^^^^^^^^^^^^
  File "C:\Users\majid\Desktop\stock\venv\Lib\site-packages\django\views\generic\base.py", line 143, in dispatch
    return handler(request, *args, **kwargs)
           ^^^^^^^^^^^^^^^^^^^^^^^^^^^^^^^^^
  File "C:\Users\majid\Desktop\stock\main\views.py", line 297, in get
    return render(req,'main/dashboard/index.html',context=context)
           ^^^^^^^^^^^^^^^^^^^^^^^^^^^^^^^^^^^^^^^^^^^^^^^^^^^^^^^
  File "C:\Users\majid\Desktop\stock\venv\Lib\site-packages\django\shortcuts.py", line 24, in render
    content = loader.render_to_string(template_name, context, request, using=using)
              ^^^^^^^^^^^^^^^^^^^^^^^^^^^^^^^^^^^^^^^^^^^^^^^^^^^^^^^^^^^^^^^^^^^^^
  File "C:\Users\majid\Desktop\stock\venv\Lib\site-packages\django\template\loader.py", line 62, in render_to_string
    return template.render(context, request)
           ^^^^^^^^^^^^^^^^^^^^^^^^^^^^^^^^^
  File "C:\Users\majid\Desktop\stock\venv\Lib\site-packages\django\template\backends\django.py", line 61, in render
    return self.template.render(context)
           ^^^^^^^^^^^^^^^^^^^^^^^^^^^^^
  File "C:\Users\majid\Desktop\stock\venv\Lib\site-packages\django\template\base.py", line 171, in render
    return self._render(context)
           ^^^^^^^^^^^^^^^^^^^^^
  File "C:\Users\majid\Desktop\stock\venv\Lib\site-packages\django\template\base.py", line 163, in _render
    return self.nodelist.render(context)
           ^^^^^^^^^^^^^^^^^^^^^^^^^^^^^
  File "C:\Users\majid\Desktop\stock\venv\Lib\site-packages\django\template\base.py", line 1000, in render
    return SafeString("".join([node.render_annotated(context) for node in self]))
                              ^^^^^^^^^^^^^^^^^^^^^^^^^^^^^^^^^^^^^^^^^^^^^^^^^
  File "C:\Users\majid\Desktop\stock\venv\Lib\site-packages\django\template\base.py", line 1000, in <listcomp>
    return SafeString("".join([node.render_annotated(context) for node in self]))
                               ^^^^^^^^^^^^^^^^^^^^^^^^^^^^^^
  File "C:\Users\majid\Desktop\stock\venv\Lib\site-packages\django\template\base.py", line 961, in render_annotated
    return self.render(context)
           ^^^^^^^^^^^^^^^^^^^^
  File "C:\Users\majid\Desktop\stock\venv\Lib\site-packages\django\template\loader_tags.py", line 134, in render
    compiled_parent = self.get_parent(context)
                      ^^^^^^^^^^^^^^^^^^^^^^^^
  File "C:\Users\majid\Desktop\stock\venv\Lib\site-packages\django\template\loader_tags.py", line 131, in get_parent
    return self.find_template(parent, context)
           ^^^^^^^^^^^^^^^^^^^^^^^^^^^^^^^^^^^
  File "C:\Users\majid\Desktop\stock\venv\Lib\site-packages\django\template\loader_tags.py", line 109, in find_template
    template, origin = context.template.engine.find_template(
                       ^^^^^^^^^^^^^^^^^^^^^^^^^^^^^^^^^^^^^^
  File "C:\Users\majid\Desktop\stock\venv\Lib\site-packages\django\template\engine.py", line 157, in find_template
    template = loader.get_template(name, skip=skip)
               ^^^^^^^^^^^^^^^^^^^^^^^^^^^^^^^^^^^^
  File "C:\Users\majid\Desktop\stock\venv\Lib\site-packages\django\template\loaders\cached.py", line 57, in get_template
    template = super().get_template(template_name, skip)
               ^^^^^^^^^^^^^^^^^^^^^^^^^^^^^^^^^^^^^^^^^
  File "C:\Users\majid\Desktop\stock\venv\Lib\site-packages\django\template\loaders\base.py", line 28, in get_template
    return Template(
           ^^^^^^^^^
  File "C:\Users\majid\Desktop\stock\venv\Lib\site-packages\django\template\base.py", line 154, in __init__
    self.nodelist = self.compile_nodelist()
                    ^^^^^^^^^^^^^^^^^^^^^^^
  File "C:\Users\majid\Desktop\stock\venv\Lib\site-packages\django\template\base.py", line 196, in compile_nodelist
    return parser.parse()
           ^^^^^^^^^^^^^^
  File "C:\Users\majid\Desktop\stock\venv\Lib\site-packages\django\template\base.py", line 510, in parse
    raise self.error(token, e)
  File "C:\Users\majid\Desktop\stock\venv\Lib\site-packages\django\template\base.py", line 508, in parse
    compiled_result = compile_func(self, token)
                      ^^^^^^^^^^^^^^^^^^^^^^^^^
  File "C:\Users\majid\Desktop\stock\venv\Lib\site-packages\django\template\loader_tags.py", line 234, in do_block
    nodelist = parser.parse(("endblock",))
               ^^^^^^^^^^^^^^^^^^^^^^^^^^^
  File "C:\Users\majid\Desktop\stock\venv\Lib\site-packages\django\template\base.py", line 515, in parse
    self.unclosed_block_tag(parse_until)
  File "C:\Users\majid\Desktop\stock\venv\Lib\site-packages\django\template\base.py", line 578, in unclosed_block_tag
    raise self.error(token, msg)
django.template.exceptions.TemplateSyntaxError: Unclosed tag on line 28: 'block'. Looking for one of: endblock.
2024-01-17 18:07:08,552 [ERROR] django.request: Internal Server Error: /create-router/
Traceback (most recent call last):
  File "C:\Users\majid\Desktop\stock\venv\Lib\site-packages\django\core\handlers\exception.py", line 55, in inner
    response = get_response(request)
               ^^^^^^^^^^^^^^^^^^^^^
  File "C:\Users\majid\Desktop\stock\venv\Lib\site-packages\django\core\handlers\base.py", line 197, in _get_response
    response = wrapped_callback(request, *callback_args, **callback_kwargs)
               ^^^^^^^^^^^^^^^^^^^^^^^^^^^^^^^^^^^^^^^^^^^^^^^^^^^^^^^^^^^^
  File "C:\Users\majid\Desktop\stock\venv\Lib\site-packages\django\contrib\auth\decorators.py", line 23, in _wrapper_view
    return view_func(request, *args, **kwargs)
           ^^^^^^^^^^^^^^^^^^^^^^^^^^^^^^^^^^^
  File "C:\Users\majid\Desktop\stock\venv\Lib\site-packages\django\views\generic\base.py", line 104, in view
    return self.dispatch(request, *args, **kwargs)
           ^^^^^^^^^^^^^^^^^^^^^^^^^^^^^^^^^^^^^^^
  File "C:\Users\majid\Desktop\stock\venv\Lib\site-packages\django\views\generic\base.py", line 143, in dispatch
    return handler(request, *args, **kwargs)
           ^^^^^^^^^^^^^^^^^^^^^^^^^^^^^^^^^
  File "C:\Users\majid\Desktop\stock\main\views.py", line 358, in get
    return render(req,'main/router/create-router.html',context=context)
           ^^^^^^^^^^^^^^^^^^^^^^^^^^^^^^^^^^^^^^^^^^^^^^^^^^^^^^^^^^^^
  File "C:\Users\majid\Desktop\stock\venv\Lib\site-packages\django\shortcuts.py", line 24, in render
    content = loader.render_to_string(template_name, context, request, using=using)
              ^^^^^^^^^^^^^^^^^^^^^^^^^^^^^^^^^^^^^^^^^^^^^^^^^^^^^^^^^^^^^^^^^^^^^
  File "C:\Users\majid\Desktop\stock\venv\Lib\site-packages\django\template\loader.py", line 62, in render_to_string
    return template.render(context, request)
           ^^^^^^^^^^^^^^^^^^^^^^^^^^^^^^^^^
  File "C:\Users\majid\Desktop\stock\venv\Lib\site-packages\django\template\backends\django.py", line 61, in render
    return self.template.render(context)
           ^^^^^^^^^^^^^^^^^^^^^^^^^^^^^
  File "C:\Users\majid\Desktop\stock\venv\Lib\site-packages\django\template\base.py", line 171, in render
    return self._render(context)
           ^^^^^^^^^^^^^^^^^^^^^
  File "C:\Users\majid\Desktop\stock\venv\Lib\site-packages\django\template\base.py", line 163, in _render
    return self.nodelist.render(context)
           ^^^^^^^^^^^^^^^^^^^^^^^^^^^^^
  File "C:\Users\majid\Desktop\stock\venv\Lib\site-packages\django\template\base.py", line 1000, in render
    return SafeString("".join([node.render_annotated(context) for node in self]))
                              ^^^^^^^^^^^^^^^^^^^^^^^^^^^^^^^^^^^^^^^^^^^^^^^^^
  File "C:\Users\majid\Desktop\stock\venv\Lib\site-packages\django\template\base.py", line 1000, in <listcomp>
    return SafeString("".join([node.render_annotated(context) for node in self]))
                               ^^^^^^^^^^^^^^^^^^^^^^^^^^^^^^
  File "C:\Users\majid\Desktop\stock\venv\Lib\site-packages\django\template\base.py", line 961, in render_annotated
    return self.render(context)
           ^^^^^^^^^^^^^^^^^^^^
  File "C:\Users\majid\Desktop\stock\venv\Lib\site-packages\django\template\loader_tags.py", line 199, in render
    template = context.template.engine.select_template(template_name)
               ^^^^^^^^^^^^^^^^^^^^^^^^^^^^^^^^^^^^^^^^^^^^^^^^^^^^^^
  File "C:\Users\majid\Desktop\stock\venv\Lib\site-packages\django\template\engine.py", line 206, in select_template
    return self.get_template(template_name)
           ^^^^^^^^^^^^^^^^^^^^^^^^^^^^^^^^
  File "C:\Users\majid\Desktop\stock\venv\Lib\site-packages\django\template\engine.py", line 175, in get_template
    template, origin = self.find_template(template_name)
                       ^^^^^^^^^^^^^^^^^^^^^^^^^^^^^^^^^
  File "C:\Users\majid\Desktop\stock\venv\Lib\site-packages\django\template\engine.py", line 157, in find_template
    template = loader.get_template(name, skip=skip)
               ^^^^^^^^^^^^^^^^^^^^^^^^^^^^^^^^^^^^
  File "C:\Users\majid\Desktop\stock\venv\Lib\site-packages\django\template\loaders\cached.py", line 57, in get_template
    template = super().get_template(template_name, skip)
               ^^^^^^^^^^^^^^^^^^^^^^^^^^^^^^^^^^^^^^^^^
  File "C:\Users\majid\Desktop\stock\venv\Lib\site-packages\django\template\loaders\base.py", line 28, in get_template
    return Template(
           ^^^^^^^^^
  File "C:\Users\majid\Desktop\stock\venv\Lib\site-packages\django\template\base.py", line 154, in __init__
    self.nodelist = self.compile_nodelist()
                    ^^^^^^^^^^^^^^^^^^^^^^^
  File "C:\Users\majid\Desktop\stock\venv\Lib\site-packages\django\template\base.py", line 196, in compile_nodelist
    return parser.parse()
           ^^^^^^^^^^^^^^
  File "C:\Users\majid\Desktop\stock\venv\Lib\site-packages\django\template\base.py", line 510, in parse
    raise self.error(token, e)
  File "C:\Users\majid\Desktop\stock\venv\Lib\site-packages\django\template\base.py", line 508, in parse
    compiled_result = compile_func(self, token)
                      ^^^^^^^^^^^^^^^^^^^^^^^^^
  File "C:\Users\majid\Desktop\stock\venv\Lib\site-packages\django\template\loader_tags.py", line 234, in do_block
    nodelist = parser.parse(("endblock",))
               ^^^^^^^^^^^^^^^^^^^^^^^^^^^
  File "C:\Users\majid\Desktop\stock\venv\Lib\site-packages\django\template\base.py", line 515, in parse
    self.unclosed_block_tag(parse_until)
  File "C:\Users\majid\Desktop\stock\venv\Lib\site-packages\django\template\base.py", line 578, in unclosed_block_tag
    raise self.error(token, msg)
django.template.exceptions.TemplateSyntaxError: Unclosed tag on line 28: 'block'. Looking for one of: endblock.
2024-01-17 18:07:10,609 [ERROR] django.request: Internal Server Error: /create-router/
Traceback (most recent call last):
  File "C:\Users\majid\Desktop\stock\venv\Lib\site-packages\django\core\handlers\exception.py", line 55, in inner
    response = get_response(request)
               ^^^^^^^^^^^^^^^^^^^^^
  File "C:\Users\majid\Desktop\stock\venv\Lib\site-packages\django\core\handlers\base.py", line 197, in _get_response
    response = wrapped_callback(request, *callback_args, **callback_kwargs)
               ^^^^^^^^^^^^^^^^^^^^^^^^^^^^^^^^^^^^^^^^^^^^^^^^^^^^^^^^^^^^
  File "C:\Users\majid\Desktop\stock\venv\Lib\site-packages\django\contrib\auth\decorators.py", line 23, in _wrapper_view
    return view_func(request, *args, **kwargs)
           ^^^^^^^^^^^^^^^^^^^^^^^^^^^^^^^^^^^
  File "C:\Users\majid\Desktop\stock\venv\Lib\site-packages\django\views\generic\base.py", line 104, in view
    return self.dispatch(request, *args, **kwargs)
           ^^^^^^^^^^^^^^^^^^^^^^^^^^^^^^^^^^^^^^^
  File "C:\Users\majid\Desktop\stock\venv\Lib\site-packages\django\views\generic\base.py", line 143, in dispatch
    return handler(request, *args, **kwargs)
           ^^^^^^^^^^^^^^^^^^^^^^^^^^^^^^^^^
  File "C:\Users\majid\Desktop\stock\main\views.py", line 358, in get
    return render(req,'main/router/create-router.html',context=context)
           ^^^^^^^^^^^^^^^^^^^^^^^^^^^^^^^^^^^^^^^^^^^^^^^^^^^^^^^^^^^^
  File "C:\Users\majid\Desktop\stock\venv\Lib\site-packages\django\shortcuts.py", line 24, in render
    content = loader.render_to_string(template_name, context, request, using=using)
              ^^^^^^^^^^^^^^^^^^^^^^^^^^^^^^^^^^^^^^^^^^^^^^^^^^^^^^^^^^^^^^^^^^^^^
  File "C:\Users\majid\Desktop\stock\venv\Lib\site-packages\django\template\loader.py", line 62, in render_to_string
    return template.render(context, request)
           ^^^^^^^^^^^^^^^^^^^^^^^^^^^^^^^^^
  File "C:\Users\majid\Desktop\stock\venv\Lib\site-packages\django\template\backends\django.py", line 61, in render
    return self.template.render(context)
           ^^^^^^^^^^^^^^^^^^^^^^^^^^^^^
  File "C:\Users\majid\Desktop\stock\venv\Lib\site-packages\django\template\base.py", line 171, in render
    return self._render(context)
           ^^^^^^^^^^^^^^^^^^^^^
  File "C:\Users\majid\Desktop\stock\venv\Lib\site-packages\django\template\base.py", line 163, in _render
    return self.nodelist.render(context)
           ^^^^^^^^^^^^^^^^^^^^^^^^^^^^^
  File "C:\Users\majid\Desktop\stock\venv\Lib\site-packages\django\template\base.py", line 1000, in render
    return SafeString("".join([node.render_annotated(context) for node in self]))
                              ^^^^^^^^^^^^^^^^^^^^^^^^^^^^^^^^^^^^^^^^^^^^^^^^^
  File "C:\Users\majid\Desktop\stock\venv\Lib\site-packages\django\template\base.py", line 1000, in <listcomp>
    return SafeString("".join([node.render_annotated(context) for node in self]))
                               ^^^^^^^^^^^^^^^^^^^^^^^^^^^^^^
  File "C:\Users\majid\Desktop\stock\venv\Lib\site-packages\django\template\base.py", line 961, in render_annotated
    return self.render(context)
           ^^^^^^^^^^^^^^^^^^^^
  File "C:\Users\majid\Desktop\stock\venv\Lib\site-packages\django\template\loader_tags.py", line 199, in render
    template = context.template.engine.select_template(template_name)
               ^^^^^^^^^^^^^^^^^^^^^^^^^^^^^^^^^^^^^^^^^^^^^^^^^^^^^^
  File "C:\Users\majid\Desktop\stock\venv\Lib\site-packages\django\template\engine.py", line 206, in select_template
    return self.get_template(template_name)
           ^^^^^^^^^^^^^^^^^^^^^^^^^^^^^^^^
  File "C:\Users\majid\Desktop\stock\venv\Lib\site-packages\django\template\engine.py", line 175, in get_template
    template, origin = self.find_template(template_name)
                       ^^^^^^^^^^^^^^^^^^^^^^^^^^^^^^^^^
  File "C:\Users\majid\Desktop\stock\venv\Lib\site-packages\django\template\engine.py", line 157, in find_template
    template = loader.get_template(name, skip=skip)
               ^^^^^^^^^^^^^^^^^^^^^^^^^^^^^^^^^^^^
  File "C:\Users\majid\Desktop\stock\venv\Lib\site-packages\django\template\loaders\cached.py", line 57, in get_template
    template = super().get_template(template_name, skip)
               ^^^^^^^^^^^^^^^^^^^^^^^^^^^^^^^^^^^^^^^^^
  File "C:\Users\majid\Desktop\stock\venv\Lib\site-packages\django\template\loaders\base.py", line 28, in get_template
    return Template(
           ^^^^^^^^^
  File "C:\Users\majid\Desktop\stock\venv\Lib\site-packages\django\template\base.py", line 154, in __init__
    self.nodelist = self.compile_nodelist()
                    ^^^^^^^^^^^^^^^^^^^^^^^
  File "C:\Users\majid\Desktop\stock\venv\Lib\site-packages\django\template\base.py", line 196, in compile_nodelist
    return parser.parse()
           ^^^^^^^^^^^^^^
  File "C:\Users\majid\Desktop\stock\venv\Lib\site-packages\django\template\base.py", line 510, in parse
    raise self.error(token, e)
  File "C:\Users\majid\Desktop\stock\venv\Lib\site-packages\django\template\base.py", line 508, in parse
    compiled_result = compile_func(self, token)
                      ^^^^^^^^^^^^^^^^^^^^^^^^^
  File "C:\Users\majid\Desktop\stock\venv\Lib\site-packages\django\template\loader_tags.py", line 234, in do_block
    nodelist = parser.parse(("endblock",))
               ^^^^^^^^^^^^^^^^^^^^^^^^^^^
  File "C:\Users\majid\Desktop\stock\venv\Lib\site-packages\django\template\base.py", line 515, in parse
    self.unclosed_block_tag(parse_until)
  File "C:\Users\majid\Desktop\stock\venv\Lib\site-packages\django\template\base.py", line 578, in unclosed_block_tag
    raise self.error(token, msg)
django.template.exceptions.TemplateSyntaxError: Unclosed tag on line 28: 'block'. Looking for one of: endblock.
2024-01-17 18:09:35,261 [ERROR] django.request: Internal Server Error: /dashboard/
Traceback (most recent call last):
  File "C:\Users\majid\Desktop\stock\venv\Lib\site-packages\django\core\handlers\exception.py", line 55, in inner
    response = get_response(request)
               ^^^^^^^^^^^^^^^^^^^^^
  File "C:\Users\majid\Desktop\stock\venv\Lib\site-packages\django\core\handlers\base.py", line 197, in _get_response
    response = wrapped_callback(request, *callback_args, **callback_kwargs)
               ^^^^^^^^^^^^^^^^^^^^^^^^^^^^^^^^^^^^^^^^^^^^^^^^^^^^^^^^^^^^
  File "C:\Users\majid\Desktop\stock\venv\Lib\site-packages\django\views\generic\base.py", line 104, in view
    return self.dispatch(request, *args, **kwargs)
           ^^^^^^^^^^^^^^^^^^^^^^^^^^^^^^^^^^^^^^^
  File "C:\Users\majid\Desktop\stock\venv\Lib\site-packages\django\views\generic\base.py", line 143, in dispatch
    return handler(request, *args, **kwargs)
           ^^^^^^^^^^^^^^^^^^^^^^^^^^^^^^^^^
  File "C:\Users\majid\Desktop\stock\main\views.py", line 297, in get
    return render(req,'main/dashboard/index.html',context=context)
           ^^^^^^^^^^^^^^^^^^^^^^^^^^^^^^^^^^^^^^^^^^^^^^^^^^^^^^^
  File "C:\Users\majid\Desktop\stock\venv\Lib\site-packages\django\shortcuts.py", line 24, in render
    content = loader.render_to_string(template_name, context, request, using=using)
              ^^^^^^^^^^^^^^^^^^^^^^^^^^^^^^^^^^^^^^^^^^^^^^^^^^^^^^^^^^^^^^^^^^^^^
  File "C:\Users\majid\Desktop\stock\venv\Lib\site-packages\django\template\loader.py", line 62, in render_to_string
    return template.render(context, request)
           ^^^^^^^^^^^^^^^^^^^^^^^^^^^^^^^^^
  File "C:\Users\majid\Desktop\stock\venv\Lib\site-packages\django\template\backends\django.py", line 61, in render
    return self.template.render(context)
           ^^^^^^^^^^^^^^^^^^^^^^^^^^^^^
  File "C:\Users\majid\Desktop\stock\venv\Lib\site-packages\django\template\base.py", line 171, in render
    return self._render(context)
           ^^^^^^^^^^^^^^^^^^^^^
  File "C:\Users\majid\Desktop\stock\venv\Lib\site-packages\django\template\base.py", line 163, in _render
    return self.nodelist.render(context)
           ^^^^^^^^^^^^^^^^^^^^^^^^^^^^^
  File "C:\Users\majid\Desktop\stock\venv\Lib\site-packages\django\template\base.py", line 1000, in render
    return SafeString("".join([node.render_annotated(context) for node in self]))
                              ^^^^^^^^^^^^^^^^^^^^^^^^^^^^^^^^^^^^^^^^^^^^^^^^^
  File "C:\Users\majid\Desktop\stock\venv\Lib\site-packages\django\template\base.py", line 1000, in <listcomp>
    return SafeString("".join([node.render_annotated(context) for node in self]))
                               ^^^^^^^^^^^^^^^^^^^^^^^^^^^^^^
  File "C:\Users\majid\Desktop\stock\venv\Lib\site-packages\django\template\base.py", line 961, in render_annotated
    return self.render(context)
           ^^^^^^^^^^^^^^^^^^^^
  File "C:\Users\majid\Desktop\stock\venv\Lib\site-packages\django\template\loader_tags.py", line 134, in render
    compiled_parent = self.get_parent(context)
                      ^^^^^^^^^^^^^^^^^^^^^^^^
  File "C:\Users\majid\Desktop\stock\venv\Lib\site-packages\django\template\loader_tags.py", line 131, in get_parent
    return self.find_template(parent, context)
           ^^^^^^^^^^^^^^^^^^^^^^^^^^^^^^^^^^^
  File "C:\Users\majid\Desktop\stock\venv\Lib\site-packages\django\template\loader_tags.py", line 109, in find_template
    template, origin = context.template.engine.find_template(
                       ^^^^^^^^^^^^^^^^^^^^^^^^^^^^^^^^^^^^^^
  File "C:\Users\majid\Desktop\stock\venv\Lib\site-packages\django\template\engine.py", line 157, in find_template
    template = loader.get_template(name, skip=skip)
               ^^^^^^^^^^^^^^^^^^^^^^^^^^^^^^^^^^^^
  File "C:\Users\majid\Desktop\stock\venv\Lib\site-packages\django\template\loaders\cached.py", line 57, in get_template
    template = super().get_template(template_name, skip)
               ^^^^^^^^^^^^^^^^^^^^^^^^^^^^^^^^^^^^^^^^^
  File "C:\Users\majid\Desktop\stock\venv\Lib\site-packages\django\template\loaders\base.py", line 28, in get_template
    return Template(
           ^^^^^^^^^
  File "C:\Users\majid\Desktop\stock\venv\Lib\site-packages\django\template\base.py", line 154, in __init__
    self.nodelist = self.compile_nodelist()
                    ^^^^^^^^^^^^^^^^^^^^^^^
  File "C:\Users\majid\Desktop\stock\venv\Lib\site-packages\django\template\base.py", line 196, in compile_nodelist
    return parser.parse()
           ^^^^^^^^^^^^^^
  File "C:\Users\majid\Desktop\stock\venv\Lib\site-packages\django\template\base.py", line 510, in parse
    raise self.error(token, e)
  File "C:\Users\majid\Desktop\stock\venv\Lib\site-packages\django\template\base.py", line 508, in parse
    compiled_result = compile_func(self, token)
                      ^^^^^^^^^^^^^^^^^^^^^^^^^
  File "C:\Users\majid\Desktop\stock\venv\Lib\site-packages\django\template\loader_tags.py", line 234, in do_block
    nodelist = parser.parse(("endblock",))
               ^^^^^^^^^^^^^^^^^^^^^^^^^^^
  File "C:\Users\majid\Desktop\stock\venv\Lib\site-packages\django\template\base.py", line 515, in parse
    self.unclosed_block_tag(parse_until)
  File "C:\Users\majid\Desktop\stock\venv\Lib\site-packages\django\template\base.py", line 578, in unclosed_block_tag
    raise self.error(token, msg)
django.template.exceptions.TemplateSyntaxError: Unclosed tag on line 27: 'block'. Looking for one of: endblock.
2024-01-17 18:09:55,476 [WARNING] django.request: Not Found: /favicon.ico
2024-01-17 18:10:08,040 [WARNING] django.request: Not Found: /favicon.ico
2024-01-17 18:11:52,956 [ERROR] django.request: Internal Server Error: /create-router/
Traceback (most recent call last):
  File "C:\Users\majid\Desktop\stock\venv\Lib\site-packages\django\core\handlers\exception.py", line 55, in inner
    response = get_response(request)
               ^^^^^^^^^^^^^^^^^^^^^
  File "C:\Users\majid\Desktop\stock\venv\Lib\site-packages\django\core\handlers\base.py", line 197, in _get_response
    response = wrapped_callback(request, *callback_args, **callback_kwargs)
               ^^^^^^^^^^^^^^^^^^^^^^^^^^^^^^^^^^^^^^^^^^^^^^^^^^^^^^^^^^^^
  File "C:\Users\majid\Desktop\stock\venv\Lib\site-packages\django\contrib\auth\decorators.py", line 23, in _wrapper_view
    return view_func(request, *args, **kwargs)
           ^^^^^^^^^^^^^^^^^^^^^^^^^^^^^^^^^^^
  File "C:\Users\majid\Desktop\stock\venv\Lib\site-packages\django\views\generic\base.py", line 104, in view
    return self.dispatch(request, *args, **kwargs)
           ^^^^^^^^^^^^^^^^^^^^^^^^^^^^^^^^^^^^^^^
  File "C:\Users\majid\Desktop\stock\venv\Lib\site-packages\django\views\generic\base.py", line 143, in dispatch
    return handler(request, *args, **kwargs)
           ^^^^^^^^^^^^^^^^^^^^^^^^^^^^^^^^^
  File "C:\Users\majid\Desktop\stock\main\views.py", line 358, in get
    return render(req,'main/router/create-router.html',context=context)
           ^^^^^^^^^^^^^^^^^^^^^^^^^^^^^^^^^^^^^^^^^^^^^^^^^^^^^^^^^^^^
  File "C:\Users\majid\Desktop\stock\venv\Lib\site-packages\django\shortcuts.py", line 24, in render
    content = loader.render_to_string(template_name, context, request, using=using)
              ^^^^^^^^^^^^^^^^^^^^^^^^^^^^^^^^^^^^^^^^^^^^^^^^^^^^^^^^^^^^^^^^^^^^^
  File "C:\Users\majid\Desktop\stock\venv\Lib\site-packages\django\template\loader.py", line 62, in render_to_string
    return template.render(context, request)
           ^^^^^^^^^^^^^^^^^^^^^^^^^^^^^^^^^
  File "C:\Users\majid\Desktop\stock\venv\Lib\site-packages\django\template\backends\django.py", line 61, in render
    return self.template.render(context)
           ^^^^^^^^^^^^^^^^^^^^^^^^^^^^^
  File "C:\Users\majid\Desktop\stock\venv\Lib\site-packages\django\template\base.py", line 171, in render
    return self._render(context)
           ^^^^^^^^^^^^^^^^^^^^^
  File "C:\Users\majid\Desktop\stock\venv\Lib\site-packages\django\template\base.py", line 163, in _render
    return self.nodelist.render(context)
           ^^^^^^^^^^^^^^^^^^^^^^^^^^^^^
  File "C:\Users\majid\Desktop\stock\venv\Lib\site-packages\django\template\base.py", line 1000, in render
    return SafeString("".join([node.render_annotated(context) for node in self]))
                              ^^^^^^^^^^^^^^^^^^^^^^^^^^^^^^^^^^^^^^^^^^^^^^^^^
  File "C:\Users\majid\Desktop\stock\venv\Lib\site-packages\django\template\base.py", line 1000, in <listcomp>
    return SafeString("".join([node.render_annotated(context) for node in self]))
                               ^^^^^^^^^^^^^^^^^^^^^^^^^^^^^^
  File "C:\Users\majid\Desktop\stock\venv\Lib\site-packages\django\template\base.py", line 961, in render_annotated
    return self.render(context)
           ^^^^^^^^^^^^^^^^^^^^
  File "C:\Users\majid\Desktop\stock\venv\Lib\site-packages\django\template\loader_tags.py", line 199, in render
    template = context.template.engine.select_template(template_name)
               ^^^^^^^^^^^^^^^^^^^^^^^^^^^^^^^^^^^^^^^^^^^^^^^^^^^^^^
  File "C:\Users\majid\Desktop\stock\venv\Lib\site-packages\django\template\engine.py", line 206, in select_template
    return self.get_template(template_name)
           ^^^^^^^^^^^^^^^^^^^^^^^^^^^^^^^^
  File "C:\Users\majid\Desktop\stock\venv\Lib\site-packages\django\template\engine.py", line 175, in get_template
    template, origin = self.find_template(template_name)
                       ^^^^^^^^^^^^^^^^^^^^^^^^^^^^^^^^^
  File "C:\Users\majid\Desktop\stock\venv\Lib\site-packages\django\template\engine.py", line 157, in find_template
    template = loader.get_template(name, skip=skip)
               ^^^^^^^^^^^^^^^^^^^^^^^^^^^^^^^^^^^^
  File "C:\Users\majid\Desktop\stock\venv\Lib\site-packages\django\template\loaders\cached.py", line 57, in get_template
    template = super().get_template(template_name, skip)
               ^^^^^^^^^^^^^^^^^^^^^^^^^^^^^^^^^^^^^^^^^
  File "C:\Users\majid\Desktop\stock\venv\Lib\site-packages\django\template\loaders\base.py", line 28, in get_template
    return Template(
           ^^^^^^^^^
  File "C:\Users\majid\Desktop\stock\venv\Lib\site-packages\django\template\base.py", line 154, in __init__
    self.nodelist = self.compile_nodelist()
                    ^^^^^^^^^^^^^^^^^^^^^^^
  File "C:\Users\majid\Desktop\stock\venv\Lib\site-packages\django\template\base.py", line 196, in compile_nodelist
    return parser.parse()
           ^^^^^^^^^^^^^^
  File "C:\Users\majid\Desktop\stock\venv\Lib\site-packages\django\template\base.py", line 510, in parse
    raise self.error(token, e)
  File "C:\Users\majid\Desktop\stock\venv\Lib\site-packages\django\template\base.py", line 508, in parse
    compiled_result = compile_func(self, token)
                      ^^^^^^^^^^^^^^^^^^^^^^^^^
  File "C:\Users\majid\Desktop\stock\venv\Lib\site-packages\django\template\loader_tags.py", line 234, in do_block
    nodelist = parser.parse(("endblock",))
               ^^^^^^^^^^^^^^^^^^^^^^^^^^^
  File "C:\Users\majid\Desktop\stock\venv\Lib\site-packages\django\template\base.py", line 515, in parse
    self.unclosed_block_tag(parse_until)
  File "C:\Users\majid\Desktop\stock\venv\Lib\site-packages\django\template\base.py", line 578, in unclosed_block_tag
    raise self.error(token, msg)
django.template.exceptions.TemplateSyntaxError: Unclosed tag on line 28: 'block'. Looking for one of: endblock.
2024-01-17 18:13:54,207 [WARNING] django.request: Not Found: /favicon.ico
2024-01-17 18:18:00,034 [INFO] django.utils.autoreload: C:\Users\majid\Desktop\stock\main\views.py changed, reloading.
2024-01-17 18:18:00,597 [INFO] django.utils.autoreload: Watching for file changes with StatReloader
2024-01-17 18:18:14,325 [INFO] django.utils.autoreload: C:\Users\majid\Desktop\stock\main\views.py changed, reloading.
2024-01-17 18:18:14,849 [INFO] django.utils.autoreload: Watching for file changes with StatReloader
2024-01-17 18:18:37,533 [INFO] django.utils.autoreload: C:\Users\majid\Desktop\stock\main\views.py changed, reloading.
2024-01-17 18:18:38,007 [INFO] django.utils.autoreload: Watching for file changes with StatReloader
2024-01-17 18:20:02,659 [INFO] django.utils.autoreload: C:\Users\majid\Desktop\stock\main\views.py changed, reloading.
2024-01-17 18:20:03,178 [INFO] django.utils.autoreload: Watching for file changes with StatReloader
2024-01-17 18:20:05,585 [INFO] django.utils.autoreload: C:\Users\majid\Desktop\stock\main\views.py changed, reloading.
2024-01-17 18:20:06,098 [INFO] django.utils.autoreload: Watching for file changes with StatReloader
2024-01-17 18:20:37,458 [INFO] django.utils.autoreload: C:\Users\majid\Desktop\stock\main\views.py changed, reloading.
2024-01-17 18:20:37,950 [INFO] django.utils.autoreload: Watching for file changes with StatReloader
2024-01-17 18:20:53,679 [INFO] django.utils.autoreload: C:\Users\majid\Desktop\stock\main\views.py changed, reloading.
2024-01-17 18:20:54,292 [INFO] django.utils.autoreload: Watching for file changes with StatReloader
2024-01-17 18:21:32,913 [INFO] django.utils.autoreload: C:\Users\majid\Desktop\stock\main\views.py changed, reloading.
2024-01-17 18:21:33,426 [INFO] django.utils.autoreload: Watching for file changes with StatReloader
2024-01-17 18:21:38,921 [INFO] django.utils.autoreload: C:\Users\majid\Desktop\stock\main\views.py changed, reloading.
2024-01-17 18:21:39,427 [INFO] django.utils.autoreload: Watching for file changes with StatReloader
2024-01-17 18:22:31,293 [INFO] django.utils.autoreload: C:\Users\majid\Desktop\stock\main\views.py changed, reloading.
2024-01-17 18:22:31,809 [INFO] django.utils.autoreload: Watching for file changes with StatReloader
2024-01-17 18:23:38,825 [INFO] django.utils.autoreload: C:\Users\majid\Desktop\stock\main\views.py changed, reloading.
2024-01-17 18:23:39,320 [INFO] django.utils.autoreload: Watching for file changes with StatReloader
2024-01-17 18:23:49,932 [INFO] django.utils.autoreload: C:\Users\majid\Desktop\stock\main\views.py changed, reloading.
2024-01-17 18:23:50,487 [INFO] django.utils.autoreload: Watching for file changes with StatReloader
2024-01-17 18:23:51,882 [INFO] django.utils.autoreload: C:\Users\majid\Desktop\stock\main\views.py changed, reloading.
2024-01-17 18:23:52,407 [INFO] django.utils.autoreload: Watching for file changes with StatReloader
2024-01-17 18:23:56,887 [INFO] django.utils.autoreload: C:\Users\majid\Desktop\stock\main\views.py changed, reloading.
2024-01-17 18:23:57,392 [INFO] django.utils.autoreload: Watching for file changes with StatReloader
2024-01-17 18:24:01,670 [INFO] django.utils.autoreload: C:\Users\majid\Desktop\stock\main\views.py changed, reloading.
2024-01-17 18:24:02,202 [INFO] django.utils.autoreload: Watching for file changes with StatReloader
2024-01-17 18:41:58,107 [INFO] django.utils.autoreload: C:\Users\majid\Desktop\stock\main\common.py changed, reloading.
2024-01-17 18:41:58,621 [INFO] django.utils.autoreload: Watching for file changes with StatReloader
2024-01-17 18:42:01,863 [INFO] django.utils.autoreload: C:\Users\majid\Desktop\stock\main\common.py changed, reloading.
2024-01-17 18:42:02,406 [INFO] django.utils.autoreload: Watching for file changes with StatReloader
2024-01-17 18:42:03,608 [INFO] django.utils.autoreload: C:\Users\majid\Desktop\stock\main\common.py changed, reloading.
2024-01-17 18:42:04,089 [INFO] django.utils.autoreload: Watching for file changes with StatReloader
2024-01-17 18:42:07,348 [INFO] django.utils.autoreload: C:\Users\majid\Desktop\stock\main\common.py changed, reloading.
2024-01-17 18:42:07,866 [INFO] django.utils.autoreload: Watching for file changes with StatReloader
2024-01-17 18:42:10,087 [INFO] django.utils.autoreload: C:\Users\majid\Desktop\stock\main\common.py changed, reloading.
2024-01-17 18:42:10,568 [INFO] django.utils.autoreload: Watching for file changes with StatReloader
2024-01-17 18:42:12,783 [INFO] django.utils.autoreload: C:\Users\majid\Desktop\stock\main\common.py changed, reloading.
2024-01-17 18:42:13,270 [INFO] django.utils.autoreload: Watching for file changes with StatReloader
2024-01-17 18:42:18,749 [INFO] django.utils.autoreload: C:\Users\majid\Desktop\stock\main\common.py changed, reloading.
2024-01-17 18:42:19,248 [INFO] django.utils.autoreload: Watching for file changes with StatReloader
2024-01-17 18:42:23,688 [INFO] django.utils.autoreload: C:\Users\majid\Desktop\stock\main\common.py changed, reloading.
2024-01-17 18:42:24,225 [INFO] django.utils.autoreload: Watching for file changes with StatReloader
2024-01-17 18:42:52,284 [INFO] django.utils.autoreload: C:\Users\majid\Desktop\stock\main\views.py changed, reloading.
2024-01-17 18:42:52,773 [INFO] django.utils.autoreload: Watching for file changes with StatReloader
2024-01-17 18:42:55,195 [INFO] django.utils.autoreload: C:\Users\majid\Desktop\stock\main\views.py changed, reloading.
2024-01-17 18:42:55,668 [INFO] django.utils.autoreload: Watching for file changes with StatReloader
2024-01-17 18:43:22,675 [INFO] django.utils.autoreload: C:\Users\majid\Desktop\stock\main\views.py changed, reloading.
2024-01-17 18:43:23,269 [INFO] django.utils.autoreload: Watching for file changes with StatReloader
2024-01-17 18:43:25,718 [INFO] django.utils.autoreload: C:\Users\majid\Desktop\stock\main\views.py changed, reloading.
2024-01-17 18:43:26,266 [INFO] django.utils.autoreload: Watching for file changes with StatReloader
2024-01-17 18:44:02,662 [INFO] django.utils.autoreload: C:\Users\majid\Desktop\stock\main\views.py changed, reloading.
2024-01-17 18:44:03,183 [INFO] django.utils.autoreload: Watching for file changes with StatReloader
2024-01-17 18:44:11,753 [INFO] django.utils.autoreload: C:\Users\majid\Desktop\stock\main\views.py changed, reloading.
2024-01-17 18:44:12,269 [INFO] django.utils.autoreload: Watching for file changes with StatReloader
2024-01-17 18:44:31,094 [INFO] django.utils.autoreload: C:\Users\majid\Desktop\stock\main\views.py changed, reloading.
2024-01-17 18:44:31,604 [INFO] django.utils.autoreload: Watching for file changes with StatReloader
2024-01-17 18:44:39,140 [INFO] django.utils.autoreload: C:\Users\majid\Desktop\stock\main\views.py changed, reloading.
2024-01-17 18:44:39,654 [INFO] django.utils.autoreload: Watching for file changes with StatReloader
2024-01-17 18:45:19,093 [INFO] main.views: majid3 deleted router with sn: ezadsq-e1zdsq-eazds-dsq1ez - emei : ezdsq-1dsq-eza1
2024-01-17 18:50:45,898 [WARNING] django.request: Not Found: /favicon.ico
2024-01-17 18:50:52,355 [WARNING] django.request: Not Found: /favicon.ico
2024-01-17 18:51:35,536 [INFO] django.utils.autoreload: C:\Users\majid\Desktop\stock\main\views.py changed, reloading.
2024-01-17 18:51:36,101 [INFO] django.utils.autoreload: Watching for file changes with StatReloader
2024-01-17 18:51:37,324 [INFO] django.utils.autoreload: C:\Users\majid\Desktop\stock\main\views.py changed, reloading.
2024-01-17 18:51:37,829 [INFO] django.utils.autoreload: Watching for file changes with StatReloader
2024-01-17 18:51:41,083 [INFO] django.utils.autoreload: C:\Users\majid\Desktop\stock\main\views.py changed, reloading.
2024-01-17 18:51:41,590 [INFO] django.utils.autoreload: Watching for file changes with StatReloader
2024-01-17 18:51:59,167 [INFO] django.utils.autoreload: C:\Users\majid\Desktop\stock\main\views.py changed, reloading.
2024-01-17 18:51:59,666 [INFO] django.utils.autoreload: Watching for file changes with StatReloader
2024-01-17 18:52:08,211 [INFO] django.utils.autoreload: C:\Users\majid\Desktop\stock\main\views.py changed, reloading.
2024-01-17 18:52:08,735 [INFO] django.utils.autoreload: Watching for file changes with StatReloader
2024-01-17 18:52:12,016 [INFO] django.utils.autoreload: C:\Users\majid\Desktop\stock\main\views.py changed, reloading.
2024-01-17 18:52:12,489 [INFO] django.utils.autoreload: Watching for file changes with StatReloader
2024-01-17 18:52:15,914 [INFO] django.utils.autoreload: C:\Users\majid\Desktop\stock\main\views.py changed, reloading.
2024-01-17 18:52:16,411 [INFO] django.utils.autoreload: Watching for file changes with StatReloader
2024-01-17 18:52:19,664 [INFO] django.utils.autoreload: C:\Users\majid\Desktop\stock\main\views.py changed, reloading.
2024-01-17 18:52:20,196 [INFO] django.utils.autoreload: Watching for file changes with StatReloader
2024-01-17 18:52:22,418 [INFO] django.utils.autoreload: C:\Users\majid\Desktop\stock\main\views.py changed, reloading.
2024-01-17 18:52:22,904 [INFO] django.utils.autoreload: Watching for file changes with StatReloader
2024-01-17 18:52:25,300 [INFO] django.utils.autoreload: C:\Users\majid\Desktop\stock\main\views.py changed, reloading.
2024-01-17 18:52:25,777 [INFO] django.utils.autoreload: Watching for file changes with StatReloader
2024-01-17 18:52:30,242 [INFO] django.utils.autoreload: C:\Users\majid\Desktop\stock\main\views.py changed, reloading.
2024-01-17 18:52:30,712 [INFO] django.utils.autoreload: Watching for file changes with StatReloader
2024-01-17 18:52:36,179 [INFO] django.utils.autoreload: C:\Users\majid\Desktop\stock\main\views.py changed, reloading.
2024-01-17 18:52:36,764 [INFO] django.utils.autoreload: Watching for file changes with StatReloader
2024-01-17 18:52:43,279 [INFO] django.utils.autoreload: C:\Users\majid\Desktop\stock\main\views.py changed, reloading.
2024-01-17 18:52:43,804 [INFO] django.utils.autoreload: Watching for file changes with StatReloader
2024-01-17 18:52:46,248 [INFO] django.utils.autoreload: C:\Users\majid\Desktop\stock\main\views.py changed, reloading.
2024-01-17 18:52:46,728 [INFO] django.utils.autoreload: Watching for file changes with StatReloader
2024-01-17 18:53:00,406 [INFO] django.utils.autoreload: C:\Users\majid\Desktop\stock\main\views.py changed, reloading.
2024-01-17 18:53:00,952 [INFO] django.utils.autoreload: Watching for file changes with StatReloader
2024-01-17 18:53:05,228 [INFO] django.utils.autoreload: C:\Users\majid\Desktop\stock\main\views.py changed, reloading.
2024-01-17 18:53:05,795 [INFO] django.utils.autoreload: Watching for file changes with StatReloader
2024-01-17 18:53:13,356 [INFO] django.utils.autoreload: C:\Users\majid\Desktop\stock\main\views.py changed, reloading.
2024-01-17 18:53:13,832 [INFO] django.utils.autoreload: Watching for file changes with StatReloader
2024-01-17 18:53:16,079 [INFO] django.utils.autoreload: C:\Users\majid\Desktop\stock\main\views.py changed, reloading.
2024-01-17 18:53:16,657 [INFO] django.utils.autoreload: Watching for file changes with StatReloader
2024-01-17 18:53:20,083 [INFO] django.utils.autoreload: C:\Users\majid\Desktop\stock\main\views.py changed, reloading.
2024-01-17 18:53:20,577 [INFO] django.utils.autoreload: Watching for file changes with StatReloader
2024-01-17 18:53:23,826 [INFO] django.utils.autoreload: C:\Users\majid\Desktop\stock\main\views.py changed, reloading.
2024-01-17 18:53:24,299 [INFO] django.utils.autoreload: Watching for file changes with StatReloader
2024-01-17 18:53:27,726 [INFO] django.utils.autoreload: C:\Users\majid\Desktop\stock\main\views.py changed, reloading.
2024-01-17 18:53:28,268 [INFO] django.utils.autoreload: Watching for file changes with StatReloader
2024-01-17 18:53:31,706 [INFO] django.utils.autoreload: C:\Users\majid\Desktop\stock\main\views.py changed, reloading.
2024-01-17 18:53:32,205 [INFO] django.utils.autoreload: Watching for file changes with StatReloader
2024-01-17 18:54:43,401 [WARNING] django.request: Not Found: /favicon.ico
2024-01-17 18:55:01,927 [INFO] django.utils.autoreload: C:\Users\majid\Desktop\stock\main\views.py changed, reloading.
2024-01-17 18:55:02,458 [INFO] django.utils.autoreload: Watching for file changes with StatReloader
2024-01-17 18:55:35,825 [INFO] django.utils.autoreload: C:\Users\majid\Desktop\stock\main\views.py changed, reloading.
2024-01-17 18:55:36,339 [INFO] django.utils.autoreload: Watching for file changes with StatReloader
2024-01-17 18:55:45,556 [WARNING] django.request: Not Found: /favicon.ico
2024-01-17 18:59:04,511 [WARNING] django.request: Not Found: /favicon.ico
2024-01-17 18:59:38,443 [WARNING] django.request: Not Found: /favicon.ico
2024-01-17 19:06:18,099 [WARNING] django.request: Not Found: /favicon.ico
2024-01-17 19:06:32,113 [WARNING] django.request: Not Found: /favicon.ico
2024-01-17 19:08:14,542 [WARNING] django.request: Not Found: /favicon.ico
2024-01-17 19:08:25,637 [WARNING] django.request: Not Found: /favicon.ico
2024-01-17 19:08:43,663 [WARNING] django.request: Not Found: /favicon.ico
2024-01-17 19:09:02,273 [WARNING] django.request: Not Found: /favicon.ico
2024-01-17 19:12:36,162 [INFO] django.utils.autoreload: Watching for file changes with StatReloader
2024-01-17 19:12:54,464 [INFO] main.views: root deleted router with sn: dsq41-cx1-eza - emei : e15sqeza-dsqeza
