2024-01-26 22:36:39,443 [INFO] django.utils.autoreload: Watching for file changes with StatReloader
2024-01-26 22:36:50,397 [WARNING] django.request: Not Found: /favicon.ico
2024-01-26 22:38:35,782 [WARNING] django.request: Not Found: /favicon.ico
2024-01-26 22:38:49,564 [ERROR] django.request: Internal Server Error: /actions/
2024-01-26 22:40:36,138 [INFO] django.utils.autoreload: C:\Users\majid\Desktop\stock\main\views.py changed, reloading.
2024-01-26 22:40:36,701 [INFO] django.utils.autoreload: Watching for file changes with StatReloader
2024-01-26 22:40:38,061 [INFO] django.utils.autoreload: C:\Users\majid\Desktop\stock\main\views.py changed, reloading.
2024-01-26 22:40:38,606 [INFO] django.utils.autoreload: Watching for file changes with StatReloader
2024-01-26 22:40:42,883 [INFO] django.utils.autoreload: C:\Users\majid\Desktop\stock\main\views.py changed, reloading.
2024-01-26 22:40:43,382 [INFO] django.utils.autoreload: Watching for file changes with StatReloader
2024-01-26 22:41:22,840 [INFO] django.utils.autoreload: C:\Users\majid\Desktop\stock\main\views.py changed, reloading.
2024-01-26 22:41:23,367 [INFO] django.utils.autoreload: Watching for file changes with StatReloader
2024-01-26 22:41:25,773 [INFO] django.utils.autoreload: C:\Users\majid\Desktop\stock\main\views.py changed, reloading.
2024-01-26 22:41:26,328 [INFO] django.utils.autoreload: Watching for file changes with StatReloader
2024-01-26 22:41:28,761 [INFO] django.utils.autoreload: C:\Users\majid\Desktop\stock\main\views.py changed, reloading.
2024-01-26 22:41:29,262 [INFO] django.utils.autoreload: Watching for file changes with StatReloader
2024-01-26 22:41:43,969 [INFO] django.utils.autoreload: C:\Users\majid\Desktop\stock\main\views.py changed, reloading.
2024-01-26 22:41:44,567 [INFO] django.utils.autoreload: Watching for file changes with StatReloader
2024-01-26 22:41:48,032 [INFO] django.utils.autoreload: C:\Users\majid\Desktop\stock\main\views.py changed, reloading.
2024-01-26 22:41:48,531 [INFO] django.utils.autoreload: Watching for file changes with StatReloader
2024-01-26 22:49:02,297 [INFO] django.utils.autoreload: C:\Users\majid\Desktop\stock\main\templatetags\role_tags.py changed, reloading.
2024-01-26 22:49:02,865 [INFO] django.utils.autoreload: Watching for file changes with StatReloader
2024-01-26 22:49:04,231 [INFO] django.utils.autoreload: C:\Users\majid\Desktop\stock\main\templatetags\role_tags.py changed, reloading.
2024-01-26 22:49:04,747 [INFO] django.utils.autoreload: Watching for file changes with StatReloader
2024-01-26 22:49:14,343 [INFO] django.utils.autoreload: C:\Users\majid\Desktop\stock\main\templatetags\role_tags.py changed, reloading.
2024-01-26 22:49:14,879 [INFO] django.utils.autoreload: Watching for file changes with StatReloader
2024-01-26 22:50:41,652 [INFO] django.utils.autoreload: Watching for file changes with StatReloader
2024-01-26 22:50:42,455 [ERROR] django.request: Internal Server Error: /dashboard/
Traceback (most recent call last):
  File "C:\Users\majid\Desktop\stock\venv\Lib\site-packages\django\core\handlers\exception.py", line 55, in inner
    response = get_response(request)
               ^^^^^^^^^^^^^^^^^^^^^
  File "C:\Users\majid\Desktop\stock\venv\Lib\site-packages\django\core\handlers\base.py", line 197, in _get_response
    response = wrapped_callback(request, *callback_args, **callback_kwargs)
               ^^^^^^^^^^^^^^^^^^^^^^^^^^^^^^^^^^^^^^^^^^^^^^^^^^^^^^^^^^^^
  File "C:\Users\majid\Desktop\stock\venv\Lib\site-packages\django\views\generic\base.py", line 104, in view
    return self.dispatch(request, *args, **kwargs)
           ^^^^^^^^^^^^^^^^^^^^^^^^^^^^^^^^^^^^^^^
  File "C:\Users\majid\Desktop\stock\venv\Lib\site-packages\django\views\generic\base.py", line 143, in dispatch
    return handler(request, *args, **kwargs)
           ^^^^^^^^^^^^^^^^^^^^^^^^^^^^^^^^^
  File "C:\Users\majid\Desktop\stock\main\views.py", line 298, in get
    return render(req,'main/dashboard/index.html',context=context)
           ^^^^^^^^^^^^^^^^^^^^^^^^^^^^^^^^^^^^^^^^^^^^^^^^^^^^^^^
  File "C:\Users\majid\Desktop\stock\venv\Lib\site-packages\django\shortcuts.py", line 24, in render
    content = loader.render_to_string(template_name, context, request, using=using)
              ^^^^^^^^^^^^^^^^^^^^^^^^^^^^^^^^^^^^^^^^^^^^^^^^^^^^^^^^^^^^^^^^^^^^^
  File "C:\Users\majid\Desktop\stock\venv\Lib\site-packages\django\template\loader.py", line 62, in render_to_string
    return template.render(context, request)
           ^^^^^^^^^^^^^^^^^^^^^^^^^^^^^^^^^
  File "C:\Users\majid\Desktop\stock\venv\Lib\site-packages\django\template\backends\django.py", line 61, in render
    return self.template.render(context)
           ^^^^^^^^^^^^^^^^^^^^^^^^^^^^^
  File "C:\Users\majid\Desktop\stock\venv\Lib\site-packages\django\template\base.py", line 171, in render
    return self._render(context)
           ^^^^^^^^^^^^^^^^^^^^^
  File "C:\Users\majid\Desktop\stock\venv\Lib\site-packages\django\template\base.py", line 163, in _render
    return self.nodelist.render(context)
           ^^^^^^^^^^^^^^^^^^^^^^^^^^^^^
  File "C:\Users\majid\Desktop\stock\venv\Lib\site-packages\django\template\base.py", line 1000, in render
    return SafeString("".join([node.render_annotated(context) for node in self]))
                              ^^^^^^^^^^^^^^^^^^^^^^^^^^^^^^^^^^^^^^^^^^^^^^^^^
  File "C:\Users\majid\Desktop\stock\venv\Lib\site-packages\django\template\base.py", line 1000, in <listcomp>
    return SafeString("".join([node.render_annotated(context) for node in self]))
                               ^^^^^^^^^^^^^^^^^^^^^^^^^^^^^^
  File "C:\Users\majid\Desktop\stock\venv\Lib\site-packages\django\template\base.py", line 961, in render_annotated
    return self.render(context)
           ^^^^^^^^^^^^^^^^^^^^
  File "C:\Users\majid\Desktop\stock\venv\Lib\site-packages\django\template\loader_tags.py", line 159, in render
    return compiled_parent._render(context)
           ^^^^^^^^^^^^^^^^^^^^^^^^^^^^^^^^
  File "C:\Users\majid\Desktop\stock\venv\Lib\site-packages\django\template\base.py", line 163, in _render
    return self.nodelist.render(context)
           ^^^^^^^^^^^^^^^^^^^^^^^^^^^^^
  File "C:\Users\majid\Desktop\stock\venv\Lib\site-packages\django\template\base.py", line 1000, in render
    return SafeString("".join([node.render_annotated(context) for node in self]))
                              ^^^^^^^^^^^^^^^^^^^^^^^^^^^^^^^^^^^^^^^^^^^^^^^^^
  File "C:\Users\majid\Desktop\stock\venv\Lib\site-packages\django\template\base.py", line 1000, in <listcomp>
    return SafeString("".join([node.render_annotated(context) for node in self]))
                               ^^^^^^^^^^^^^^^^^^^^^^^^^^^^^^
  File "C:\Users\majid\Desktop\stock\venv\Lib\site-packages\django\template\base.py", line 961, in render_annotated
    return self.render(context)
           ^^^^^^^^^^^^^^^^^^^^
  File "C:\Users\majid\Desktop\stock\venv\Lib\site-packages\django\template\loader_tags.py", line 65, in render
    result = block.nodelist.render(context)
             ^^^^^^^^^^^^^^^^^^^^^^^^^^^^^^
  File "C:\Users\majid\Desktop\stock\venv\Lib\site-packages\django\template\base.py", line 1000, in render
    return SafeString("".join([node.render_annotated(context) for node in self]))
                              ^^^^^^^^^^^^^^^^^^^^^^^^^^^^^^^^^^^^^^^^^^^^^^^^^
  File "C:\Users\majid\Desktop\stock\venv\Lib\site-packages\django\template\base.py", line 1000, in <listcomp>
    return SafeString("".join([node.render_annotated(context) for node in self]))
                               ^^^^^^^^^^^^^^^^^^^^^^^^^^^^^^
  File "C:\Users\majid\Desktop\stock\venv\Lib\site-packages\django\template\base.py", line 961, in render_annotated
    return self.render(context)
           ^^^^^^^^^^^^^^^^^^^^
  File "C:\Users\majid\Desktop\stock\venv\Lib\site-packages\django\template\loader_tags.py", line 199, in render
    template = context.template.engine.select_template(template_name)
               ^^^^^^^^^^^^^^^^^^^^^^^^^^^^^^^^^^^^^^^^^^^^^^^^^^^^^^
  File "C:\Users\majid\Desktop\stock\venv\Lib\site-packages\django\template\engine.py", line 206, in select_template
    return self.get_template(template_name)
           ^^^^^^^^^^^^^^^^^^^^^^^^^^^^^^^^
  File "C:\Users\majid\Desktop\stock\venv\Lib\site-packages\django\template\engine.py", line 175, in get_template
    template, origin = self.find_template(template_name)
                       ^^^^^^^^^^^^^^^^^^^^^^^^^^^^^^^^^
  File "C:\Users\majid\Desktop\stock\venv\Lib\site-packages\django\template\engine.py", line 157, in find_template
    template = loader.get_template(name, skip=skip)
               ^^^^^^^^^^^^^^^^^^^^^^^^^^^^^^^^^^^^
  File "C:\Users\majid\Desktop\stock\venv\Lib\site-packages\django\template\loaders\cached.py", line 57, in get_template
    template = super().get_template(template_name, skip)
               ^^^^^^^^^^^^^^^^^^^^^^^^^^^^^^^^^^^^^^^^^
  File "C:\Users\majid\Desktop\stock\venv\Lib\site-packages\django\template\loaders\base.py", line 28, in get_template
    return Template(
           ^^^^^^^^^
  File "C:\Users\majid\Desktop\stock\venv\Lib\site-packages\django\template\base.py", line 154, in __init__
    self.nodelist = self.compile_nodelist()
                    ^^^^^^^^^^^^^^^^^^^^^^^
  File "C:\Users\majid\Desktop\stock\venv\Lib\site-packages\django\template\base.py", line 196, in compile_nodelist
    return parser.parse()
           ^^^^^^^^^^^^^^
  File "C:\Users\majid\Desktop\stock\venv\Lib\site-packages\django\template\base.py", line 510, in parse
    raise self.error(token, e)
  File "C:\Users\majid\Desktop\stock\venv\Lib\site-packages\django\template\base.py", line 508, in parse
    compiled_result = compile_func(self, token)
                      ^^^^^^^^^^^^^^^^^^^^^^^^^
  File "C:\Users\majid\Desktop\stock\venv\Lib\site-packages\django\template\defaulttags.py", line 960, in do_if
    nodelist = parser.parse(("elif", "else", "endif"))
               ^^^^^^^^^^^^^^^^^^^^^^^^^^^^^^^^^^^^^^^
  File "C:\Users\majid\Desktop\stock\venv\Lib\site-packages\django\template\base.py", line 510, in parse
    raise self.error(token, e)
  File "C:\Users\majid\Desktop\stock\venv\Lib\site-packages\django\template\base.py", line 508, in parse
    compiled_result = compile_func(self, token)
                      ^^^^^^^^^^^^^^^^^^^^^^^^^
  File "C:\Users\majid\Desktop\stock\venv\Lib\site-packages\django\template\defaulttags.py", line 860, in do_for
    nodelist_loop = parser.parse(
                    ^^^^^^^^^^^^^
  File "C:\Users\majid\Desktop\stock\venv\Lib\site-packages\django\template\base.py", line 481, in parse
    raise self.error(token, e)
  File "C:\Users\majid\Desktop\stock\venv\Lib\site-packages\django\template\base.py", line 479, in parse
    filter_expression = self.compile_filter(token.contents)
                        ^^^^^^^^^^^^^^^^^^^^^^^^^^^^^^^^^^^
  File "C:\Users\majid\Desktop\stock\venv\Lib\site-packages\django\template\base.py", line 597, in compile_filter
    return FilterExpression(token, self)
           ^^^^^^^^^^^^^^^^^^^^^^^^^^^^^
  File "C:\Users\majid\Desktop\stock\venv\Lib\site-packages\django\template\base.py", line 693, in __init__
    filter_func = parser.find_filter(filter_name)
                  ^^^^^^^^^^^^^^^^^^^^^^^^^^^^^^^
  File "C:\Users\majid\Desktop\stock\venv\Lib\site-packages\django\template\base.py", line 603, in find_filter
    raise TemplateSyntaxError("Invalid filter: '%s'" % filter_name)
django.template.exceptions.TemplateSyntaxError: Invalid filter: 'get_correct_status'
2024-01-26 22:50:43,505 [ERROR] django.request: Internal Server Error: /dashboard/
Traceback (most recent call last):
  File "C:\Users\majid\Desktop\stock\venv\Lib\site-packages\django\core\handlers\exception.py", line 55, in inner
    response = get_response(request)
               ^^^^^^^^^^^^^^^^^^^^^
  File "C:\Users\majid\Desktop\stock\venv\Lib\site-packages\django\core\handlers\base.py", line 197, in _get_response
    response = wrapped_callback(request, *callback_args, **callback_kwargs)
               ^^^^^^^^^^^^^^^^^^^^^^^^^^^^^^^^^^^^^^^^^^^^^^^^^^^^^^^^^^^^
  File "C:\Users\majid\Desktop\stock\venv\Lib\site-packages\django\views\generic\base.py", line 104, in view
    return self.dispatch(request, *args, **kwargs)
           ^^^^^^^^^^^^^^^^^^^^^^^^^^^^^^^^^^^^^^^
  File "C:\Users\majid\Desktop\stock\venv\Lib\site-packages\django\views\generic\base.py", line 143, in dispatch
    return handler(request, *args, **kwargs)
           ^^^^^^^^^^^^^^^^^^^^^^^^^^^^^^^^^
  File "C:\Users\majid\Desktop\stock\main\views.py", line 298, in get
    return render(req,'main/dashboard/index.html',context=context)
           ^^^^^^^^^^^^^^^^^^^^^^^^^^^^^^^^^^^^^^^^^^^^^^^^^^^^^^^
  File "C:\Users\majid\Desktop\stock\venv\Lib\site-packages\django\shortcuts.py", line 24, in render
    content = loader.render_to_string(template_name, context, request, using=using)
              ^^^^^^^^^^^^^^^^^^^^^^^^^^^^^^^^^^^^^^^^^^^^^^^^^^^^^^^^^^^^^^^^^^^^^
  File "C:\Users\majid\Desktop\stock\venv\Lib\site-packages\django\template\loader.py", line 62, in render_to_string
    return template.render(context, request)
           ^^^^^^^^^^^^^^^^^^^^^^^^^^^^^^^^^
  File "C:\Users\majid\Desktop\stock\venv\Lib\site-packages\django\template\backends\django.py", line 61, in render
    return self.template.render(context)
           ^^^^^^^^^^^^^^^^^^^^^^^^^^^^^
  File "C:\Users\majid\Desktop\stock\venv\Lib\site-packages\django\template\base.py", line 171, in render
    return self._render(context)
           ^^^^^^^^^^^^^^^^^^^^^
  File "C:\Users\majid\Desktop\stock\venv\Lib\site-packages\django\template\base.py", line 163, in _render
    return self.nodelist.render(context)
           ^^^^^^^^^^^^^^^^^^^^^^^^^^^^^
  File "C:\Users\majid\Desktop\stock\venv\Lib\site-packages\django\template\base.py", line 1000, in render
    return SafeString("".join([node.render_annotated(context) for node in self]))
                              ^^^^^^^^^^^^^^^^^^^^^^^^^^^^^^^^^^^^^^^^^^^^^^^^^
  File "C:\Users\majid\Desktop\stock\venv\Lib\site-packages\django\template\base.py", line 1000, in <listcomp>
    return SafeString("".join([node.render_annotated(context) for node in self]))
                               ^^^^^^^^^^^^^^^^^^^^^^^^^^^^^^
  File "C:\Users\majid\Desktop\stock\venv\Lib\site-packages\django\template\base.py", line 961, in render_annotated
    return self.render(context)
           ^^^^^^^^^^^^^^^^^^^^
  File "C:\Users\majid\Desktop\stock\venv\Lib\site-packages\django\template\loader_tags.py", line 159, in render
    return compiled_parent._render(context)
           ^^^^^^^^^^^^^^^^^^^^^^^^^^^^^^^^
  File "C:\Users\majid\Desktop\stock\venv\Lib\site-packages\django\template\base.py", line 163, in _render
    return self.nodelist.render(context)
           ^^^^^^^^^^^^^^^^^^^^^^^^^^^^^
  File "C:\Users\majid\Desktop\stock\venv\Lib\site-packages\django\template\base.py", line 1000, in render
    return SafeString("".join([node.render_annotated(context) for node in self]))
                              ^^^^^^^^^^^^^^^^^^^^^^^^^^^^^^^^^^^^^^^^^^^^^^^^^
  File "C:\Users\majid\Desktop\stock\venv\Lib\site-packages\django\template\base.py", line 1000, in <listcomp>
    return SafeString("".join([node.render_annotated(context) for node in self]))
                               ^^^^^^^^^^^^^^^^^^^^^^^^^^^^^^
  File "C:\Users\majid\Desktop\stock\venv\Lib\site-packages\django\template\base.py", line 961, in render_annotated
    return self.render(context)
           ^^^^^^^^^^^^^^^^^^^^
  File "C:\Users\majid\Desktop\stock\venv\Lib\site-packages\django\template\loader_tags.py", line 65, in render
    result = block.nodelist.render(context)
             ^^^^^^^^^^^^^^^^^^^^^^^^^^^^^^
  File "C:\Users\majid\Desktop\stock\venv\Lib\site-packages\django\template\base.py", line 1000, in render
    return SafeString("".join([node.render_annotated(context) for node in self]))
                              ^^^^^^^^^^^^^^^^^^^^^^^^^^^^^^^^^^^^^^^^^^^^^^^^^
  File "C:\Users\majid\Desktop\stock\venv\Lib\site-packages\django\template\base.py", line 1000, in <listcomp>
    return SafeString("".join([node.render_annotated(context) for node in self]))
                               ^^^^^^^^^^^^^^^^^^^^^^^^^^^^^^
  File "C:\Users\majid\Desktop\stock\venv\Lib\site-packages\django\template\base.py", line 961, in render_annotated
    return self.render(context)
           ^^^^^^^^^^^^^^^^^^^^
  File "C:\Users\majid\Desktop\stock\venv\Lib\site-packages\django\template\loader_tags.py", line 199, in render
    template = context.template.engine.select_template(template_name)
               ^^^^^^^^^^^^^^^^^^^^^^^^^^^^^^^^^^^^^^^^^^^^^^^^^^^^^^
  File "C:\Users\majid\Desktop\stock\venv\Lib\site-packages\django\template\engine.py", line 206, in select_template
    return self.get_template(template_name)
           ^^^^^^^^^^^^^^^^^^^^^^^^^^^^^^^^
  File "C:\Users\majid\Desktop\stock\venv\Lib\site-packages\django\template\engine.py", line 175, in get_template
    template, origin = self.find_template(template_name)
                       ^^^^^^^^^^^^^^^^^^^^^^^^^^^^^^^^^
  File "C:\Users\majid\Desktop\stock\venv\Lib\site-packages\django\template\engine.py", line 157, in find_template
    template = loader.get_template(name, skip=skip)
               ^^^^^^^^^^^^^^^^^^^^^^^^^^^^^^^^^^^^
  File "C:\Users\majid\Desktop\stock\venv\Lib\site-packages\django\template\loaders\cached.py", line 57, in get_template
    template = super().get_template(template_name, skip)
               ^^^^^^^^^^^^^^^^^^^^^^^^^^^^^^^^^^^^^^^^^
  File "C:\Users\majid\Desktop\stock\venv\Lib\site-packages\django\template\loaders\base.py", line 28, in get_template
    return Template(
           ^^^^^^^^^
  File "C:\Users\majid\Desktop\stock\venv\Lib\site-packages\django\template\base.py", line 154, in __init__
    self.nodelist = self.compile_nodelist()
                    ^^^^^^^^^^^^^^^^^^^^^^^
  File "C:\Users\majid\Desktop\stock\venv\Lib\site-packages\django\template\base.py", line 196, in compile_nodelist
    return parser.parse()
           ^^^^^^^^^^^^^^
  File "C:\Users\majid\Desktop\stock\venv\Lib\site-packages\django\template\base.py", line 510, in parse
    raise self.error(token, e)
  File "C:\Users\majid\Desktop\stock\venv\Lib\site-packages\django\template\base.py", line 508, in parse
    compiled_result = compile_func(self, token)
                      ^^^^^^^^^^^^^^^^^^^^^^^^^
  File "C:\Users\majid\Desktop\stock\venv\Lib\site-packages\django\template\defaulttags.py", line 960, in do_if
    nodelist = parser.parse(("elif", "else", "endif"))
               ^^^^^^^^^^^^^^^^^^^^^^^^^^^^^^^^^^^^^^^
  File "C:\Users\majid\Desktop\stock\venv\Lib\site-packages\django\template\base.py", line 510, in parse
    raise self.error(token, e)
  File "C:\Users\majid\Desktop\stock\venv\Lib\site-packages\django\template\base.py", line 508, in parse
    compiled_result = compile_func(self, token)
                      ^^^^^^^^^^^^^^^^^^^^^^^^^
  File "C:\Users\majid\Desktop\stock\venv\Lib\site-packages\django\template\defaulttags.py", line 860, in do_for
    nodelist_loop = parser.parse(
                    ^^^^^^^^^^^^^
  File "C:\Users\majid\Desktop\stock\venv\Lib\site-packages\django\template\base.py", line 481, in parse
    raise self.error(token, e)
  File "C:\Users\majid\Desktop\stock\venv\Lib\site-packages\django\template\base.py", line 479, in parse
    filter_expression = self.compile_filter(token.contents)
                        ^^^^^^^^^^^^^^^^^^^^^^^^^^^^^^^^^^^
  File "C:\Users\majid\Desktop\stock\venv\Lib\site-packages\django\template\base.py", line 597, in compile_filter
    return FilterExpression(token, self)
           ^^^^^^^^^^^^^^^^^^^^^^^^^^^^^
  File "C:\Users\majid\Desktop\stock\venv\Lib\site-packages\django\template\base.py", line 693, in __init__
    filter_func = parser.find_filter(filter_name)
                  ^^^^^^^^^^^^^^^^^^^^^^^^^^^^^^^
  File "C:\Users\majid\Desktop\stock\venv\Lib\site-packages\django\template\base.py", line 603, in find_filter
    raise TemplateSyntaxError("Invalid filter: '%s'" % filter_name)
django.template.exceptions.TemplateSyntaxError: Invalid filter: 'get_correct_status'
2024-01-26 22:51:00,540 [ERROR] django.request: Internal Server Error: /dashboard/
Traceback (most recent call last):
  File "C:\Users\majid\Desktop\stock\venv\Lib\site-packages\django\core\handlers\exception.py", line 55, in inner
    response = get_response(request)
               ^^^^^^^^^^^^^^^^^^^^^
  File "C:\Users\majid\Desktop\stock\venv\Lib\site-packages\django\core\handlers\base.py", line 197, in _get_response
    response = wrapped_callback(request, *callback_args, **callback_kwargs)
               ^^^^^^^^^^^^^^^^^^^^^^^^^^^^^^^^^^^^^^^^^^^^^^^^^^^^^^^^^^^^
  File "C:\Users\majid\Desktop\stock\venv\Lib\site-packages\django\views\generic\base.py", line 104, in view
    return self.dispatch(request, *args, **kwargs)
           ^^^^^^^^^^^^^^^^^^^^^^^^^^^^^^^^^^^^^^^
  File "C:\Users\majid\Desktop\stock\venv\Lib\site-packages\django\views\generic\base.py", line 143, in dispatch
    return handler(request, *args, **kwargs)
           ^^^^^^^^^^^^^^^^^^^^^^^^^^^^^^^^^
  File "C:\Users\majid\Desktop\stock\main\views.py", line 298, in get
    return render(req,'main/dashboard/index.html',context=context)
           ^^^^^^^^^^^^^^^^^^^^^^^^^^^^^^^^^^^^^^^^^^^^^^^^^^^^^^^
  File "C:\Users\majid\Desktop\stock\venv\Lib\site-packages\django\shortcuts.py", line 24, in render
    content = loader.render_to_string(template_name, context, request, using=using)
              ^^^^^^^^^^^^^^^^^^^^^^^^^^^^^^^^^^^^^^^^^^^^^^^^^^^^^^^^^^^^^^^^^^^^^
  File "C:\Users\majid\Desktop\stock\venv\Lib\site-packages\django\template\loader.py", line 62, in render_to_string
    return template.render(context, request)
           ^^^^^^^^^^^^^^^^^^^^^^^^^^^^^^^^^
  File "C:\Users\majid\Desktop\stock\venv\Lib\site-packages\django\template\backends\django.py", line 61, in render
    return self.template.render(context)
           ^^^^^^^^^^^^^^^^^^^^^^^^^^^^^
  File "C:\Users\majid\Desktop\stock\venv\Lib\site-packages\django\template\base.py", line 171, in render
    return self._render(context)
           ^^^^^^^^^^^^^^^^^^^^^
  File "C:\Users\majid\Desktop\stock\venv\Lib\site-packages\django\template\base.py", line 163, in _render
    return self.nodelist.render(context)
           ^^^^^^^^^^^^^^^^^^^^^^^^^^^^^
  File "C:\Users\majid\Desktop\stock\venv\Lib\site-packages\django\template\base.py", line 1000, in render
    return SafeString("".join([node.render_annotated(context) for node in self]))
                              ^^^^^^^^^^^^^^^^^^^^^^^^^^^^^^^^^^^^^^^^^^^^^^^^^
  File "C:\Users\majid\Desktop\stock\venv\Lib\site-packages\django\template\base.py", line 1000, in <listcomp>
    return SafeString("".join([node.render_annotated(context) for node in self]))
                               ^^^^^^^^^^^^^^^^^^^^^^^^^^^^^^
  File "C:\Users\majid\Desktop\stock\venv\Lib\site-packages\django\template\base.py", line 961, in render_annotated
    return self.render(context)
           ^^^^^^^^^^^^^^^^^^^^
  File "C:\Users\majid\Desktop\stock\venv\Lib\site-packages\django\template\loader_tags.py", line 159, in render
    return compiled_parent._render(context)
           ^^^^^^^^^^^^^^^^^^^^^^^^^^^^^^^^
  File "C:\Users\majid\Desktop\stock\venv\Lib\site-packages\django\template\base.py", line 163, in _render
    return self.nodelist.render(context)
           ^^^^^^^^^^^^^^^^^^^^^^^^^^^^^
  File "C:\Users\majid\Desktop\stock\venv\Lib\site-packages\django\template\base.py", line 1000, in render
    return SafeString("".join([node.render_annotated(context) for node in self]))
                              ^^^^^^^^^^^^^^^^^^^^^^^^^^^^^^^^^^^^^^^^^^^^^^^^^
  File "C:\Users\majid\Desktop\stock\venv\Lib\site-packages\django\template\base.py", line 1000, in <listcomp>
    return SafeString("".join([node.render_annotated(context) for node in self]))
                               ^^^^^^^^^^^^^^^^^^^^^^^^^^^^^^
  File "C:\Users\majid\Desktop\stock\venv\Lib\site-packages\django\template\base.py", line 961, in render_annotated
    return self.render(context)
           ^^^^^^^^^^^^^^^^^^^^
  File "C:\Users\majid\Desktop\stock\venv\Lib\site-packages\django\template\loader_tags.py", line 65, in render
    result = block.nodelist.render(context)
             ^^^^^^^^^^^^^^^^^^^^^^^^^^^^^^
  File "C:\Users\majid\Desktop\stock\venv\Lib\site-packages\django\template\base.py", line 1000, in render
    return SafeString("".join([node.render_annotated(context) for node in self]))
                              ^^^^^^^^^^^^^^^^^^^^^^^^^^^^^^^^^^^^^^^^^^^^^^^^^
  File "C:\Users\majid\Desktop\stock\venv\Lib\site-packages\django\template\base.py", line 1000, in <listcomp>
    return SafeString("".join([node.render_annotated(context) for node in self]))
                               ^^^^^^^^^^^^^^^^^^^^^^^^^^^^^^
  File "C:\Users\majid\Desktop\stock\venv\Lib\site-packages\django\template\base.py", line 961, in render_annotated
    return self.render(context)
           ^^^^^^^^^^^^^^^^^^^^
  File "C:\Users\majid\Desktop\stock\venv\Lib\site-packages\django\template\loader_tags.py", line 199, in render
    template = context.template.engine.select_template(template_name)
               ^^^^^^^^^^^^^^^^^^^^^^^^^^^^^^^^^^^^^^^^^^^^^^^^^^^^^^
  File "C:\Users\majid\Desktop\stock\venv\Lib\site-packages\django\template\engine.py", line 206, in select_template
    return self.get_template(template_name)
           ^^^^^^^^^^^^^^^^^^^^^^^^^^^^^^^^
  File "C:\Users\majid\Desktop\stock\venv\Lib\site-packages\django\template\engine.py", line 175, in get_template
    template, origin = self.find_template(template_name)
                       ^^^^^^^^^^^^^^^^^^^^^^^^^^^^^^^^^
  File "C:\Users\majid\Desktop\stock\venv\Lib\site-packages\django\template\engine.py", line 157, in find_template
    template = loader.get_template(name, skip=skip)
               ^^^^^^^^^^^^^^^^^^^^^^^^^^^^^^^^^^^^
  File "C:\Users\majid\Desktop\stock\venv\Lib\site-packages\django\template\loaders\cached.py", line 57, in get_template
    template = super().get_template(template_name, skip)
               ^^^^^^^^^^^^^^^^^^^^^^^^^^^^^^^^^^^^^^^^^
  File "C:\Users\majid\Desktop\stock\venv\Lib\site-packages\django\template\loaders\base.py", line 28, in get_template
    return Template(
           ^^^^^^^^^
  File "C:\Users\majid\Desktop\stock\venv\Lib\site-packages\django\template\base.py", line 154, in __init__
    self.nodelist = self.compile_nodelist()
                    ^^^^^^^^^^^^^^^^^^^^^^^
  File "C:\Users\majid\Desktop\stock\venv\Lib\site-packages\django\template\base.py", line 196, in compile_nodelist
    return parser.parse()
           ^^^^^^^^^^^^^^
  File "C:\Users\majid\Desktop\stock\venv\Lib\site-packages\django\template\base.py", line 510, in parse
    raise self.error(token, e)
  File "C:\Users\majid\Desktop\stock\venv\Lib\site-packages\django\template\base.py", line 508, in parse
    compiled_result = compile_func(self, token)
                      ^^^^^^^^^^^^^^^^^^^^^^^^^
  File "C:\Users\majid\Desktop\stock\venv\Lib\site-packages\django\template\defaulttags.py", line 960, in do_if
    nodelist = parser.parse(("elif", "else", "endif"))
               ^^^^^^^^^^^^^^^^^^^^^^^^^^^^^^^^^^^^^^^
  File "C:\Users\majid\Desktop\stock\venv\Lib\site-packages\django\template\base.py", line 510, in parse
    raise self.error(token, e)
  File "C:\Users\majid\Desktop\stock\venv\Lib\site-packages\django\template\base.py", line 508, in parse
    compiled_result = compile_func(self, token)
                      ^^^^^^^^^^^^^^^^^^^^^^^^^
  File "C:\Users\majid\Desktop\stock\venv\Lib\site-packages\django\template\defaulttags.py", line 860, in do_for
    nodelist_loop = parser.parse(
                    ^^^^^^^^^^^^^
  File "C:\Users\majid\Desktop\stock\venv\Lib\site-packages\django\template\base.py", line 481, in parse
    raise self.error(token, e)
  File "C:\Users\majid\Desktop\stock\venv\Lib\site-packages\django\template\base.py", line 479, in parse
    filter_expression = self.compile_filter(token.contents)
                        ^^^^^^^^^^^^^^^^^^^^^^^^^^^^^^^^^^^
  File "C:\Users\majid\Desktop\stock\venv\Lib\site-packages\django\template\base.py", line 597, in compile_filter
    return FilterExpression(token, self)
           ^^^^^^^^^^^^^^^^^^^^^^^^^^^^^
  File "C:\Users\majid\Desktop\stock\venv\Lib\site-packages\django\template\base.py", line 693, in __init__
    filter_func = parser.find_filter(filter_name)
                  ^^^^^^^^^^^^^^^^^^^^^^^^^^^^^^^
  File "C:\Users\majid\Desktop\stock\venv\Lib\site-packages\django\template\base.py", line 603, in find_filter
    raise TemplateSyntaxError("Invalid filter: '%s'" % filter_name)
django.template.exceptions.TemplateSyntaxError: Invalid filter: 'get_correct_status'
2024-01-26 22:52:29,138 [ERROR] django.request: Internal Server Error: /dashboard/
Traceback (most recent call last):
  File "C:\Users\majid\Desktop\stock\venv\Lib\site-packages\django\core\handlers\exception.py", line 55, in inner
    response = get_response(request)
               ^^^^^^^^^^^^^^^^^^^^^
  File "C:\Users\majid\Desktop\stock\venv\Lib\site-packages\django\core\handlers\base.py", line 197, in _get_response
    response = wrapped_callback(request, *callback_args, **callback_kwargs)
               ^^^^^^^^^^^^^^^^^^^^^^^^^^^^^^^^^^^^^^^^^^^^^^^^^^^^^^^^^^^^
  File "C:\Users\majid\Desktop\stock\venv\Lib\site-packages\django\views\generic\base.py", line 104, in view
    return self.dispatch(request, *args, **kwargs)
           ^^^^^^^^^^^^^^^^^^^^^^^^^^^^^^^^^^^^^^^
  File "C:\Users\majid\Desktop\stock\venv\Lib\site-packages\django\views\generic\base.py", line 143, in dispatch
    return handler(request, *args, **kwargs)
           ^^^^^^^^^^^^^^^^^^^^^^^^^^^^^^^^^
  File "C:\Users\majid\Desktop\stock\main\views.py", line 298, in get
    return render(req,'main/dashboard/index.html',context=context)
           ^^^^^^^^^^^^^^^^^^^^^^^^^^^^^^^^^^^^^^^^^^^^^^^^^^^^^^^
  File "C:\Users\majid\Desktop\stock\venv\Lib\site-packages\django\shortcuts.py", line 24, in render
    content = loader.render_to_string(template_name, context, request, using=using)
              ^^^^^^^^^^^^^^^^^^^^^^^^^^^^^^^^^^^^^^^^^^^^^^^^^^^^^^^^^^^^^^^^^^^^^
  File "C:\Users\majid\Desktop\stock\venv\Lib\site-packages\django\template\loader.py", line 62, in render_to_string
    return template.render(context, request)
           ^^^^^^^^^^^^^^^^^^^^^^^^^^^^^^^^^
  File "C:\Users\majid\Desktop\stock\venv\Lib\site-packages\django\template\backends\django.py", line 61, in render
    return self.template.render(context)
           ^^^^^^^^^^^^^^^^^^^^^^^^^^^^^
  File "C:\Users\majid\Desktop\stock\venv\Lib\site-packages\django\template\base.py", line 171, in render
    return self._render(context)
           ^^^^^^^^^^^^^^^^^^^^^
  File "C:\Users\majid\Desktop\stock\venv\Lib\site-packages\django\template\base.py", line 163, in _render
    return self.nodelist.render(context)
           ^^^^^^^^^^^^^^^^^^^^^^^^^^^^^
  File "C:\Users\majid\Desktop\stock\venv\Lib\site-packages\django\template\base.py", line 1000, in render
    return SafeString("".join([node.render_annotated(context) for node in self]))
                              ^^^^^^^^^^^^^^^^^^^^^^^^^^^^^^^^^^^^^^^^^^^^^^^^^
  File "C:\Users\majid\Desktop\stock\venv\Lib\site-packages\django\template\base.py", line 1000, in <listcomp>
    return SafeString("".join([node.render_annotated(context) for node in self]))
                               ^^^^^^^^^^^^^^^^^^^^^^^^^^^^^^
  File "C:\Users\majid\Desktop\stock\venv\Lib\site-packages\django\template\base.py", line 961, in render_annotated
    return self.render(context)
           ^^^^^^^^^^^^^^^^^^^^
  File "C:\Users\majid\Desktop\stock\venv\Lib\site-packages\django\template\loader_tags.py", line 159, in render
    return compiled_parent._render(context)
           ^^^^^^^^^^^^^^^^^^^^^^^^^^^^^^^^
  File "C:\Users\majid\Desktop\stock\venv\Lib\site-packages\django\template\base.py", line 163, in _render
    return self.nodelist.render(context)
           ^^^^^^^^^^^^^^^^^^^^^^^^^^^^^
  File "C:\Users\majid\Desktop\stock\venv\Lib\site-packages\django\template\base.py", line 1000, in render
    return SafeString("".join([node.render_annotated(context) for node in self]))
                              ^^^^^^^^^^^^^^^^^^^^^^^^^^^^^^^^^^^^^^^^^^^^^^^^^
  File "C:\Users\majid\Desktop\stock\venv\Lib\site-packages\django\template\base.py", line 1000, in <listcomp>
    return SafeString("".join([node.render_annotated(context) for node in self]))
                               ^^^^^^^^^^^^^^^^^^^^^^^^^^^^^^
  File "C:\Users\majid\Desktop\stock\venv\Lib\site-packages\django\template\base.py", line 961, in render_annotated
    return self.render(context)
           ^^^^^^^^^^^^^^^^^^^^
  File "C:\Users\majid\Desktop\stock\venv\Lib\site-packages\django\template\loader_tags.py", line 65, in render
    result = block.nodelist.render(context)
             ^^^^^^^^^^^^^^^^^^^^^^^^^^^^^^
  File "C:\Users\majid\Desktop\stock\venv\Lib\site-packages\django\template\base.py", line 1000, in render
    return SafeString("".join([node.render_annotated(context) for node in self]))
                              ^^^^^^^^^^^^^^^^^^^^^^^^^^^^^^^^^^^^^^^^^^^^^^^^^
  File "C:\Users\majid\Desktop\stock\venv\Lib\site-packages\django\template\base.py", line 1000, in <listcomp>
    return SafeString("".join([node.render_annotated(context) for node in self]))
                               ^^^^^^^^^^^^^^^^^^^^^^^^^^^^^^
  File "C:\Users\majid\Desktop\stock\venv\Lib\site-packages\django\template\base.py", line 961, in render_annotated
    return self.render(context)
           ^^^^^^^^^^^^^^^^^^^^
  File "C:\Users\majid\Desktop\stock\venv\Lib\site-packages\django\template\loader_tags.py", line 199, in render
    template = context.template.engine.select_template(template_name)
               ^^^^^^^^^^^^^^^^^^^^^^^^^^^^^^^^^^^^^^^^^^^^^^^^^^^^^^
  File "C:\Users\majid\Desktop\stock\venv\Lib\site-packages\django\template\engine.py", line 206, in select_template
    return self.get_template(template_name)
           ^^^^^^^^^^^^^^^^^^^^^^^^^^^^^^^^
  File "C:\Users\majid\Desktop\stock\venv\Lib\site-packages\django\template\engine.py", line 175, in get_template
    template, origin = self.find_template(template_name)
                       ^^^^^^^^^^^^^^^^^^^^^^^^^^^^^^^^^
  File "C:\Users\majid\Desktop\stock\venv\Lib\site-packages\django\template\engine.py", line 157, in find_template
    template = loader.get_template(name, skip=skip)
               ^^^^^^^^^^^^^^^^^^^^^^^^^^^^^^^^^^^^
  File "C:\Users\majid\Desktop\stock\venv\Lib\site-packages\django\template\loaders\cached.py", line 57, in get_template
    template = super().get_template(template_name, skip)
               ^^^^^^^^^^^^^^^^^^^^^^^^^^^^^^^^^^^^^^^^^
  File "C:\Users\majid\Desktop\stock\venv\Lib\site-packages\django\template\loaders\base.py", line 28, in get_template
    return Template(
           ^^^^^^^^^
  File "C:\Users\majid\Desktop\stock\venv\Lib\site-packages\django\template\base.py", line 154, in __init__
    self.nodelist = self.compile_nodelist()
                    ^^^^^^^^^^^^^^^^^^^^^^^
  File "C:\Users\majid\Desktop\stock\venv\Lib\site-packages\django\template\base.py", line 196, in compile_nodelist
    return parser.parse()
           ^^^^^^^^^^^^^^
  File "C:\Users\majid\Desktop\stock\venv\Lib\site-packages\django\template\base.py", line 510, in parse
    raise self.error(token, e)
  File "C:\Users\majid\Desktop\stock\venv\Lib\site-packages\django\template\base.py", line 508, in parse
    compiled_result = compile_func(self, token)
                      ^^^^^^^^^^^^^^^^^^^^^^^^^
  File "C:\Users\majid\Desktop\stock\venv\Lib\site-packages\django\template\defaulttags.py", line 960, in do_if
    nodelist = parser.parse(("elif", "else", "endif"))
               ^^^^^^^^^^^^^^^^^^^^^^^^^^^^^^^^^^^^^^^
  File "C:\Users\majid\Desktop\stock\venv\Lib\site-packages\django\template\base.py", line 510, in parse
    raise self.error(token, e)
  File "C:\Users\majid\Desktop\stock\venv\Lib\site-packages\django\template\base.py", line 508, in parse
    compiled_result = compile_func(self, token)
                      ^^^^^^^^^^^^^^^^^^^^^^^^^
  File "C:\Users\majid\Desktop\stock\venv\Lib\site-packages\django\template\defaulttags.py", line 860, in do_for
    nodelist_loop = parser.parse(
                    ^^^^^^^^^^^^^
  File "C:\Users\majid\Desktop\stock\venv\Lib\site-packages\django\template\base.py", line 481, in parse
    raise self.error(token, e)
  File "C:\Users\majid\Desktop\stock\venv\Lib\site-packages\django\template\base.py", line 479, in parse
    filter_expression = self.compile_filter(token.contents)
                        ^^^^^^^^^^^^^^^^^^^^^^^^^^^^^^^^^^^
  File "C:\Users\majid\Desktop\stock\venv\Lib\site-packages\django\template\base.py", line 597, in compile_filter
    return FilterExpression(token, self)
           ^^^^^^^^^^^^^^^^^^^^^^^^^^^^^
  File "C:\Users\majid\Desktop\stock\venv\Lib\site-packages\django\template\base.py", line 698, in __init__
    raise TemplateSyntaxError(
django.template.exceptions.TemplateSyntaxError: Could not parse the remainder: ' router.status' from 'get_correct_status router.status'
2024-01-26 22:53:10,846 [INFO] django.utils.autoreload: C:\Users\majid\Desktop\stock\main\views.py changed, reloading.
2024-01-26 22:53:11,418 [INFO] django.utils.autoreload: Watching for file changes with StatReloader
2024-01-26 22:55:40,932 [ERROR] django.request: Internal Server Error: /dashboard/
Traceback (most recent call last):
  File "C:\Users\majid\Desktop\stock\venv\Lib\site-packages\django\db\models\fields\__init__.py", line 2112, in get_prep_value
    return int(value)
           ^^^^^^^^^^
ValueError: invalid literal for int() with base 10: 'in_stock'

The above exception was the direct cause of the following exception:

Traceback (most recent call last):
  File "C:\Users\majid\Desktop\stock\venv\Lib\site-packages\django\core\handlers\exception.py", line 55, in inner
    response = get_response(request)
               ^^^^^^^^^^^^^^^^^^^^^
  File "C:\Users\majid\Desktop\stock\venv\Lib\site-packages\django\core\handlers\base.py", line 197, in _get_response
    response = wrapped_callback(request, *callback_args, **callback_kwargs)
               ^^^^^^^^^^^^^^^^^^^^^^^^^^^^^^^^^^^^^^^^^^^^^^^^^^^^^^^^^^^^
  File "C:\Users\majid\Desktop\stock\venv\Lib\site-packages\django\views\generic\base.py", line 104, in view
    return self.dispatch(request, *args, **kwargs)
           ^^^^^^^^^^^^^^^^^^^^^^^^^^^^^^^^^^^^^^^
  File "C:\Users\majid\Desktop\stock\venv\Lib\site-packages\django\views\generic\base.py", line 143, in dispatch
    return handler(request, *args, **kwargs)
           ^^^^^^^^^^^^^^^^^^^^^^^^^^^^^^^^^
  File "C:\Users\majid\Desktop\stock\main\views.py", line 195, in get
    category_instance = Category.objects.filter(id=category).first()
                        ^^^^^^^^^^^^^^^^^^^^^^^^^^^^^^^^^^^^
  File "C:\Users\majid\Desktop\stock\venv\Lib\site-packages\django\db\models\manager.py", line 87, in manager_method
    return getattr(self.get_queryset(), name)(*args, **kwargs)
           ^^^^^^^^^^^^^^^^^^^^^^^^^^^^^^^^^^^^^^^^^^^^^^^^^^^
  File "C:\Users\majid\Desktop\stock\venv\Lib\site-packages\django\db\models\query.py", line 1476, in filter
    return self._filter_or_exclude(False, args, kwargs)
           ^^^^^^^^^^^^^^^^^^^^^^^^^^^^^^^^^^^^^^^^^^^^
  File "C:\Users\majid\Desktop\stock\venv\Lib\site-packages\django\db\models\query.py", line 1494, in _filter_or_exclude
    clone._filter_or_exclude_inplace(negate, args, kwargs)
  File "C:\Users\majid\Desktop\stock\venv\Lib\site-packages\django\db\models\query.py", line 1501, in _filter_or_exclude_inplace
    self._query.add_q(Q(*args, **kwargs))
  File "C:\Users\majid\Desktop\stock\venv\Lib\site-packages\django\db\models\sql\query.py", line 1602, in add_q
    clause, _ = self._add_q(q_object, self.used_aliases)
                ^^^^^^^^^^^^^^^^^^^^^^^^^^^^^^^^^^^^^^^^
  File "C:\Users\majid\Desktop\stock\venv\Lib\site-packages\django\db\models\sql\query.py", line 1634, in _add_q
    child_clause, needed_inner = self.build_filter(
                                 ^^^^^^^^^^^^^^^^^^
  File "C:\Users\majid\Desktop\stock\venv\Lib\site-packages\django\db\models\sql\query.py", line 1548, in build_filter
    condition = self.build_lookup(lookups, col, value)
                ^^^^^^^^^^^^^^^^^^^^^^^^^^^^^^^^^^^^^^
  File "C:\Users\majid\Desktop\stock\venv\Lib\site-packages\django\db\models\sql\query.py", line 1378, in build_lookup
    lookup = lookup_class(lhs, rhs)
             ^^^^^^^^^^^^^^^^^^^^^^
  File "C:\Users\majid\Desktop\stock\venv\Lib\site-packages\django\db\models\lookups.py", line 30, in __init__
    self.rhs = self.get_prep_lookup()
               ^^^^^^^^^^^^^^^^^^^^^^
  File "C:\Users\majid\Desktop\stock\venv\Lib\site-packages\django\db\models\lookups.py", line 362, in get_prep_lookup
    return super().get_prep_lookup()
           ^^^^^^^^^^^^^^^^^^^^^^^^^
  File "C:\Users\majid\Desktop\stock\venv\Lib\site-packages\django\db\models\lookups.py", line 88, in get_prep_lookup
    return self.lhs.output_field.get_prep_value(self.rhs)
           ^^^^^^^^^^^^^^^^^^^^^^^^^^^^^^^^^^^^^^^^^^^^^^
  File "C:\Users\majid\Desktop\stock\venv\Lib\site-packages\django\db\models\fields\__init__.py", line 2114, in get_prep_value
    raise e.__class__(
ValueError: Field 'id' expected a number but got 'in_stock'.
2024-01-26 22:55:57,951 [ERROR] django.request: Internal Server Error: /dashboard/
Traceback (most recent call last):
  File "C:\Users\majid\Desktop\stock\venv\Lib\site-packages\django\db\models\fields\__init__.py", line 2112, in get_prep_value
    return int(value)
           ^^^^^^^^^^
ValueError: invalid literal for int() with base 10: 'in_stock'

The above exception was the direct cause of the following exception:

Traceback (most recent call last):
  File "C:\Users\majid\Desktop\stock\venv\Lib\site-packages\django\core\handlers\exception.py", line 55, in inner
    response = get_response(request)
               ^^^^^^^^^^^^^^^^^^^^^
  File "C:\Users\majid\Desktop\stock\venv\Lib\site-packages\django\core\handlers\base.py", line 197, in _get_response
    response = wrapped_callback(request, *callback_args, **callback_kwargs)
               ^^^^^^^^^^^^^^^^^^^^^^^^^^^^^^^^^^^^^^^^^^^^^^^^^^^^^^^^^^^^
  File "C:\Users\majid\Desktop\stock\venv\Lib\site-packages\django\views\generic\base.py", line 104, in view
    return self.dispatch(request, *args, **kwargs)
           ^^^^^^^^^^^^^^^^^^^^^^^^^^^^^^^^^^^^^^^
  File "C:\Users\majid\Desktop\stock\venv\Lib\site-packages\django\views\generic\base.py", line 143, in dispatch
    return handler(request, *args, **kwargs)
           ^^^^^^^^^^^^^^^^^^^^^^^^^^^^^^^^^
  File "C:\Users\majid\Desktop\stock\main\views.py", line 195, in get
    category_instance = Category.objects.filter(id=category).first()
                        ^^^^^^^^^^^^^^^^^^^^^^^^^^^^^^^^^^^^
  File "C:\Users\majid\Desktop\stock\venv\Lib\site-packages\django\db\models\manager.py", line 87, in manager_method
    return getattr(self.get_queryset(), name)(*args, **kwargs)
           ^^^^^^^^^^^^^^^^^^^^^^^^^^^^^^^^^^^^^^^^^^^^^^^^^^^
  File "C:\Users\majid\Desktop\stock\venv\Lib\site-packages\django\db\models\query.py", line 1476, in filter
    return self._filter_or_exclude(False, args, kwargs)
           ^^^^^^^^^^^^^^^^^^^^^^^^^^^^^^^^^^^^^^^^^^^^
  File "C:\Users\majid\Desktop\stock\venv\Lib\site-packages\django\db\models\query.py", line 1494, in _filter_or_exclude
    clone._filter_or_exclude_inplace(negate, args, kwargs)
  File "C:\Users\majid\Desktop\stock\venv\Lib\site-packages\django\db\models\query.py", line 1501, in _filter_or_exclude_inplace
    self._query.add_q(Q(*args, **kwargs))
  File "C:\Users\majid\Desktop\stock\venv\Lib\site-packages\django\db\models\sql\query.py", line 1602, in add_q
    clause, _ = self._add_q(q_object, self.used_aliases)
                ^^^^^^^^^^^^^^^^^^^^^^^^^^^^^^^^^^^^^^^^
  File "C:\Users\majid\Desktop\stock\venv\Lib\site-packages\django\db\models\sql\query.py", line 1634, in _add_q
    child_clause, needed_inner = self.build_filter(
                                 ^^^^^^^^^^^^^^^^^^
  File "C:\Users\majid\Desktop\stock\venv\Lib\site-packages\django\db\models\sql\query.py", line 1548, in build_filter
    condition = self.build_lookup(lookups, col, value)
                ^^^^^^^^^^^^^^^^^^^^^^^^^^^^^^^^^^^^^^
  File "C:\Users\majid\Desktop\stock\venv\Lib\site-packages\django\db\models\sql\query.py", line 1378, in build_lookup
    lookup = lookup_class(lhs, rhs)
             ^^^^^^^^^^^^^^^^^^^^^^
  File "C:\Users\majid\Desktop\stock\venv\Lib\site-packages\django\db\models\lookups.py", line 30, in __init__
    self.rhs = self.get_prep_lookup()
               ^^^^^^^^^^^^^^^^^^^^^^
  File "C:\Users\majid\Desktop\stock\venv\Lib\site-packages\django\db\models\lookups.py", line 362, in get_prep_lookup
    return super().get_prep_lookup()
           ^^^^^^^^^^^^^^^^^^^^^^^^^
  File "C:\Users\majid\Desktop\stock\venv\Lib\site-packages\django\db\models\lookups.py", line 88, in get_prep_lookup
    return self.lhs.output_field.get_prep_value(self.rhs)
           ^^^^^^^^^^^^^^^^^^^^^^^^^^^^^^^^^^^^^^^^^^^^^^
  File "C:\Users\majid\Desktop\stock\venv\Lib\site-packages\django\db\models\fields\__init__.py", line 2114, in get_prep_value
    raise e.__class__(
ValueError: Field 'id' expected a number but got 'in_stock'.
2024-01-26 22:56:17,626 [INFO] django.utils.autoreload: C:\Users\majid\Desktop\stock\main\views.py changed, reloading.
2024-01-26 22:56:18,199 [INFO] django.utils.autoreload: Watching for file changes with StatReloader
2024-01-26 22:56:23,666 [INFO] django.utils.autoreload: C:\Users\majid\Desktop\stock\main\views.py changed, reloading.
2024-01-26 22:56:24,220 [INFO] django.utils.autoreload: Watching for file changes with StatReloader
2024-01-26 22:56:28,676 [INFO] django.utils.autoreload: C:\Users\majid\Desktop\stock\main\views.py changed, reloading.
2024-01-26 22:56:29,168 [INFO] django.utils.autoreload: Watching for file changes with StatReloader
2024-01-26 22:56:32,415 [INFO] django.utils.autoreload: C:\Users\majid\Desktop\stock\main\views.py changed, reloading.
2024-01-26 22:56:32,929 [INFO] django.utils.autoreload: Watching for file changes with StatReloader
2024-01-26 23:31:55,917 [INFO] django.utils.autoreload: Watching for file changes with StatReloader
2024-01-26 23:32:42,677 [ERROR] django.request: Internal Server Error: /logs/
Traceback (most recent call last):
  File "C:\Users\majid\Desktop\stock\venv\Lib\site-packages\django\template\base.py", line 502, in parse
    compile_func = self.tags[command]
                   ~~~~~~~~~^^^^^^^^^
KeyError: 'endfor'

During handling of the above exception, another exception occurred:

Traceback (most recent call last):
  File "C:\Users\majid\Desktop\stock\venv\Lib\site-packages\django\core\handlers\exception.py", line 55, in inner
    response = get_response(request)
               ^^^^^^^^^^^^^^^^^^^^^
  File "C:\Users\majid\Desktop\stock\venv\Lib\site-packages\django\core\handlers\base.py", line 220, in _get_response
    response = response.render()
               ^^^^^^^^^^^^^^^^^
  File "C:\Users\majid\Desktop\stock\venv\Lib\site-packages\django\template\response.py", line 114, in render
    self.content = self.rendered_content
                   ^^^^^^^^^^^^^^^^^^^^^
  File "C:\Users\majid\Desktop\stock\venv\Lib\site-packages\django\template\response.py", line 90, in rendered_content
    template = self.resolve_template(self.template_name)
               ^^^^^^^^^^^^^^^^^^^^^^^^^^^^^^^^^^^^^^^^^
  File "C:\Users\majid\Desktop\stock\venv\Lib\site-packages\django\template\response.py", line 72, in resolve_template
    return select_template(template, using=self.using)
           ^^^^^^^^^^^^^^^^^^^^^^^^^^^^^^^^^^^^^^^^^^^
  File "C:\Users\majid\Desktop\stock\venv\Lib\site-packages\django\template\loader.py", line 42, in select_template
    return engine.get_template(template_name)
           ^^^^^^^^^^^^^^^^^^^^^^^^^^^^^^^^^^
  File "C:\Users\majid\Desktop\stock\venv\Lib\site-packages\django\template\backends\django.py", line 33, in get_template
    return Template(self.engine.get_template(template_name), self)
                    ^^^^^^^^^^^^^^^^^^^^^^^^^^^^^^^^^^^^^^^
  File "C:\Users\majid\Desktop\stock\venv\Lib\site-packages\django\template\engine.py", line 175, in get_template
    template, origin = self.find_template(template_name)
                       ^^^^^^^^^^^^^^^^^^^^^^^^^^^^^^^^^
  File "C:\Users\majid\Desktop\stock\venv\Lib\site-packages\django\template\engine.py", line 157, in find_template
    template = loader.get_template(name, skip=skip)
               ^^^^^^^^^^^^^^^^^^^^^^^^^^^^^^^^^^^^
  File "C:\Users\majid\Desktop\stock\venv\Lib\site-packages\django\template\loaders\cached.py", line 57, in get_template
    template = super().get_template(template_name, skip)
               ^^^^^^^^^^^^^^^^^^^^^^^^^^^^^^^^^^^^^^^^^
  File "C:\Users\majid\Desktop\stock\venv\Lib\site-packages\django\template\loaders\base.py", line 28, in get_template
    return Template(
           ^^^^^^^^^
  File "C:\Users\majid\Desktop\stock\venv\Lib\site-packages\django\template\base.py", line 154, in __init__
    self.nodelist = self.compile_nodelist()
                    ^^^^^^^^^^^^^^^^^^^^^^^
  File "C:\Users\majid\Desktop\stock\venv\Lib\site-packages\django\template\base.py", line 196, in compile_nodelist
    return parser.parse()
           ^^^^^^^^^^^^^^
  File "C:\Users\majid\Desktop\stock\venv\Lib\site-packages\django\template\base.py", line 510, in parse
    raise self.error(token, e)
  File "C:\Users\majid\Desktop\stock\venv\Lib\site-packages\django\template\base.py", line 508, in parse
    compiled_result = compile_func(self, token)
                      ^^^^^^^^^^^^^^^^^^^^^^^^^
  File "C:\Users\majid\Desktop\stock\venv\Lib\site-packages\django\template\loader_tags.py", line 295, in do_extends
    nodelist = parser.parse()
               ^^^^^^^^^^^^^^
  File "C:\Users\majid\Desktop\stock\venv\Lib\site-packages\django\template\base.py", line 510, in parse
    raise self.error(token, e)
  File "C:\Users\majid\Desktop\stock\venv\Lib\site-packages\django\template\base.py", line 508, in parse
    compiled_result = compile_func(self, token)
                      ^^^^^^^^^^^^^^^^^^^^^^^^^
  File "C:\Users\majid\Desktop\stock\venv\Lib\site-packages\django\template\loader_tags.py", line 234, in do_block
    nodelist = parser.parse(("endblock",))
               ^^^^^^^^^^^^^^^^^^^^^^^^^^^
  File "C:\Users\majid\Desktop\stock\venv\Lib\site-packages\django\template\base.py", line 510, in parse
    raise self.error(token, e)
  File "C:\Users\majid\Desktop\stock\venv\Lib\site-packages\django\template\base.py", line 508, in parse
    compiled_result = compile_func(self, token)
                      ^^^^^^^^^^^^^^^^^^^^^^^^^
  File "C:\Users\majid\Desktop\stock\venv\Lib\site-packages\django\template\defaulttags.py", line 960, in do_if
    nodelist = parser.parse(("elif", "else", "endif"))
               ^^^^^^^^^^^^^^^^^^^^^^^^^^^^^^^^^^^^^^^
  File "C:\Users\majid\Desktop\stock\venv\Lib\site-packages\django\template\base.py", line 510, in parse
    raise self.error(token, e)
  File "C:\Users\majid\Desktop\stock\venv\Lib\site-packages\django\template\base.py", line 508, in parse
    compiled_result = compile_func(self, token)
                      ^^^^^^^^^^^^^^^^^^^^^^^^^
  File "C:\Users\majid\Desktop\stock\venv\Lib\site-packages\django\template\defaulttags.py", line 860, in do_for
    nodelist_loop = parser.parse(
                    ^^^^^^^^^^^^^
  File "C:\Users\majid\Desktop\stock\venv\Lib\site-packages\django\template\base.py", line 510, in parse
    raise self.error(token, e)
  File "C:\Users\majid\Desktop\stock\venv\Lib\site-packages\django\template\base.py", line 508, in parse
    compiled_result = compile_func(self, token)
                      ^^^^^^^^^^^^^^^^^^^^^^^^^
  File "C:\Users\majid\Desktop\stock\venv\Lib\site-packages\django\template\defaulttags.py", line 974, in do_if
    nodelist = parser.parse(("endif",))
               ^^^^^^^^^^^^^^^^^^^^^^^^
  File "C:\Users\majid\Desktop\stock\venv\Lib\site-packages\django\template\base.py", line 504, in parse
    self.invalid_block_tag(token, command, parse_until)
  File "C:\Users\majid\Desktop\stock\venv\Lib\site-packages\django\template\base.py", line 555, in invalid_block_tag
    raise self.error(
django.template.exceptions.TemplateSyntaxError: Invalid block tag on line 135: 'endfor', expected 'endif'. Did you forget to register or load this tag?
2024-01-26 23:33:17,520 [ERROR] django.request: Internal Server Error: /logs/
Traceback (most recent call last):
  File "C:\Users\majid\Desktop\stock\venv\Lib\site-packages\django\core\paginator.py", line 65, in validate_number
    number = int(number)
             ^^^^^^^^^^^
ValueError: invalid literal for int() with base 10: ''

During handling of the above exception, another exception occurred:

Traceback (most recent call last):
  File "C:\Users\majid\Desktop\stock\venv\Lib\site-packages\django\core\handlers\exception.py", line 55, in inner
    response = get_response(request)
               ^^^^^^^^^^^^^^^^^^^^^
  File "C:\Users\majid\Desktop\stock\venv\Lib\site-packages\django\core\handlers\base.py", line 220, in _get_response
    response = response.render()
               ^^^^^^^^^^^^^^^^^
  File "C:\Users\majid\Desktop\stock\venv\Lib\site-packages\django\template\response.py", line 114, in render
    self.content = self.rendered_content
                   ^^^^^^^^^^^^^^^^^^^^^
  File "C:\Users\majid\Desktop\stock\venv\Lib\site-packages\django\template\response.py", line 92, in rendered_content
    return template.render(context, self._request)
           ^^^^^^^^^^^^^^^^^^^^^^^^^^^^^^^^^^^^^^^
  File "C:\Users\majid\Desktop\stock\venv\Lib\site-packages\django\template\backends\django.py", line 61, in render
    return self.template.render(context)
           ^^^^^^^^^^^^^^^^^^^^^^^^^^^^^
  File "C:\Users\majid\Desktop\stock\venv\Lib\site-packages\django\template\base.py", line 171, in render
    return self._render(context)
           ^^^^^^^^^^^^^^^^^^^^^
  File "C:\Users\majid\Desktop\stock\venv\Lib\site-packages\django\template\base.py", line 163, in _render
    return self.nodelist.render(context)
           ^^^^^^^^^^^^^^^^^^^^^^^^^^^^^
  File "C:\Users\majid\Desktop\stock\venv\Lib\site-packages\django\template\base.py", line 1000, in render
    return SafeString("".join([node.render_annotated(context) for node in self]))
                              ^^^^^^^^^^^^^^^^^^^^^^^^^^^^^^^^^^^^^^^^^^^^^^^^^
  File "C:\Users\majid\Desktop\stock\venv\Lib\site-packages\django\template\base.py", line 1000, in <listcomp>
    return SafeString("".join([node.render_annotated(context) for node in self]))
                               ^^^^^^^^^^^^^^^^^^^^^^^^^^^^^^
  File "C:\Users\majid\Desktop\stock\venv\Lib\site-packages\django\template\base.py", line 961, in render_annotated
    return self.render(context)
           ^^^^^^^^^^^^^^^^^^^^
  File "C:\Users\majid\Desktop\stock\venv\Lib\site-packages\django\template\loader_tags.py", line 159, in render
    return compiled_parent._render(context)
           ^^^^^^^^^^^^^^^^^^^^^^^^^^^^^^^^
  File "C:\Users\majid\Desktop\stock\venv\Lib\site-packages\django\template\base.py", line 163, in _render
    return self.nodelist.render(context)
           ^^^^^^^^^^^^^^^^^^^^^^^^^^^^^
  File "C:\Users\majid\Desktop\stock\venv\Lib\site-packages\django\template\base.py", line 1000, in render
    return SafeString("".join([node.render_annotated(context) for node in self]))
                              ^^^^^^^^^^^^^^^^^^^^^^^^^^^^^^^^^^^^^^^^^^^^^^^^^
  File "C:\Users\majid\Desktop\stock\venv\Lib\site-packages\django\template\base.py", line 1000, in <listcomp>
    return SafeString("".join([node.render_annotated(context) for node in self]))
                               ^^^^^^^^^^^^^^^^^^^^^^^^^^^^^^
  File "C:\Users\majid\Desktop\stock\venv\Lib\site-packages\django\template\base.py", line 961, in render_annotated
    return self.render(context)
           ^^^^^^^^^^^^^^^^^^^^
  File "C:\Users\majid\Desktop\stock\venv\Lib\site-packages\django\template\loader_tags.py", line 65, in render
    result = block.nodelist.render(context)
             ^^^^^^^^^^^^^^^^^^^^^^^^^^^^^^
  File "C:\Users\majid\Desktop\stock\venv\Lib\site-packages\django\template\base.py", line 1000, in render
    return SafeString("".join([node.render_annotated(context) for node in self]))
                              ^^^^^^^^^^^^^^^^^^^^^^^^^^^^^^^^^^^^^^^^^^^^^^^^^
  File "C:\Users\majid\Desktop\stock\venv\Lib\site-packages\django\template\base.py", line 1000, in <listcomp>
    return SafeString("".join([node.render_annotated(context) for node in self]))
                               ^^^^^^^^^^^^^^^^^^^^^^^^^^^^^^
  File "C:\Users\majid\Desktop\stock\venv\Lib\site-packages\django\template\base.py", line 961, in render_annotated
    return self.render(context)
           ^^^^^^^^^^^^^^^^^^^^
  File "C:\Users\majid\Desktop\stock\venv\Lib\site-packages\django\template\defaulttags.py", line 196, in render
    values = list(values)
             ^^^^^^^^^^^^
  File "C:\Users\majid\Desktop\stock\venv\Lib\site-packages\django\core\paginator.py", line 160, in get_elided_page_range
    number = self.validate_number(number)
             ^^^^^^^^^^^^^^^^^^^^^^^^^^^^
  File "C:\Users\majid\Desktop\stock\venv\Lib\site-packages\django\core\paginator.py", line 67, in validate_number
    raise PageNotAnInteger(self.error_messages["invalid_page"])
django.core.paginator.PageNotAnInteger: That page number is not an integer
2024-01-26 23:33:40,131 [INFO] django.utils.autoreload: C:\Users\majid\Desktop\stock\main\views.py changed, reloading.
2024-01-26 23:33:40,676 [INFO] django.utils.autoreload: Watching for file changes with StatReloader
2024-01-26 23:33:49,226 [INFO] django.utils.autoreload: C:\Users\majid\Desktop\stock\main\views.py changed, reloading.
2024-01-26 23:33:49,760 [INFO] django.utils.autoreload: Watching for file changes with StatReloader
2024-01-26 23:33:51,186 [INFO] django.utils.autoreload: C:\Users\majid\Desktop\stock\main\views.py changed, reloading.
2024-01-26 23:33:51,697 [INFO] django.utils.autoreload: Watching for file changes with StatReloader
2024-01-26 23:34:24,848 [INFO] django.utils.autoreload: C:\Users\majid\Desktop\stock\main\views.py changed, reloading.
2024-01-26 23:34:25,390 [INFO] django.utils.autoreload: Watching for file changes with StatReloader
2024-01-26 23:34:28,885 [INFO] django.utils.autoreload: C:\Users\majid\Desktop\stock\main\views.py changed, reloading.
2024-01-26 23:34:29,442 [INFO] django.utils.autoreload: Watching for file changes with StatReloader
2024-01-26 23:34:31,864 [INFO] django.utils.autoreload: C:\Users\majid\Desktop\stock\main\views.py changed, reloading.
2024-01-26 23:34:32,429 [INFO] django.utils.autoreload: Watching for file changes with StatReloader
2024-01-26 23:34:33,876 [ERROR] django.request: Internal Server Error: /logs/
Traceback (most recent call last):
  File "C:\Users\majid\Desktop\stock\venv\Lib\site-packages\django\core\paginator.py", line 65, in validate_number
    number = int(number)
             ^^^^^^^^^^^
ValueError: invalid literal for int() with base 10: ''

During handling of the above exception, another exception occurred:

Traceback (most recent call last):
  File "C:\Users\majid\Desktop\stock\venv\Lib\site-packages\django\core\handlers\exception.py", line 55, in inner
    response = get_response(request)
               ^^^^^^^^^^^^^^^^^^^^^
  File "C:\Users\majid\Desktop\stock\venv\Lib\site-packages\django\core\handlers\base.py", line 220, in _get_response
    response = response.render()
               ^^^^^^^^^^^^^^^^^
  File "C:\Users\majid\Desktop\stock\venv\Lib\site-packages\django\template\response.py", line 114, in render
    self.content = self.rendered_content
                   ^^^^^^^^^^^^^^^^^^^^^
  File "C:\Users\majid\Desktop\stock\venv\Lib\site-packages\django\template\response.py", line 92, in rendered_content
    return template.render(context, self._request)
           ^^^^^^^^^^^^^^^^^^^^^^^^^^^^^^^^^^^^^^^
  File "C:\Users\majid\Desktop\stock\venv\Lib\site-packages\django\template\backends\django.py", line 61, in render
    return self.template.render(context)
           ^^^^^^^^^^^^^^^^^^^^^^^^^^^^^
  File "C:\Users\majid\Desktop\stock\venv\Lib\site-packages\django\template\base.py", line 171, in render
    return self._render(context)
           ^^^^^^^^^^^^^^^^^^^^^
  File "C:\Users\majid\Desktop\stock\venv\Lib\site-packages\django\template\base.py", line 163, in _render
    return self.nodelist.render(context)
           ^^^^^^^^^^^^^^^^^^^^^^^^^^^^^
  File "C:\Users\majid\Desktop\stock\venv\Lib\site-packages\django\template\base.py", line 1000, in render
    return SafeString("".join([node.render_annotated(context) for node in self]))
                              ^^^^^^^^^^^^^^^^^^^^^^^^^^^^^^^^^^^^^^^^^^^^^^^^^
  File "C:\Users\majid\Desktop\stock\venv\Lib\site-packages\django\template\base.py", line 1000, in <listcomp>
    return SafeString("".join([node.render_annotated(context) for node in self]))
                               ^^^^^^^^^^^^^^^^^^^^^^^^^^^^^^
  File "C:\Users\majid\Desktop\stock\venv\Lib\site-packages\django\template\base.py", line 961, in render_annotated
    return self.render(context)
           ^^^^^^^^^^^^^^^^^^^^
  File "C:\Users\majid\Desktop\stock\venv\Lib\site-packages\django\template\loader_tags.py", line 159, in render
    return compiled_parent._render(context)
           ^^^^^^^^^^^^^^^^^^^^^^^^^^^^^^^^
  File "C:\Users\majid\Desktop\stock\venv\Lib\site-packages\django\template\base.py", line 163, in _render
    return self.nodelist.render(context)
           ^^^^^^^^^^^^^^^^^^^^^^^^^^^^^
  File "C:\Users\majid\Desktop\stock\venv\Lib\site-packages\django\template\base.py", line 1000, in render
    return SafeString("".join([node.render_annotated(context) for node in self]))
                              ^^^^^^^^^^^^^^^^^^^^^^^^^^^^^^^^^^^^^^^^^^^^^^^^^
  File "C:\Users\majid\Desktop\stock\venv\Lib\site-packages\django\template\base.py", line 1000, in <listcomp>
    return SafeString("".join([node.render_annotated(context) for node in self]))
                               ^^^^^^^^^^^^^^^^^^^^^^^^^^^^^^
  File "C:\Users\majid\Desktop\stock\venv\Lib\site-packages\django\template\base.py", line 961, in render_annotated
    return self.render(context)
           ^^^^^^^^^^^^^^^^^^^^
  File "C:\Users\majid\Desktop\stock\venv\Lib\site-packages\django\template\loader_tags.py", line 65, in render
    result = block.nodelist.render(context)
             ^^^^^^^^^^^^^^^^^^^^^^^^^^^^^^
  File "C:\Users\majid\Desktop\stock\venv\Lib\site-packages\django\template\base.py", line 1000, in render
    return SafeString("".join([node.render_annotated(context) for node in self]))
                              ^^^^^^^^^^^^^^^^^^^^^^^^^^^^^^^^^^^^^^^^^^^^^^^^^
  File "C:\Users\majid\Desktop\stock\venv\Lib\site-packages\django\template\base.py", line 1000, in <listcomp>
    return SafeString("".join([node.render_annotated(context) for node in self]))
                               ^^^^^^^^^^^^^^^^^^^^^^^^^^^^^^
  File "C:\Users\majid\Desktop\stock\venv\Lib\site-packages\django\template\base.py", line 961, in render_annotated
    return self.render(context)
           ^^^^^^^^^^^^^^^^^^^^
  File "C:\Users\majid\Desktop\stock\venv\Lib\site-packages\django\template\defaulttags.py", line 196, in render
    values = list(values)
             ^^^^^^^^^^^^
  File "C:\Users\majid\Desktop\stock\venv\Lib\site-packages\django\core\paginator.py", line 160, in get_elided_page_range
    number = self.validate_number(number)
             ^^^^^^^^^^^^^^^^^^^^^^^^^^^^
  File "C:\Users\majid\Desktop\stock\venv\Lib\site-packages\django\core\paginator.py", line 67, in validate_number
    raise PageNotAnInteger(self.error_messages["invalid_page"])
django.core.paginator.PageNotAnInteger: That page number is not an integer
2024-01-26 23:34:51,594 [INFO] django.utils.autoreload: C:\Users\majid\Desktop\stock\main\views.py changed, reloading.
2024-01-26 23:34:52,136 [INFO] django.utils.autoreload: Watching for file changes with StatReloader
2024-01-26 23:34:57,634 [INFO] django.utils.autoreload: C:\Users\majid\Desktop\stock\main\views.py changed, reloading.
2024-01-26 23:34:58,126 [INFO] django.utils.autoreload: Watching for file changes with StatReloader
2024-01-26 23:34:59,331 [INFO] django.utils.autoreload: C:\Users\majid\Desktop\stock\main\views.py changed, reloading.
2024-01-26 23:34:59,841 [INFO] django.utils.autoreload: Watching for file changes with StatReloader
2024-01-26 23:35:02,063 [INFO] django.utils.autoreload: C:\Users\majid\Desktop\stock\main\views.py changed, reloading.
2024-01-26 23:35:02,580 [INFO] django.utils.autoreload: Watching for file changes with StatReloader
2024-01-26 23:36:11,869 [ERROR] django.request: Internal Server Error: /logs/
Traceback (most recent call last):
  File "C:\Users\majid\Desktop\stock\venv\Lib\site-packages\django\template\base.py", line 502, in parse
    compile_func = self.tags[command]
                   ~~~~~~~~~^^^^^^^^^
KeyError: 'endfor'

During handling of the above exception, another exception occurred:

Traceback (most recent call last):
  File "C:\Users\majid\Desktop\stock\venv\Lib\site-packages\django\core\handlers\exception.py", line 55, in inner
    response = get_response(request)
               ^^^^^^^^^^^^^^^^^^^^^
  File "C:\Users\majid\Desktop\stock\venv\Lib\site-packages\django\core\handlers\base.py", line 220, in _get_response
    response = response.render()
               ^^^^^^^^^^^^^^^^^
  File "C:\Users\majid\Desktop\stock\venv\Lib\site-packages\django\template\response.py", line 114, in render
    self.content = self.rendered_content
                   ^^^^^^^^^^^^^^^^^^^^^
  File "C:\Users\majid\Desktop\stock\venv\Lib\site-packages\django\template\response.py", line 90, in rendered_content
    template = self.resolve_template(self.template_name)
               ^^^^^^^^^^^^^^^^^^^^^^^^^^^^^^^^^^^^^^^^^
  File "C:\Users\majid\Desktop\stock\venv\Lib\site-packages\django\template\response.py", line 72, in resolve_template
    return select_template(template, using=self.using)
           ^^^^^^^^^^^^^^^^^^^^^^^^^^^^^^^^^^^^^^^^^^^
  File "C:\Users\majid\Desktop\stock\venv\Lib\site-packages\django\template\loader.py", line 42, in select_template
    return engine.get_template(template_name)
           ^^^^^^^^^^^^^^^^^^^^^^^^^^^^^^^^^^
  File "C:\Users\majid\Desktop\stock\venv\Lib\site-packages\django\template\backends\django.py", line 33, in get_template
    return Template(self.engine.get_template(template_name), self)
                    ^^^^^^^^^^^^^^^^^^^^^^^^^^^^^^^^^^^^^^^
  File "C:\Users\majid\Desktop\stock\venv\Lib\site-packages\django\template\engine.py", line 175, in get_template
    template, origin = self.find_template(template_name)
                       ^^^^^^^^^^^^^^^^^^^^^^^^^^^^^^^^^
  File "C:\Users\majid\Desktop\stock\venv\Lib\site-packages\django\template\engine.py", line 157, in find_template
    template = loader.get_template(name, skip=skip)
               ^^^^^^^^^^^^^^^^^^^^^^^^^^^^^^^^^^^^
  File "C:\Users\majid\Desktop\stock\venv\Lib\site-packages\django\template\loaders\cached.py", line 57, in get_template
    template = super().get_template(template_name, skip)
               ^^^^^^^^^^^^^^^^^^^^^^^^^^^^^^^^^^^^^^^^^
  File "C:\Users\majid\Desktop\stock\venv\Lib\site-packages\django\template\loaders\base.py", line 28, in get_template
    return Template(
           ^^^^^^^^^
  File "C:\Users\majid\Desktop\stock\venv\Lib\site-packages\django\template\base.py", line 154, in __init__
    self.nodelist = self.compile_nodelist()
                    ^^^^^^^^^^^^^^^^^^^^^^^
  File "C:\Users\majid\Desktop\stock\venv\Lib\site-packages\django\template\base.py", line 196, in compile_nodelist
    return parser.parse()
           ^^^^^^^^^^^^^^
  File "C:\Users\majid\Desktop\stock\venv\Lib\site-packages\django\template\base.py", line 510, in parse
    raise self.error(token, e)
  File "C:\Users\majid\Desktop\stock\venv\Lib\site-packages\django\template\base.py", line 508, in parse
    compiled_result = compile_func(self, token)
                      ^^^^^^^^^^^^^^^^^^^^^^^^^
  File "C:\Users\majid\Desktop\stock\venv\Lib\site-packages\django\template\loader_tags.py", line 295, in do_extends
    nodelist = parser.parse()
               ^^^^^^^^^^^^^^
  File "C:\Users\majid\Desktop\stock\venv\Lib\site-packages\django\template\base.py", line 510, in parse
    raise self.error(token, e)
  File "C:\Users\majid\Desktop\stock\venv\Lib\site-packages\django\template\base.py", line 508, in parse
    compiled_result = compile_func(self, token)
                      ^^^^^^^^^^^^^^^^^^^^^^^^^
  File "C:\Users\majid\Desktop\stock\venv\Lib\site-packages\django\template\loader_tags.py", line 234, in do_block
    nodelist = parser.parse(("endblock",))
               ^^^^^^^^^^^^^^^^^^^^^^^^^^^
  File "C:\Users\majid\Desktop\stock\venv\Lib\site-packages\django\template\base.py", line 510, in parse
    raise self.error(token, e)
  File "C:\Users\majid\Desktop\stock\venv\Lib\site-packages\django\template\base.py", line 508, in parse
    compiled_result = compile_func(self, token)
                      ^^^^^^^^^^^^^^^^^^^^^^^^^
  File "C:\Users\majid\Desktop\stock\venv\Lib\site-packages\django\template\defaulttags.py", line 960, in do_if
    nodelist = parser.parse(("elif", "else", "endif"))
               ^^^^^^^^^^^^^^^^^^^^^^^^^^^^^^^^^^^^^^^
  File "C:\Users\majid\Desktop\stock\venv\Lib\site-packages\django\template\base.py", line 510, in parse
    raise self.error(token, e)
  File "C:\Users\majid\Desktop\stock\venv\Lib\site-packages\django\template\base.py", line 508, in parse
    compiled_result = compile_func(self, token)
                      ^^^^^^^^^^^^^^^^^^^^^^^^^
  File "C:\Users\majid\Desktop\stock\venv\Lib\site-packages\django\template\defaulttags.py", line 860, in do_for
    nodelist_loop = parser.parse(
                    ^^^^^^^^^^^^^
  File "C:\Users\majid\Desktop\stock\venv\Lib\site-packages\django\template\base.py", line 510, in parse
    raise self.error(token, e)
  File "C:\Users\majid\Desktop\stock\venv\Lib\site-packages\django\template\base.py", line 508, in parse
    compiled_result = compile_func(self, token)
                      ^^^^^^^^^^^^^^^^^^^^^^^^^
  File "C:\Users\majid\Desktop\stock\venv\Lib\site-packages\django\template\defaulttags.py", line 974, in do_if
    nodelist = parser.parse(("endif",))
               ^^^^^^^^^^^^^^^^^^^^^^^^
  File "C:\Users\majid\Desktop\stock\venv\Lib\site-packages\django\template\base.py", line 504, in parse
    self.invalid_block_tag(token, command, parse_until)
  File "C:\Users\majid\Desktop\stock\venv\Lib\site-packages\django\template\base.py", line 555, in invalid_block_tag
    raise self.error(
django.template.exceptions.TemplateSyntaxError: Invalid block tag on line 132: 'endfor', expected 'endif'. Did you forget to register or load this tag?
2024-01-26 23:41:25,680 [INFO] django.utils.autoreload: C:\Users\majid\Desktop\stock\main\views.py changed, reloading.
2024-01-26 23:41:26,244 [INFO] django.utils.autoreload: Watching for file changes with StatReloader
2024-01-26 23:41:49,142 [INFO] django.utils.autoreload: C:\Users\majid\Desktop\stock\main\views.py changed, reloading.
2024-01-26 23:41:49,666 [INFO] django.utils.autoreload: Watching for file changes with StatReloader
2024-01-26 23:42:46,092 [INFO] django.utils.autoreload: C:\Users\majid\Desktop\stock\main\views.py changed, reloading.
2024-01-26 23:42:46,617 [INFO] django.utils.autoreload: Watching for file changes with StatReloader
2024-01-26 23:42:49,871 [INFO] django.utils.autoreload: C:\Users\majid\Desktop\stock\main\views.py changed, reloading.
2024-01-26 23:42:50,426 [INFO] django.utils.autoreload: Watching for file changes with StatReloader
2024-01-26 23:42:53,715 [INFO] django.utils.autoreload: C:\Users\majid\Desktop\stock\main\views.py changed, reloading.
2024-01-26 23:42:54,243 [INFO] django.utils.autoreload: Watching for file changes with StatReloader
2024-01-26 23:42:55,449 [INFO] django.utils.autoreload: C:\Users\majid\Desktop\stock\main\views.py changed, reloading.
2024-01-26 23:42:55,928 [INFO] django.utils.autoreload: Watching for file changes with StatReloader
2024-01-26 23:42:58,138 [INFO] django.utils.autoreload: C:\Users\majid\Desktop\stock\main\views.py changed, reloading.
2024-01-26 23:42:58,636 [INFO] django.utils.autoreload: Watching for file changes with StatReloader
2024-01-26 23:42:59,878 [INFO] django.utils.autoreload: C:\Users\majid\Desktop\stock\main\views.py changed, reloading.
2024-01-26 23:43:00,398 [INFO] django.utils.autoreload: Watching for file changes with StatReloader
2024-01-26 23:43:02,625 [INFO] django.utils.autoreload: C:\Users\majid\Desktop\stock\main\views.py changed, reloading.
2024-01-26 23:43:03,137 [INFO] django.utils.autoreload: Watching for file changes with StatReloader
2024-01-26 23:43:16,600 [INFO] django.utils.autoreload: C:\Users\majid\Desktop\stock\main\views.py changed, reloading.
2024-01-26 23:43:17,091 [INFO] django.utils.autoreload: Watching for file changes with StatReloader
2024-01-26 23:43:26,469 [INFO] django.utils.autoreload: C:\Users\majid\Desktop\stock\main\views.py changed, reloading.
2024-01-26 23:43:26,948 [INFO] django.utils.autoreload: Watching for file changes with StatReloader
2024-01-26 23:43:46,766 [INFO] django.utils.autoreload: C:\Users\majid\Desktop\stock\main\views.py changed, reloading.
2024-01-26 23:43:47,278 [INFO] django.utils.autoreload: Watching for file changes with StatReloader
2024-01-26 23:43:51,742 [INFO] django.utils.autoreload: C:\Users\majid\Desktop\stock\main\views.py changed, reloading.
2024-01-26 23:43:52,303 [INFO] django.utils.autoreload: Watching for file changes with StatReloader
2024-01-26 23:43:53,694 [INFO] django.utils.autoreload: C:\Users\majid\Desktop\stock\main\views.py changed, reloading.
2024-01-26 23:43:54,225 [INFO] django.utils.autoreload: Watching for file changes with StatReloader
2024-01-26 23:43:55,415 [INFO] django.utils.autoreload: C:\Users\majid\Desktop\stock\main\views.py changed, reloading.
2024-01-26 23:43:55,901 [INFO] django.utils.autoreload: Watching for file changes with StatReloader
2024-01-26 23:43:59,313 [INFO] django.utils.autoreload: C:\Users\majid\Desktop\stock\main\views.py changed, reloading.
2024-01-26 23:43:59,805 [INFO] django.utils.autoreload: Watching for file changes with StatReloader
2024-01-26 23:44:30,897 [INFO] django.utils.autoreload: C:\Users\majid\Desktop\stock\main\views.py changed, reloading.
2024-01-26 23:44:31,430 [INFO] django.utils.autoreload: Watching for file changes with StatReloader
2024-01-26 23:44:32,792 [INFO] django.utils.autoreload: C:\Users\majid\Desktop\stock\main\views.py changed, reloading.
2024-01-26 23:44:33,338 [INFO] django.utils.autoreload: Watching for file changes with StatReloader
2024-01-26 23:44:35,746 [INFO] django.utils.autoreload: C:\Users\majid\Desktop\stock\main\views.py changed, reloading.
2024-01-26 23:44:36,262 [INFO] django.utils.autoreload: Watching for file changes with StatReloader
2024-01-26 23:44:41,764 [INFO] django.utils.autoreload: C:\Users\majid\Desktop\stock\main\views.py changed, reloading.
2024-01-26 23:44:42,254 [INFO] django.utils.autoreload: Watching for file changes with StatReloader
2024-01-26 23:44:51,828 [INFO] django.utils.autoreload: C:\Users\majid\Desktop\stock\main\views.py changed, reloading.
2024-01-26 23:44:52,330 [INFO] django.utils.autoreload: Watching for file changes with StatReloader
2024-01-26 23:44:54,747 [INFO] django.utils.autoreload: C:\Users\majid\Desktop\stock\main\views.py changed, reloading.
2024-01-26 23:44:55,248 [INFO] django.utils.autoreload: Watching for file changes with StatReloader
2024-01-26 23:45:13,030 [INFO] django.utils.autoreload: C:\Users\majid\Desktop\stock\main\views.py changed, reloading.
2024-01-26 23:45:13,520 [INFO] django.utils.autoreload: Watching for file changes with StatReloader
2024-01-26 23:45:16,944 [INFO] django.utils.autoreload: C:\Users\majid\Desktop\stock\main\views.py changed, reloading.
2024-01-26 23:45:17,435 [INFO] django.utils.autoreload: Watching for file changes with StatReloader
2024-01-26 23:45:23,908 [INFO] django.utils.autoreload: C:\Users\majid\Desktop\stock\main\views.py changed, reloading.
2024-01-26 23:45:24,411 [INFO] django.utils.autoreload: Watching for file changes with StatReloader
2024-01-26 23:45:26,846 [INFO] django.utils.autoreload: C:\Users\majid\Desktop\stock\main\views.py changed, reloading.
2024-01-26 23:45:27,391 [INFO] django.utils.autoreload: Watching for file changes with StatReloader
2024-01-26 23:45:31,663 [INFO] django.utils.autoreload: C:\Users\majid\Desktop\stock\main\views.py changed, reloading.
2024-01-26 23:45:32,182 [INFO] django.utils.autoreload: Watching for file changes with StatReloader
2024-01-26 23:45:35,614 [INFO] django.utils.autoreload: C:\Users\majid\Desktop\stock\main\views.py changed, reloading.
2024-01-26 23:45:36,175 [INFO] django.utils.autoreload: Watching for file changes with StatReloader
2024-01-26 23:45:39,603 [INFO] django.utils.autoreload: C:\Users\majid\Desktop\stock\main\views.py changed, reloading.
2024-01-26 23:45:40,112 [INFO] django.utils.autoreload: Watching for file changes with StatReloader
2024-01-26 23:45:41,348 [INFO] django.utils.autoreload: C:\Users\majid\Desktop\stock\main\views.py changed, reloading.
2024-01-26 23:45:41,866 [INFO] django.utils.autoreload: Watching for file changes with StatReloader
2024-01-26 23:45:43,114 [INFO] django.utils.autoreload: C:\Users\majid\Desktop\stock\main\views.py changed, reloading.
2024-01-26 23:45:43,603 [INFO] django.utils.autoreload: Watching for file changes with StatReloader
2024-01-26 23:45:57,264 [INFO] django.utils.autoreload: C:\Users\majid\Desktop\stock\main\views.py changed, reloading.
2024-01-26 23:45:57,750 [INFO] django.utils.autoreload: Watching for file changes with StatReloader
2024-01-26 23:46:00,169 [INFO] django.utils.autoreload: C:\Users\majid\Desktop\stock\main\views.py changed, reloading.
2024-01-26 23:46:00,659 [INFO] django.utils.autoreload: Watching for file changes with StatReloader
2024-01-26 23:46:09,215 [INFO] django.utils.autoreload: C:\Users\majid\Desktop\stock\main\views.py changed, reloading.
2024-01-26 23:46:09,754 [INFO] django.utils.autoreload: Watching for file changes with StatReloader
2024-01-26 23:46:14,230 [INFO] django.utils.autoreload: C:\Users\majid\Desktop\stock\main\views.py changed, reloading.
2024-01-26 23:46:14,745 [INFO] django.utils.autoreload: Watching for file changes with StatReloader
2024-01-26 23:46:18,162 [INFO] django.utils.autoreload: C:\Users\majid\Desktop\stock\main\views.py changed, reloading.
2024-01-26 23:46:18,680 [INFO] django.utils.autoreload: Watching for file changes with StatReloader
2024-01-26 23:46:23,135 [INFO] django.utils.autoreload: C:\Users\majid\Desktop\stock\main\views.py changed, reloading.
2024-01-26 23:46:23,637 [INFO] django.utils.autoreload: Watching for file changes with StatReloader
2024-01-26 23:46:28,088 [INFO] django.utils.autoreload: C:\Users\majid\Desktop\stock\main\views.py changed, reloading.
2024-01-26 23:46:28,591 [INFO] django.utils.autoreload: Watching for file changes with StatReloader
2024-01-26 23:46:44,336 [INFO] django.utils.autoreload: C:\Users\majid\Desktop\stock\main\views.py changed, reloading.
2024-01-26 23:46:44,853 [INFO] django.utils.autoreload: Watching for file changes with StatReloader
2024-01-26 23:46:47,301 [INFO] django.utils.autoreload: C:\Users\majid\Desktop\stock\main\views.py changed, reloading.
2024-01-26 23:46:47,817 [INFO] django.utils.autoreload: Watching for file changes with StatReloader
2024-01-26 23:46:50,272 [INFO] django.utils.autoreload: C:\Users\majid\Desktop\stock\main\views.py changed, reloading.
2024-01-26 23:46:50,838 [INFO] django.utils.autoreload: Watching for file changes with StatReloader
2024-01-26 23:47:14,791 [INFO] django.utils.autoreload: C:\Users\majid\Desktop\stock\main\views.py changed, reloading.
2024-01-26 23:47:15,451 [INFO] django.utils.autoreload: Watching for file changes with StatReloader
2024-01-26 23:47:17,758 [ERROR] django.request: Internal Server Error: /logs/
Traceback (most recent call last):
  File "C:\Users\majid\Desktop\stock\venv\Lib\site-packages\django\core\handlers\exception.py", line 55, in inner
    response = get_response(request)
               ^^^^^^^^^^^^^^^^^^^^^
  File "C:\Users\majid\Desktop\stock\venv\Lib\site-packages\django\core\handlers\base.py", line 204, in _get_response
    self.check_response(response, callback)
  File "C:\Users\majid\Desktop\stock\venv\Lib\site-packages\django\core\handlers\base.py", line 332, in check_response
    raise ValueError(
ValueError: The view main.views.view didn't return an HttpResponse object. It returned None instead.
2024-01-26 23:47:31,407 [INFO] django.utils.autoreload: C:\Users\majid\Desktop\stock\main\views.py changed, reloading.
2024-01-26 23:47:31,994 [INFO] django.utils.autoreload: Watching for file changes with StatReloader
2024-01-26 23:47:33,372 [INFO] django.utils.autoreload: C:\Users\majid\Desktop\stock\main\views.py changed, reloading.
2024-01-26 23:47:33,896 [INFO] django.utils.autoreload: Watching for file changes with StatReloader
2024-01-26 23:47:37,372 [INFO] django.utils.autoreload: C:\Users\majid\Desktop\stock\main\views.py changed, reloading.
2024-01-26 23:47:37,988 [INFO] django.utils.autoreload: Watching for file changes with StatReloader
2024-01-26 23:47:44,494 [INFO] django.utils.autoreload: C:\Users\majid\Desktop\stock\main\views.py changed, reloading.
2024-01-26 23:47:45,016 [INFO] django.utils.autoreload: Watching for file changes with StatReloader
2024-01-26 23:47:53,671 [INFO] django.utils.autoreload: C:\Users\majid\Desktop\stock\main\views.py changed, reloading.
2024-01-26 23:47:54,218 [INFO] django.utils.autoreload: Watching for file changes with StatReloader
2024-01-26 23:47:55,920 [ERROR] django.request: Internal Server Error: /logs/
Traceback (most recent call last):
  File "C:\Users\majid\Desktop\stock\venv\Lib\site-packages\django\core\handlers\exception.py", line 55, in inner
    response = get_response(request)
               ^^^^^^^^^^^^^^^^^^^^^
  File "C:\Users\majid\Desktop\stock\venv\Lib\site-packages\django\core\handlers\base.py", line 197, in _get_response
    response = wrapped_callback(request, *callback_args, **callback_kwargs)
               ^^^^^^^^^^^^^^^^^^^^^^^^^^^^^^^^^^^^^^^^^^^^^^^^^^^^^^^^^^^^
  File "C:\Users\majid\Desktop\stock\venv\Lib\site-packages\django\views\generic\base.py", line 104, in view
    return self.dispatch(request, *args, **kwargs)
           ^^^^^^^^^^^^^^^^^^^^^^^^^^^^^^^^^^^^^^^
  File "C:\Users\majid\Desktop\stock\venv\Lib\site-packages\django\views\generic\base.py", line 143, in dispatch
    return handler(request, *args, **kwargs)
           ^^^^^^^^^^^^^^^^^^^^^^^^^^^^^^^^^
  File "C:\Users\majid\Desktop\stock\main\views.py", line 606, in get
    return render(request,'main/logs/list.html',context=context)
           ^^^^^^^^^^^^^^^^^^^^^^^^^^^^^^^^^^^^^^^^^^^^^^^^^^^^^
  File "C:\Users\majid\Desktop\stock\venv\Lib\site-packages\django\shortcuts.py", line 24, in render
    content = loader.render_to_string(template_name, context, request, using=using)
              ^^^^^^^^^^^^^^^^^^^^^^^^^^^^^^^^^^^^^^^^^^^^^^^^^^^^^^^^^^^^^^^^^^^^^
  File "C:\Users\majid\Desktop\stock\venv\Lib\site-packages\django\template\loader.py", line 62, in render_to_string
    return template.render(context, request)
           ^^^^^^^^^^^^^^^^^^^^^^^^^^^^^^^^^
  File "C:\Users\majid\Desktop\stock\venv\Lib\site-packages\django\template\backends\django.py", line 61, in render
    return self.template.render(context)
           ^^^^^^^^^^^^^^^^^^^^^^^^^^^^^
  File "C:\Users\majid\Desktop\stock\venv\Lib\site-packages\django\template\base.py", line 171, in render
    return self._render(context)
           ^^^^^^^^^^^^^^^^^^^^^
  File "C:\Users\majid\Desktop\stock\venv\Lib\site-packages\django\template\base.py", line 163, in _render
    return self.nodelist.render(context)
           ^^^^^^^^^^^^^^^^^^^^^^^^^^^^^
  File "C:\Users\majid\Desktop\stock\venv\Lib\site-packages\django\template\base.py", line 1000, in render
    return SafeString("".join([node.render_annotated(context) for node in self]))
                              ^^^^^^^^^^^^^^^^^^^^^^^^^^^^^^^^^^^^^^^^^^^^^^^^^
  File "C:\Users\majid\Desktop\stock\venv\Lib\site-packages\django\template\base.py", line 1000, in <listcomp>
    return SafeString("".join([node.render_annotated(context) for node in self]))
                               ^^^^^^^^^^^^^^^^^^^^^^^^^^^^^^
  File "C:\Users\majid\Desktop\stock\venv\Lib\site-packages\django\template\base.py", line 961, in render_annotated
    return self.render(context)
           ^^^^^^^^^^^^^^^^^^^^
  File "C:\Users\majid\Desktop\stock\venv\Lib\site-packages\django\template\loader_tags.py", line 159, in render
    return compiled_parent._render(context)
           ^^^^^^^^^^^^^^^^^^^^^^^^^^^^^^^^
  File "C:\Users\majid\Desktop\stock\venv\Lib\site-packages\django\template\base.py", line 163, in _render
    return self.nodelist.render(context)
           ^^^^^^^^^^^^^^^^^^^^^^^^^^^^^
  File "C:\Users\majid\Desktop\stock\venv\Lib\site-packages\django\template\base.py", line 1000, in render
    return SafeString("".join([node.render_annotated(context) for node in self]))
                              ^^^^^^^^^^^^^^^^^^^^^^^^^^^^^^^^^^^^^^^^^^^^^^^^^
  File "C:\Users\majid\Desktop\stock\venv\Lib\site-packages\django\template\base.py", line 1000, in <listcomp>
    return SafeString("".join([node.render_annotated(context) for node in self]))
                               ^^^^^^^^^^^^^^^^^^^^^^^^^^^^^^
  File "C:\Users\majid\Desktop\stock\venv\Lib\site-packages\django\template\base.py", line 961, in render_annotated
    return self.render(context)
           ^^^^^^^^^^^^^^^^^^^^
  File "C:\Users\majid\Desktop\stock\venv\Lib\site-packages\django\template\loader_tags.py", line 65, in render
    result = block.nodelist.render(context)
             ^^^^^^^^^^^^^^^^^^^^^^^^^^^^^^
  File "C:\Users\majid\Desktop\stock\venv\Lib\site-packages\django\template\base.py", line 1000, in render
    return SafeString("".join([node.render_annotated(context) for node in self]))
                              ^^^^^^^^^^^^^^^^^^^^^^^^^^^^^^^^^^^^^^^^^^^^^^^^^
  File "C:\Users\majid\Desktop\stock\venv\Lib\site-packages\django\template\base.py", line 1000, in <listcomp>
    return SafeString("".join([node.render_annotated(context) for node in self]))
                               ^^^^^^^^^^^^^^^^^^^^^^^^^^^^^^
  File "C:\Users\majid\Desktop\stock\venv\Lib\site-packages\django\template\base.py", line 961, in render_annotated
    return self.render(context)
           ^^^^^^^^^^^^^^^^^^^^
  File "C:\Users\majid\Desktop\stock\venv\Lib\site-packages\django\template\library.py", line 237, in render
    output = self.func(*resolved_args, **resolved_kwargs)
             ^^^^^^^^^^^^^^^^^^^^^^^^^^^^^^^^^^^^^^^^^^^^
  File "C:\Users\majid\Desktop\stock\main\templatetags\paginator_tags.py", line 9, in get_proper_elided_page_range
    paginator = Paginator(p.object_list, p.per_page)
                          ^^^^^^^^^^^^^
AttributeError: 'str' object has no attribute 'object_list'
2024-01-26 23:49:09,609 [INFO] django.utils.autoreload: C:\Users\majid\Desktop\stock\main\views.py changed, reloading.
2024-01-26 23:49:10,162 [INFO] django.utils.autoreload: Watching for file changes with StatReloader
2024-01-26 23:49:13,623 [INFO] django.utils.autoreload: C:\Users\majid\Desktop\stock\main\views.py changed, reloading.
2024-01-26 23:49:14,145 [INFO] django.utils.autoreload: Watching for file changes with StatReloader
2024-01-26 23:49:30,007 [ERROR] django.request: Internal Server Error: /logs/
Traceback (most recent call last):
  File "C:\Users\majid\Desktop\stock\venv\Lib\site-packages\django\core\handlers\exception.py", line 55, in inner
    response = get_response(request)
               ^^^^^^^^^^^^^^^^^^^^^
  File "C:\Users\majid\Desktop\stock\venv\Lib\site-packages\django\core\handlers\base.py", line 197, in _get_response
    response = wrapped_callback(request, *callback_args, **callback_kwargs)
               ^^^^^^^^^^^^^^^^^^^^^^^^^^^^^^^^^^^^^^^^^^^^^^^^^^^^^^^^^^^^
  File "C:\Users\majid\Desktop\stock\venv\Lib\site-packages\django\views\generic\base.py", line 104, in view
    return self.dispatch(request, *args, **kwargs)
           ^^^^^^^^^^^^^^^^^^^^^^^^^^^^^^^^^^^^^^^
  File "C:\Users\majid\Desktop\stock\venv\Lib\site-packages\django\views\generic\base.py", line 143, in dispatch
    return handler(request, *args, **kwargs)
           ^^^^^^^^^^^^^^^^^^^^^^^^^^^^^^^^^
  File "C:\Users\majid\Desktop\stock\main\views.py", line 607, in get
    return render(request,'main/logs/list.html',context=context)
           ^^^^^^^^^^^^^^^^^^^^^^^^^^^^^^^^^^^^^^^^^^^^^^^^^^^^^
  File "C:\Users\majid\Desktop\stock\venv\Lib\site-packages\django\shortcuts.py", line 24, in render
    content = loader.render_to_string(template_name, context, request, using=using)
              ^^^^^^^^^^^^^^^^^^^^^^^^^^^^^^^^^^^^^^^^^^^^^^^^^^^^^^^^^^^^^^^^^^^^^
  File "C:\Users\majid\Desktop\stock\venv\Lib\site-packages\django\template\loader.py", line 62, in render_to_string
    return template.render(context, request)
           ^^^^^^^^^^^^^^^^^^^^^^^^^^^^^^^^^
  File "C:\Users\majid\Desktop\stock\venv\Lib\site-packages\django\template\backends\django.py", line 61, in render
    return self.template.render(context)
           ^^^^^^^^^^^^^^^^^^^^^^^^^^^^^
  File "C:\Users\majid\Desktop\stock\venv\Lib\site-packages\django\template\base.py", line 171, in render
    return self._render(context)
           ^^^^^^^^^^^^^^^^^^^^^
  File "C:\Users\majid\Desktop\stock\venv\Lib\site-packages\django\template\base.py", line 163, in _render
    return self.nodelist.render(context)
           ^^^^^^^^^^^^^^^^^^^^^^^^^^^^^
  File "C:\Users\majid\Desktop\stock\venv\Lib\site-packages\django\template\base.py", line 1000, in render
    return SafeString("".join([node.render_annotated(context) for node in self]))
                              ^^^^^^^^^^^^^^^^^^^^^^^^^^^^^^^^^^^^^^^^^^^^^^^^^
  File "C:\Users\majid\Desktop\stock\venv\Lib\site-packages\django\template\base.py", line 1000, in <listcomp>
    return SafeString("".join([node.render_annotated(context) for node in self]))
                               ^^^^^^^^^^^^^^^^^^^^^^^^^^^^^^
  File "C:\Users\majid\Desktop\stock\venv\Lib\site-packages\django\template\base.py", line 961, in render_annotated
    return self.render(context)
           ^^^^^^^^^^^^^^^^^^^^
  File "C:\Users\majid\Desktop\stock\venv\Lib\site-packages\django\template\loader_tags.py", line 159, in render
    return compiled_parent._render(context)
           ^^^^^^^^^^^^^^^^^^^^^^^^^^^^^^^^
  File "C:\Users\majid\Desktop\stock\venv\Lib\site-packages\django\template\base.py", line 163, in _render
    return self.nodelist.render(context)
           ^^^^^^^^^^^^^^^^^^^^^^^^^^^^^
  File "C:\Users\majid\Desktop\stock\venv\Lib\site-packages\django\template\base.py", line 1000, in render
    return SafeString("".join([node.render_annotated(context) for node in self]))
                              ^^^^^^^^^^^^^^^^^^^^^^^^^^^^^^^^^^^^^^^^^^^^^^^^^
  File "C:\Users\majid\Desktop\stock\venv\Lib\site-packages\django\template\base.py", line 1000, in <listcomp>
    return SafeString("".join([node.render_annotated(context) for node in self]))
                               ^^^^^^^^^^^^^^^^^^^^^^^^^^^^^^
  File "C:\Users\majid\Desktop\stock\venv\Lib\site-packages\django\template\base.py", line 961, in render_annotated
    return self.render(context)
           ^^^^^^^^^^^^^^^^^^^^
  File "C:\Users\majid\Desktop\stock\venv\Lib\site-packages\django\template\loader_tags.py", line 65, in render
    result = block.nodelist.render(context)
             ^^^^^^^^^^^^^^^^^^^^^^^^^^^^^^
  File "C:\Users\majid\Desktop\stock\venv\Lib\site-packages\django\template\base.py", line 1000, in render
    return SafeString("".join([node.render_annotated(context) for node in self]))
                              ^^^^^^^^^^^^^^^^^^^^^^^^^^^^^^^^^^^^^^^^^^^^^^^^^
  File "C:\Users\majid\Desktop\stock\venv\Lib\site-packages\django\template\base.py", line 1000, in <listcomp>
    return SafeString("".join([node.render_annotated(context) for node in self]))
                               ^^^^^^^^^^^^^^^^^^^^^^^^^^^^^^
  File "C:\Users\majid\Desktop\stock\venv\Lib\site-packages\django\template\base.py", line 961, in render_annotated
    return self.render(context)
           ^^^^^^^^^^^^^^^^^^^^
  File "C:\Users\majid\Desktop\stock\venv\Lib\site-packages\django\template\library.py", line 237, in render
    output = self.func(*resolved_args, **resolved_kwargs)
             ^^^^^^^^^^^^^^^^^^^^^^^^^^^^^^^^^^^^^^^^^^^^
  File "C:\Users\majid\Desktop\stock\main\templatetags\paginator_tags.py", line 9, in get_proper_elided_page_range
    paginator = Paginator(p.object_list, p.per_page)
                          ^^^^^^^^^^^^^
AttributeError: 'str' object has no attribute 'object_list'
2024-01-26 23:51:11,677 [INFO] django.utils.autoreload: C:\Users\majid\Desktop\stock\main\views.py changed, reloading.
2024-01-26 23:51:12,253 [INFO] django.utils.autoreload: Watching for file changes with StatReloader
2024-01-26 23:51:13,683 [INFO] django.utils.autoreload: C:\Users\majid\Desktop\stock\main\views.py changed, reloading.
2024-01-26 23:51:14,185 [INFO] django.utils.autoreload: Watching for file changes with StatReloader
2024-01-26 23:51:22,854 [INFO] django.utils.autoreload: C:\Users\majid\Desktop\stock\main\views.py changed, reloading.
2024-01-26 23:51:23,365 [INFO] django.utils.autoreload: Watching for file changes with StatReloader
2024-01-26 23:51:25,597 [INFO] django.utils.autoreload: C:\Users\majid\Desktop\stock\main\views.py changed, reloading.
2024-01-26 23:51:26,095 [INFO] django.utils.autoreload: Watching for file changes with StatReloader
2024-01-26 23:51:26,442 [ERROR] main.views: Sequence.count() missing 1 required positional argument: 'value'
Traceback (most recent call last):
  File "C:\Users\majid\Desktop\stock\main\views.py", line 600, in get
    context['logs'] = logs.count()
                      ^^^^^^^^^^^^
TypeError: Sequence.count() missing 1 required positional argument: 'value'
2024-01-26 23:51:28,780 [ERROR] main.views: Sequence.count() missing 1 required positional argument: 'value'
Traceback (most recent call last):
  File "C:\Users\majid\Desktop\stock\main\views.py", line 600, in get
    context['logs'] = logs.count()
                      ^^^^^^^^^^^^
TypeError: Sequence.count() missing 1 required positional argument: 'value'
2024-01-26 23:51:40,790 [INFO] django.utils.autoreload: C:\Users\majid\Desktop\stock\main\views.py changed, reloading.
2024-01-26 23:51:41,371 [INFO] django.utils.autoreload: Watching for file changes with StatReloader
2024-01-26 23:51:43,953 [INFO] django.utils.autoreload: C:\Users\majid\Desktop\stock\main\views.py changed, reloading.
2024-01-26 23:51:44,540 [INFO] django.utils.autoreload: Watching for file changes with StatReloader
2024-01-26 23:51:47,991 [ERROR] main.views: Sequence.count() missing 1 required positional argument: 'value'
Traceback (most recent call last):
  File "C:\Users\majid\Desktop\stock\main\views.py", line 601, in get
    print(logs.count())
          ^^^^^^^^^^^^
TypeError: Sequence.count() missing 1 required positional argument: 'value'
2024-01-26 23:51:56,515 [INFO] django.utils.autoreload: C:\Users\majid\Desktop\stock\main\views.py changed, reloading.
2024-01-26 23:51:57,025 [INFO] django.utils.autoreload: Watching for file changes with StatReloader
2024-01-26 23:51:58,166 [ERROR] main.views: Sequence.count() missing 1 required positional argument: 'value'
Traceback (most recent call last):
  File "C:\Users\majid\Desktop\stock\main\views.py", line 602, in get
    print(logs.count())
          ^^^^^^^^^^^^
TypeError: Sequence.count() missing 1 required positional argument: 'value'
2024-01-26 23:52:02,505 [INFO] django.utils.autoreload: C:\Users\majid\Desktop\stock\main\views.py changed, reloading.
2024-01-26 23:52:03,010 [INFO] django.utils.autoreload: Watching for file changes with StatReloader
2024-01-26 23:52:04,373 [INFO] django.utils.autoreload: C:\Users\majid\Desktop\stock\main\views.py changed, reloading.
2024-01-26 23:52:04,884 [INFO] django.utils.autoreload: Watching for file changes with StatReloader
2024-01-26 23:52:07,142 [INFO] django.utils.autoreload: C:\Users\majid\Desktop\stock\main\views.py changed, reloading.
2024-01-26 23:52:07,632 [INFO] django.utils.autoreload: Watching for file changes with StatReloader
2024-01-26 23:52:16,291 [INFO] django.utils.autoreload: C:\Users\majid\Desktop\stock\main\views.py changed, reloading.
2024-01-26 23:52:16,789 [INFO] django.utils.autoreload: Watching for file changes with StatReloader
2024-01-26 23:52:34,748 [INFO] django.utils.autoreload: C:\Users\majid\Desktop\stock\main\views.py changed, reloading.
2024-01-26 23:52:35,300 [INFO] django.utils.autoreload: Watching for file changes with StatReloader
2024-01-26 23:52:36,674 [INFO] django.utils.autoreload: C:\Users\majid\Desktop\stock\main\views.py changed, reloading.
2024-01-26 23:52:37,164 [INFO] django.utils.autoreload: Watching for file changes with StatReloader
2024-01-26 23:52:39,423 [INFO] django.utils.autoreload: C:\Users\majid\Desktop\stock\main\views.py changed, reloading.
2024-01-26 23:52:39,920 [INFO] django.utils.autoreload: Watching for file changes with StatReloader
2024-01-26 23:52:41,326 [INFO] django.utils.autoreload: C:\Users\majid\Desktop\stock\main\views.py changed, reloading.
2024-01-26 23:52:41,853 [INFO] django.utils.autoreload: Watching for file changes with StatReloader
2024-01-26 23:52:42,433 [ERROR] main.views: 'int' object is not callable
Traceback (most recent call last):
  File "C:\Users\majid\Desktop\stock\main\views.py", line 599, in get
    print(logs_paginator.count())
          ^^^^^^^^^^^^^^^^^^^^^^
TypeError: 'int' object is not callable
2024-01-26 23:52:42,456 [ERROR] main.views: 'int' object is not callable
Traceback (most recent call last):
  File "C:\Users\majid\Desktop\stock\main\views.py", line 599, in get
    print(logs_paginator.count())
          ^^^^^^^^^^^^^^^^^^^^^^
TypeError: 'int' object is not callable
2024-01-26 23:52:50,425 [INFO] django.utils.autoreload: C:\Users\majid\Desktop\stock\main\views.py changed, reloading.
2024-01-26 23:52:50,929 [INFO] django.utils.autoreload: Watching for file changes with StatReloader
2024-01-26 23:52:56,400 [INFO] django.utils.autoreload: C:\Users\majid\Desktop\stock\main\views.py changed, reloading.
2024-01-26 23:52:56,925 [INFO] django.utils.autoreload: Watching for file changes with StatReloader
2024-01-26 23:53:01,195 [INFO] django.utils.autoreload: C:\Users\majid\Desktop\stock\main\views.py changed, reloading.
2024-01-26 23:53:01,691 [INFO] django.utils.autoreload: Watching for file changes with StatReloader
2024-01-26 23:53:13,367 [INFO] django.utils.autoreload: C:\Users\majid\Desktop\stock\main\views.py changed, reloading.
2024-01-26 23:53:13,871 [INFO] django.utils.autoreload: Watching for file changes with StatReloader
2024-01-26 23:53:41,013 [INFO] django.utils.autoreload: C:\Users\majid\Desktop\stock\main\views.py changed, reloading.
2024-01-26 23:53:41,619 [INFO] django.utils.autoreload: Watching for file changes with StatReloader
2024-01-26 23:53:44,038 [INFO] django.utils.autoreload: C:\Users\majid\Desktop\stock\main\views.py changed, reloading.
2024-01-26 23:53:44,576 [INFO] django.utils.autoreload: Watching for file changes with StatReloader
2024-01-26 23:53:46,972 [INFO] django.utils.autoreload: C:\Users\majid\Desktop\stock\main\views.py changed, reloading.
2024-01-26 23:53:47,469 [INFO] django.utils.autoreload: Watching for file changes with StatReloader
2024-01-26 23:55:33,599 [INFO] django.utils.autoreload: C:\Users\majid\Desktop\stock\main\views.py changed, reloading.
2024-01-26 23:55:34,128 [INFO] django.utils.autoreload: Watching for file changes with StatReloader
2024-01-26 23:55:41,698 [INFO] django.utils.autoreload: C:\Users\majid\Desktop\stock\main\views.py changed, reloading.
2024-01-26 23:55:42,230 [INFO] django.utils.autoreload: Watching for file changes with StatReloader
2024-01-26 23:56:11,294 [INFO] django.utils.autoreload: C:\Users\majid\Desktop\stock\main\views.py changed, reloading.
2024-01-26 23:56:11,814 [INFO] django.utils.autoreload: Watching for file changes with StatReloader
2024-01-26 23:56:41,902 [INFO] django.utils.autoreload: C:\Users\majid\Desktop\stock\main\models.py changed, reloading.
2024-01-26 23:56:42,373 [INFO] django.utils.autoreload: Watching for file changes with StatReloader
2024-01-26 23:56:46,688 [INFO] django.utils.autoreload: C:\Users\majid\Desktop\stock\main\models.py changed, reloading.
2024-01-26 23:56:47,161 [INFO] django.utils.autoreload: Watching for file changes with StatReloader
2024-01-26 23:56:52,496 [INFO] django.utils.autoreload: C:\Users\majid\Desktop\stock\main\models.py changed, reloading.
2024-01-26 23:56:53,034 [INFO] django.utils.autoreload: Watching for file changes with StatReloader
2024-01-26 23:56:54,290 [INFO] django.utils.autoreload: C:\Users\majid\Desktop\stock\main\models.py changed, reloading.
2024-01-26 23:56:54,800 [INFO] django.utils.autoreload: Watching for file changes with StatReloader
2024-01-26 23:57:01,174 [INFO] django.utils.autoreload: C:\Users\majid\Desktop\stock\main\models.py changed, reloading.
2024-01-26 23:57:01,662 [INFO] django.utils.autoreload: Watching for file changes with StatReloader
2024-01-26 23:57:06,074 [INFO] django.utils.autoreload: C:\Users\majid\Desktop\stock\main\models.py changed, reloading.
2024-01-26 23:57:06,565 [INFO] django.utils.autoreload: Watching for file changes with StatReloader
2024-01-26 23:57:22,321 [INFO] django.utils.autoreload: C:\Users\majid\Desktop\stock\main\models.py changed, reloading.
2024-01-26 23:57:22,794 [INFO] django.utils.autoreload: Watching for file changes with StatReloader
2024-01-26 23:57:25,077 [INFO] django.utils.autoreload: C:\Users\majid\Desktop\stock\main\models.py changed, reloading.
2024-01-26 23:57:25,609 [INFO] django.utils.autoreload: Watching for file changes with StatReloader
2024-01-26 23:57:38,455 [INFO] django.utils.autoreload: C:\Users\majid\Desktop\stock\main\models.py changed, reloading.
2024-01-26 23:57:39,027 [INFO] django.utils.autoreload: Watching for file changes with StatReloader
2024-01-26 23:58:03,447 [INFO] django.utils.autoreload: Watching for file changes with StatReloader
2024-01-26 23:58:09,801 [INFO] django.utils.autoreload: C:\Users\majid\Desktop\stock\main\models.py changed, reloading.
2024-01-26 23:58:10,329 [INFO] django.utils.autoreload: Watching for file changes with StatReloader
2024-01-26 23:58:35,418 [INFO] django.utils.autoreload: C:\Users\majid\Desktop\stock\main\models.py changed, reloading.
2024-01-26 23:58:44,074 [INFO] django.utils.autoreload: Watching for file changes with StatReloader
2024-01-26 23:58:53,798 [INFO] django.utils.autoreload: C:\Users\majid\Desktop\stock\main\models.py changed, reloading.
2024-01-26 23:58:54,387 [INFO] django.utils.autoreload: Watching for file changes with StatReloader
2024-01-26 23:59:07,047 [INFO] django.utils.autoreload: C:\Users\majid\Desktop\stock\main\models.py changed, reloading.
2024-01-26 23:59:07,603 [INFO] django.utils.autoreload: Watching for file changes with StatReloader
2024-01-26 23:59:29,594 [INFO] django.utils.autoreload: C:\Users\majid\Desktop\stock\main\views.py changed, reloading.
2024-01-26 23:59:30,124 [INFO] django.utils.autoreload: Watching for file changes with StatReloader
2024-01-26 23:59:39,739 [INFO] django.utils.autoreload: C:\Users\majid\Desktop\stock\main\views.py changed, reloading.
2024-01-26 23:59:40,225 [INFO] django.utils.autoreload: Watching for file changes with StatReloader
2024-01-26 23:59:43,629 [INFO] django.utils.autoreload: C:\Users\majid\Desktop\stock\main\views.py changed, reloading.
2024-01-26 23:59:44,129 [INFO] django.utils.autoreload: Watching for file changes with StatReloader
2024-01-26 23:59:50,636 [INFO] django.utils.autoreload: C:\Users\majid\Desktop\stock\main\views.py changed, reloading.
2024-01-26 23:59:51,156 [INFO] django.utils.autoreload: Watching for file changes with StatReloader
2024-01-26 23:59:58,752 [INFO] django.utils.autoreload: C:\Users\majid\Desktop\stock\main\views.py changed, reloading.
2024-01-26 23:59:59,256 [INFO] django.utils.autoreload: Watching for file changes with StatReloader
2024-01-27 00:00:06,595 [INFO] django.utils.autoreload: C:\Users\majid\Desktop\stock\main\views.py changed, reloading.
2024-01-27 00:00:07,109 [INFO] django.utils.autoreload: Watching for file changes with StatReloader
2024-01-27 00:00:11,583 [INFO] django.utils.autoreload: C:\Users\majid\Desktop\stock\main\views.py changed, reloading.
2024-01-27 00:00:12,117 [INFO] django.utils.autoreload: Watching for file changes with StatReloader
2024-01-27 00:00:15,364 [INFO] django.utils.autoreload: C:\Users\majid\Desktop\stock\main\views.py changed, reloading.
2024-01-27 00:00:15,855 [INFO] django.utils.autoreload: Watching for file changes with StatReloader
2024-01-27 00:00:27,490 [INFO] django.utils.autoreload: C:\Users\majid\Desktop\stock\main\views.py changed, reloading.
2024-01-27 00:00:28,005 [INFO] django.utils.autoreload: Watching for file changes with StatReloader
2024-01-27 00:00:29,201 [INFO] django.utils.autoreload: C:\Users\majid\Desktop\stock\main\views.py changed, reloading.
2024-01-27 00:00:29,696 [INFO] django.utils.autoreload: Watching for file changes with StatReloader
2024-01-27 00:00:34,137 [INFO] django.utils.autoreload: C:\Users\majid\Desktop\stock\main\views.py changed, reloading.
2024-01-27 00:00:34,648 [INFO] django.utils.autoreload: Watching for file changes with StatReloader
2024-01-27 00:00:38,083 [INFO] django.utils.autoreload: C:\Users\majid\Desktop\stock\main\views.py changed, reloading.
2024-01-27 00:00:38,571 [INFO] django.utils.autoreload: Watching for file changes with StatReloader
2024-01-27 00:00:48,144 [INFO] django.utils.autoreload: C:\Users\majid\Desktop\stock\main\views.py changed, reloading.
2024-01-27 00:00:48,666 [INFO] django.utils.autoreload: Watching for file changes with StatReloader
2024-01-27 00:01:06,446 [INFO] django.utils.autoreload: C:\Users\majid\Desktop\stock\main\views.py changed, reloading.
2024-01-27 00:01:06,949 [INFO] django.utils.autoreload: Watching for file changes with StatReloader
2024-01-27 00:01:10,389 [INFO] django.utils.autoreload: C:\Users\majid\Desktop\stock\main\views.py changed, reloading.
2024-01-27 00:01:10,893 [INFO] django.utils.autoreload: Watching for file changes with StatReloader
2024-01-27 00:01:17,398 [INFO] django.utils.autoreload: C:\Users\majid\Desktop\stock\main\views.py changed, reloading.
2024-01-27 00:01:17,888 [INFO] django.utils.autoreload: Watching for file changes with StatReloader
2024-01-27 00:01:26,435 [INFO] django.utils.autoreload: C:\Users\majid\Desktop\stock\main\views.py changed, reloading.
2024-01-27 00:01:26,948 [INFO] django.utils.autoreload: Watching for file changes with StatReloader
2024-01-27 00:01:32,424 [INFO] django.utils.autoreload: C:\Users\majid\Desktop\stock\main\views.py changed, reloading.
2024-01-27 00:01:32,911 [INFO] django.utils.autoreload: Watching for file changes with StatReloader
2024-01-27 00:01:34,118 [INFO] django.utils.autoreload: C:\Users\majid\Desktop\stock\main\views.py changed, reloading.
2024-01-27 00:01:34,640 [INFO] django.utils.autoreload: Watching for file changes with StatReloader
2024-01-27 00:01:36,015 [INFO] django.utils.autoreload: C:\Users\majid\Desktop\stock\main\views.py changed, reloading.
2024-01-27 00:01:36,503 [INFO] django.utils.autoreload: Watching for file changes with StatReloader
2024-01-27 00:01:41,959 [INFO] django.utils.autoreload: C:\Users\majid\Desktop\stock\main\views.py changed, reloading.
2024-01-27 00:01:42,439 [INFO] django.utils.autoreload: Watching for file changes with StatReloader
2024-01-27 00:06:52,430 [ERROR] django.request: Internal Server Error: /logs/
Traceback (most recent call last):
  File "C:\Users\majid\Desktop\stock\venv\Lib\site-packages\django\template\base.py", line 502, in parse
    compile_func = self.tags[command]
                   ~~~~~~~~~^^^^^^^^^
KeyError: 'endfor'

During handling of the above exception, another exception occurred:

Traceback (most recent call last):
  File "C:\Users\majid\Desktop\stock\venv\Lib\site-packages\django\core\handlers\exception.py", line 55, in inner
    response = get_response(request)
               ^^^^^^^^^^^^^^^^^^^^^
  File "C:\Users\majid\Desktop\stock\venv\Lib\site-packages\django\core\handlers\base.py", line 197, in _get_response
    response = wrapped_callback(request, *callback_args, **callback_kwargs)
               ^^^^^^^^^^^^^^^^^^^^^^^^^^^^^^^^^^^^^^^^^^^^^^^^^^^^^^^^^^^^
  File "C:\Users\majid\Desktop\stock\venv\Lib\site-packages\django\views\generic\base.py", line 104, in view
    return self.dispatch(request, *args, **kwargs)
           ^^^^^^^^^^^^^^^^^^^^^^^^^^^^^^^^^^^^^^^
  File "C:\Users\majid\Desktop\stock\venv\Lib\site-packages\django\views\generic\base.py", line 143, in dispatch
    return handler(request, *args, **kwargs)
           ^^^^^^^^^^^^^^^^^^^^^^^^^^^^^^^^^
  File "C:\Users\majid\Desktop\stock\main\views.py", line 638, in get
    return render(request,'main/logs/list.html',context=context)
           ^^^^^^^^^^^^^^^^^^^^^^^^^^^^^^^^^^^^^^^^^^^^^^^^^^^^^
  File "C:\Users\majid\Desktop\stock\venv\Lib\site-packages\django\shortcuts.py", line 24, in render
    content = loader.render_to_string(template_name, context, request, using=using)
              ^^^^^^^^^^^^^^^^^^^^^^^^^^^^^^^^^^^^^^^^^^^^^^^^^^^^^^^^^^^^^^^^^^^^^
  File "C:\Users\majid\Desktop\stock\venv\Lib\site-packages\django\template\loader.py", line 61, in render_to_string
    template = get_template(template_name, using=using)
               ^^^^^^^^^^^^^^^^^^^^^^^^^^^^^^^^^^^^^^^^
  File "C:\Users\majid\Desktop\stock\venv\Lib\site-packages\django\template\loader.py", line 15, in get_template
    return engine.get_template(template_name)
           ^^^^^^^^^^^^^^^^^^^^^^^^^^^^^^^^^^
  File "C:\Users\majid\Desktop\stock\venv\Lib\site-packages\django\template\backends\django.py", line 33, in get_template
    return Template(self.engine.get_template(template_name), self)
                    ^^^^^^^^^^^^^^^^^^^^^^^^^^^^^^^^^^^^^^^
  File "C:\Users\majid\Desktop\stock\venv\Lib\site-packages\django\template\engine.py", line 175, in get_template
    template, origin = self.find_template(template_name)
                       ^^^^^^^^^^^^^^^^^^^^^^^^^^^^^^^^^
  File "C:\Users\majid\Desktop\stock\venv\Lib\site-packages\django\template\engine.py", line 157, in find_template
    template = loader.get_template(name, skip=skip)
               ^^^^^^^^^^^^^^^^^^^^^^^^^^^^^^^^^^^^
  File "C:\Users\majid\Desktop\stock\venv\Lib\site-packages\django\template\loaders\cached.py", line 57, in get_template
    template = super().get_template(template_name, skip)
               ^^^^^^^^^^^^^^^^^^^^^^^^^^^^^^^^^^^^^^^^^
  File "C:\Users\majid\Desktop\stock\venv\Lib\site-packages\django\template\loaders\base.py", line 28, in get_template
    return Template(
           ^^^^^^^^^
  File "C:\Users\majid\Desktop\stock\venv\Lib\site-packages\django\template\base.py", line 154, in __init__
    self.nodelist = self.compile_nodelist()
                    ^^^^^^^^^^^^^^^^^^^^^^^
  File "C:\Users\majid\Desktop\stock\venv\Lib\site-packages\django\template\base.py", line 196, in compile_nodelist
    return parser.parse()
           ^^^^^^^^^^^^^^
  File "C:\Users\majid\Desktop\stock\venv\Lib\site-packages\django\template\base.py", line 510, in parse
    raise self.error(token, e)
  File "C:\Users\majid\Desktop\stock\venv\Lib\site-packages\django\template\base.py", line 508, in parse
    compiled_result = compile_func(self, token)
                      ^^^^^^^^^^^^^^^^^^^^^^^^^
  File "C:\Users\majid\Desktop\stock\venv\Lib\site-packages\django\template\loader_tags.py", line 295, in do_extends
    nodelist = parser.parse()
               ^^^^^^^^^^^^^^
  File "C:\Users\majid\Desktop\stock\venv\Lib\site-packages\django\template\base.py", line 510, in parse
    raise self.error(token, e)
  File "C:\Users\majid\Desktop\stock\venv\Lib\site-packages\django\template\base.py", line 508, in parse
    compiled_result = compile_func(self, token)
                      ^^^^^^^^^^^^^^^^^^^^^^^^^
  File "C:\Users\majid\Desktop\stock\venv\Lib\site-packages\django\template\loader_tags.py", line 234, in do_block
    nodelist = parser.parse(("endblock",))
               ^^^^^^^^^^^^^^^^^^^^^^^^^^^
  File "C:\Users\majid\Desktop\stock\venv\Lib\site-packages\django\template\base.py", line 510, in parse
    raise self.error(token, e)
  File "C:\Users\majid\Desktop\stock\venv\Lib\site-packages\django\template\base.py", line 508, in parse
    compiled_result = compile_func(self, token)
                      ^^^^^^^^^^^^^^^^^^^^^^^^^
  File "C:\Users\majid\Desktop\stock\venv\Lib\site-packages\django\template\defaulttags.py", line 960, in do_if
    nodelist = parser.parse(("elif", "else", "endif"))
               ^^^^^^^^^^^^^^^^^^^^^^^^^^^^^^^^^^^^^^^
  File "C:\Users\majid\Desktop\stock\venv\Lib\site-packages\django\template\base.py", line 510, in parse
    raise self.error(token, e)
  File "C:\Users\majid\Desktop\stock\venv\Lib\site-packages\django\template\base.py", line 508, in parse
    compiled_result = compile_func(self, token)
                      ^^^^^^^^^^^^^^^^^^^^^^^^^
  File "C:\Users\majid\Desktop\stock\venv\Lib\site-packages\django\template\defaulttags.py", line 860, in do_for
    nodelist_loop = parser.parse(
                    ^^^^^^^^^^^^^
  File "C:\Users\majid\Desktop\stock\venv\Lib\site-packages\django\template\base.py", line 510, in parse
    raise self.error(token, e)
  File "C:\Users\majid\Desktop\stock\venv\Lib\site-packages\django\template\base.py", line 508, in parse
    compiled_result = compile_func(self, token)
                      ^^^^^^^^^^^^^^^^^^^^^^^^^
  File "C:\Users\majid\Desktop\stock\venv\Lib\site-packages\django\template\defaulttags.py", line 974, in do_if
    nodelist = parser.parse(("endif",))
               ^^^^^^^^^^^^^^^^^^^^^^^^
  File "C:\Users\majid\Desktop\stock\venv\Lib\site-packages\django\template\base.py", line 510, in parse
    raise self.error(token, e)
  File "C:\Users\majid\Desktop\stock\venv\Lib\site-packages\django\template\base.py", line 508, in parse
    compiled_result = compile_func(self, token)
                      ^^^^^^^^^^^^^^^^^^^^^^^^^
  File "C:\Users\majid\Desktop\stock\venv\Lib\site-packages\django\template\defaulttags.py", line 974, in do_if
    nodelist = parser.parse(("endif",))
               ^^^^^^^^^^^^^^^^^^^^^^^^
  File "C:\Users\majid\Desktop\stock\venv\Lib\site-packages\django\template\base.py", line 504, in parse
    self.invalid_block_tag(token, command, parse_until)
  File "C:\Users\majid\Desktop\stock\venv\Lib\site-packages\django\template\base.py", line 555, in invalid_block_tag
    raise self.error(
django.template.exceptions.TemplateSyntaxError: Invalid block tag on line 289: 'endfor', expected 'endif'. Did you forget to register or load this tag?
2024-01-27 00:07:14,383 [INFO] django.utils.autoreload: C:\Users\majid\Desktop\stock\main\models.py changed, reloading.
2024-01-27 00:07:15,032 [INFO] django.utils.autoreload: Watching for file changes with StatReloader
2024-01-27 00:07:20,371 [INFO] django.utils.autoreload: C:\Users\majid\Desktop\stock\main\models.py changed, reloading.
2024-01-27 00:07:20,863 [INFO] django.utils.autoreload: Watching for file changes with StatReloader
2024-01-27 00:07:23,142 [INFO] django.utils.autoreload: C:\Users\majid\Desktop\stock\main\models.py changed, reloading.
2024-01-27 00:07:23,646 [INFO] django.utils.autoreload: Watching for file changes with StatReloader
2024-01-27 00:07:24,910 [INFO] django.utils.autoreload: C:\Users\majid\Desktop\stock\main\models.py changed, reloading.
2024-01-27 00:07:25,436 [INFO] django.utils.autoreload: Watching for file changes with StatReloader
2024-01-27 00:07:33,983 [INFO] django.utils.autoreload: C:\Users\majid\Desktop\stock\main\models.py changed, reloading.
2024-01-27 00:07:34,482 [INFO] django.utils.autoreload: Watching for file changes with StatReloader
2024-01-27 00:09:08,918 [ERROR] main.views: That page contains no results
Traceback (most recent call last):
  File "C:\Users\majid\Desktop\stock\main\views.py", line 629, in get
    actions = actions_paginator.page(actions_page)
              ^^^^^^^^^^^^^^^^^^^^^^^^^^^^^^^^^^^^
  File "C:\Users\majid\Desktop\stock\venv\Lib\site-packages\django\core\paginator.py", line 89, in page
    number = self.validate_number(number)
             ^^^^^^^^^^^^^^^^^^^^^^^^^^^^
  File "C:\Users\majid\Desktop\stock\venv\Lib\site-packages\django\core\paginator.py", line 71, in validate_number
    raise EmptyPage(self.error_messages["no_results"])
django.core.paginator.EmptyPage: That page contains no results
2024-01-27 00:09:10,847 [ERROR] main.views: That page contains no results
Traceback (most recent call last):
  File "C:\Users\majid\Desktop\stock\main\views.py", line 629, in get
    actions = actions_paginator.page(actions_page)
              ^^^^^^^^^^^^^^^^^^^^^^^^^^^^^^^^^^^^
  File "C:\Users\majid\Desktop\stock\venv\Lib\site-packages\django\core\paginator.py", line 89, in page
    number = self.validate_number(number)
             ^^^^^^^^^^^^^^^^^^^^^^^^^^^^
  File "C:\Users\majid\Desktop\stock\venv\Lib\site-packages\django\core\paginator.py", line 71, in validate_number
    raise EmptyPage(self.error_messages["no_results"])
django.core.paginator.EmptyPage: That page contains no results
2024-01-27 00:09:15,889 [ERROR] main.views: That page contains no results
Traceback (most recent call last):
  File "C:\Users\majid\Desktop\stock\main\views.py", line 629, in get
    actions = actions_paginator.page(actions_page)
              ^^^^^^^^^^^^^^^^^^^^^^^^^^^^^^^^^^^^
  File "C:\Users\majid\Desktop\stock\venv\Lib\site-packages\django\core\paginator.py", line 89, in page
    number = self.validate_number(number)
             ^^^^^^^^^^^^^^^^^^^^^^^^^^^^
  File "C:\Users\majid\Desktop\stock\venv\Lib\site-packages\django\core\paginator.py", line 71, in validate_number
    raise EmptyPage(self.error_messages["no_results"])
django.core.paginator.EmptyPage: That page contains no results
2024-01-27 00:12:54,109 [INFO] django.utils.autoreload: C:\Users\majid\Desktop\stock\main\views.py changed, reloading.
2024-01-27 00:12:54,614 [INFO] django.utils.autoreload: Watching for file changes with StatReloader
2024-01-27 00:12:55,999 [INFO] django.utils.autoreload: C:\Users\majid\Desktop\stock\main\views.py changed, reloading.
2024-01-27 00:12:56,496 [INFO] django.utils.autoreload: Watching for file changes with StatReloader
2024-01-27 00:12:58,905 [INFO] django.utils.autoreload: C:\Users\majid\Desktop\stock\main\views.py changed, reloading.
2024-01-27 00:12:59,395 [INFO] django.utils.autoreload: Watching for file changes with StatReloader
2024-01-28 18:53:35,953 [INFO] django.utils.autoreload: Watching for file changes with StatReloader
2024-01-28 18:53:47,211 [WARNING] django.request: Not Found: /favicon.ico
2024-01-28 18:56:33,354 [ERROR] django.request: Internal Server Error: /logs/
Traceback (most recent call last):
  File "C:\Users\majid\Desktop\stock\venv\Lib\site-packages\django\template\base.py", line 502, in parse
    compile_func = self.tags[command]
                   ~~~~~~~~~^^^^^^^^^
KeyError: 'endfor'

During handling of the above exception, another exception occurred:

Traceback (most recent call last):
  File "C:\Users\majid\Desktop\stock\venv\Lib\site-packages\django\core\handlers\exception.py", line 55, in inner
    response = get_response(request)
               ^^^^^^^^^^^^^^^^^^^^^
  File "C:\Users\majid\Desktop\stock\venv\Lib\site-packages\django\core\handlers\base.py", line 197, in _get_response
    response = wrapped_callback(request, *callback_args, **callback_kwargs)
               ^^^^^^^^^^^^^^^^^^^^^^^^^^^^^^^^^^^^^^^^^^^^^^^^^^^^^^^^^^^^
  File "C:\Users\majid\Desktop\stock\venv\Lib\site-packages\django\views\generic\base.py", line 104, in view
    return self.dispatch(request, *args, **kwargs)
           ^^^^^^^^^^^^^^^^^^^^^^^^^^^^^^^^^^^^^^^
  File "C:\Users\majid\Desktop\stock\venv\Lib\site-packages\django\views\generic\base.py", line 143, in dispatch
    return handler(request, *args, **kwargs)
           ^^^^^^^^^^^^^^^^^^^^^^^^^^^^^^^^^
  File "C:\Users\majid\Desktop\stock\main\views.py", line 638, in get
    return render(request,'main/logs/list.html',context=context)
           ^^^^^^^^^^^^^^^^^^^^^^^^^^^^^^^^^^^^^^^^^^^^^^^^^^^^^
  File "C:\Users\majid\Desktop\stock\venv\Lib\site-packages\django\shortcuts.py", line 24, in render
    content = loader.render_to_string(template_name, context, request, using=using)
              ^^^^^^^^^^^^^^^^^^^^^^^^^^^^^^^^^^^^^^^^^^^^^^^^^^^^^^^^^^^^^^^^^^^^^
  File "C:\Users\majid\Desktop\stock\venv\Lib\site-packages\django\template\loader.py", line 61, in render_to_string
    template = get_template(template_name, using=using)
               ^^^^^^^^^^^^^^^^^^^^^^^^^^^^^^^^^^^^^^^^
  File "C:\Users\majid\Desktop\stock\venv\Lib\site-packages\django\template\loader.py", line 15, in get_template
    return engine.get_template(template_name)
           ^^^^^^^^^^^^^^^^^^^^^^^^^^^^^^^^^^
  File "C:\Users\majid\Desktop\stock\venv\Lib\site-packages\django\template\backends\django.py", line 33, in get_template
    return Template(self.engine.get_template(template_name), self)
                    ^^^^^^^^^^^^^^^^^^^^^^^^^^^^^^^^^^^^^^^
  File "C:\Users\majid\Desktop\stock\venv\Lib\site-packages\django\template\engine.py", line 175, in get_template
    template, origin = self.find_template(template_name)
                       ^^^^^^^^^^^^^^^^^^^^^^^^^^^^^^^^^
  File "C:\Users\majid\Desktop\stock\venv\Lib\site-packages\django\template\engine.py", line 157, in find_template
    template = loader.get_template(name, skip=skip)
               ^^^^^^^^^^^^^^^^^^^^^^^^^^^^^^^^^^^^
  File "C:\Users\majid\Desktop\stock\venv\Lib\site-packages\django\template\loaders\cached.py", line 57, in get_template
    template = super().get_template(template_name, skip)
               ^^^^^^^^^^^^^^^^^^^^^^^^^^^^^^^^^^^^^^^^^
  File "C:\Users\majid\Desktop\stock\venv\Lib\site-packages\django\template\loaders\base.py", line 28, in get_template
    return Template(
           ^^^^^^^^^
  File "C:\Users\majid\Desktop\stock\venv\Lib\site-packages\django\template\base.py", line 154, in __init__
    self.nodelist = self.compile_nodelist()
                    ^^^^^^^^^^^^^^^^^^^^^^^
  File "C:\Users\majid\Desktop\stock\venv\Lib\site-packages\django\template\base.py", line 196, in compile_nodelist
    return parser.parse()
           ^^^^^^^^^^^^^^
  File "C:\Users\majid\Desktop\stock\venv\Lib\site-packages\django\template\base.py", line 510, in parse
    raise self.error(token, e)
  File "C:\Users\majid\Desktop\stock\venv\Lib\site-packages\django\template\base.py", line 508, in parse
    compiled_result = compile_func(self, token)
                      ^^^^^^^^^^^^^^^^^^^^^^^^^
  File "C:\Users\majid\Desktop\stock\venv\Lib\site-packages\django\template\loader_tags.py", line 295, in do_extends
    nodelist = parser.parse()
               ^^^^^^^^^^^^^^
  File "C:\Users\majid\Desktop\stock\venv\Lib\site-packages\django\template\base.py", line 510, in parse
    raise self.error(token, e)
  File "C:\Users\majid\Desktop\stock\venv\Lib\site-packages\django\template\base.py", line 508, in parse
    compiled_result = compile_func(self, token)
                      ^^^^^^^^^^^^^^^^^^^^^^^^^
  File "C:\Users\majid\Desktop\stock\venv\Lib\site-packages\django\template\loader_tags.py", line 234, in do_block
    nodelist = parser.parse(("endblock",))
               ^^^^^^^^^^^^^^^^^^^^^^^^^^^
  File "C:\Users\majid\Desktop\stock\venv\Lib\site-packages\django\template\base.py", line 510, in parse
    raise self.error(token, e)
  File "C:\Users\majid\Desktop\stock\venv\Lib\site-packages\django\template\base.py", line 508, in parse
    compiled_result = compile_func(self, token)
                      ^^^^^^^^^^^^^^^^^^^^^^^^^
  File "C:\Users\majid\Desktop\stock\venv\Lib\site-packages\django\template\defaulttags.py", line 960, in do_if
    nodelist = parser.parse(("elif", "else", "endif"))
               ^^^^^^^^^^^^^^^^^^^^^^^^^^^^^^^^^^^^^^^
  File "C:\Users\majid\Desktop\stock\venv\Lib\site-packages\django\template\base.py", line 510, in parse
    raise self.error(token, e)
  File "C:\Users\majid\Desktop\stock\venv\Lib\site-packages\django\template\base.py", line 508, in parse
    compiled_result = compile_func(self, token)
                      ^^^^^^^^^^^^^^^^^^^^^^^^^
  File "C:\Users\majid\Desktop\stock\venv\Lib\site-packages\django\template\defaulttags.py", line 860, in do_for
    nodelist_loop = parser.parse(
                    ^^^^^^^^^^^^^
  File "C:\Users\majid\Desktop\stock\venv\Lib\site-packages\django\template\base.py", line 510, in parse
    raise self.error(token, e)
  File "C:\Users\majid\Desktop\stock\venv\Lib\site-packages\django\template\base.py", line 508, in parse
    compiled_result = compile_func(self, token)
                      ^^^^^^^^^^^^^^^^^^^^^^^^^
  File "C:\Users\majid\Desktop\stock\venv\Lib\site-packages\django\template\defaulttags.py", line 974, in do_if
    nodelist = parser.parse(("endif",))
               ^^^^^^^^^^^^^^^^^^^^^^^^
  File "C:\Users\majid\Desktop\stock\venv\Lib\site-packages\django\template\base.py", line 510, in parse
    raise self.error(token, e)
  File "C:\Users\majid\Desktop\stock\venv\Lib\site-packages\django\template\base.py", line 508, in parse
    compiled_result = compile_func(self, token)
                      ^^^^^^^^^^^^^^^^^^^^^^^^^
  File "C:\Users\majid\Desktop\stock\venv\Lib\site-packages\django\template\defaulttags.py", line 974, in do_if
    nodelist = parser.parse(("endif",))
               ^^^^^^^^^^^^^^^^^^^^^^^^
  File "C:\Users\majid\Desktop\stock\venv\Lib\site-packages\django\template\base.py", line 504, in parse
    self.invalid_block_tag(token, command, parse_until)
  File "C:\Users\majid\Desktop\stock\venv\Lib\site-packages\django\template\base.py", line 555, in invalid_block_tag
    raise self.error(
django.template.exceptions.TemplateSyntaxError: Invalid block tag on line 291: 'endfor', expected 'endif'. Did you forget to register or load this tag?
2024-01-28 18:58:56,803 [INFO] django.utils.autoreload: C:\Users\majid\Desktop\stock\main\views.py changed, reloading.
2024-01-28 18:58:57,325 [INFO] django.utils.autoreload: Watching for file changes with StatReloader
2024-01-28 18:59:02,847 [INFO] django.utils.autoreload: C:\Users\majid\Desktop\stock\main\views.py changed, reloading.
2024-01-28 18:59:03,360 [INFO] django.utils.autoreload: Watching for file changes with StatReloader
2024-01-28 18:59:10,869 [INFO] django.utils.autoreload: C:\Users\majid\Desktop\stock\main\views.py changed, reloading.
2024-01-28 18:59:11,399 [INFO] django.utils.autoreload: Watching for file changes with StatReloader
2024-01-28 18:59:12,772 [INFO] django.utils.autoreload: C:\Users\majid\Desktop\stock\main\views.py changed, reloading.
2024-01-28 18:59:13,267 [INFO] django.utils.autoreload: Watching for file changes with StatReloader
2024-01-28 19:00:35,545 [ERROR] django.request: Internal Server Error: /logs/
Traceback (most recent call last):
  File "C:\Users\majid\Desktop\stock\venv\Lib\site-packages\django\template\base.py", line 502, in parse
    compile_func = self.tags[command]
                   ~~~~~~~~~^^^^^^^^^
KeyError: 'endfor'

During handling of the above exception, another exception occurred:

Traceback (most recent call last):
  File "C:\Users\majid\Desktop\stock\venv\Lib\site-packages\django\core\handlers\exception.py", line 55, in inner
    response = get_response(request)
               ^^^^^^^^^^^^^^^^^^^^^
  File "C:\Users\majid\Desktop\stock\venv\Lib\site-packages\django\core\handlers\base.py", line 197, in _get_response
    response = wrapped_callback(request, *callback_args, **callback_kwargs)
               ^^^^^^^^^^^^^^^^^^^^^^^^^^^^^^^^^^^^^^^^^^^^^^^^^^^^^^^^^^^^
  File "C:\Users\majid\Desktop\stock\venv\Lib\site-packages\django\views\generic\base.py", line 104, in view
    return self.dispatch(request, *args, **kwargs)
           ^^^^^^^^^^^^^^^^^^^^^^^^^^^^^^^^^^^^^^^
  File "C:\Users\majid\Desktop\stock\venv\Lib\site-packages\django\views\generic\base.py", line 143, in dispatch
    return handler(request, *args, **kwargs)
           ^^^^^^^^^^^^^^^^^^^^^^^^^^^^^^^^^
  File "C:\Users\majid\Desktop\stock\main\views.py", line 638, in get
    return render(request,'main/logs/list.html',context=context)
           ^^^^^^^^^^^^^^^^^^^^^^^^^^^^^^^^^^^^^^^^^^^^^^^^^^^^^
  File "C:\Users\majid\Desktop\stock\venv\Lib\site-packages\django\shortcuts.py", line 24, in render
    content = loader.render_to_string(template_name, context, request, using=using)
              ^^^^^^^^^^^^^^^^^^^^^^^^^^^^^^^^^^^^^^^^^^^^^^^^^^^^^^^^^^^^^^^^^^^^^
  File "C:\Users\majid\Desktop\stock\venv\Lib\site-packages\django\template\loader.py", line 61, in render_to_string
    template = get_template(template_name, using=using)
               ^^^^^^^^^^^^^^^^^^^^^^^^^^^^^^^^^^^^^^^^
  File "C:\Users\majid\Desktop\stock\venv\Lib\site-packages\django\template\loader.py", line 15, in get_template
    return engine.get_template(template_name)
           ^^^^^^^^^^^^^^^^^^^^^^^^^^^^^^^^^^
  File "C:\Users\majid\Desktop\stock\venv\Lib\site-packages\django\template\backends\django.py", line 33, in get_template
    return Template(self.engine.get_template(template_name), self)
                    ^^^^^^^^^^^^^^^^^^^^^^^^^^^^^^^^^^^^^^^
  File "C:\Users\majid\Desktop\stock\venv\Lib\site-packages\django\template\engine.py", line 175, in get_template
    template, origin = self.find_template(template_name)
                       ^^^^^^^^^^^^^^^^^^^^^^^^^^^^^^^^^
  File "C:\Users\majid\Desktop\stock\venv\Lib\site-packages\django\template\engine.py", line 157, in find_template
    template = loader.get_template(name, skip=skip)
               ^^^^^^^^^^^^^^^^^^^^^^^^^^^^^^^^^^^^
  File "C:\Users\majid\Desktop\stock\venv\Lib\site-packages\django\template\loaders\cached.py", line 57, in get_template
    template = super().get_template(template_name, skip)
               ^^^^^^^^^^^^^^^^^^^^^^^^^^^^^^^^^^^^^^^^^
  File "C:\Users\majid\Desktop\stock\venv\Lib\site-packages\django\template\loaders\base.py", line 28, in get_template
    return Template(
           ^^^^^^^^^
  File "C:\Users\majid\Desktop\stock\venv\Lib\site-packages\django\template\base.py", line 154, in __init__
    self.nodelist = self.compile_nodelist()
                    ^^^^^^^^^^^^^^^^^^^^^^^
  File "C:\Users\majid\Desktop\stock\venv\Lib\site-packages\django\template\base.py", line 196, in compile_nodelist
    return parser.parse()
           ^^^^^^^^^^^^^^
  File "C:\Users\majid\Desktop\stock\venv\Lib\site-packages\django\template\base.py", line 510, in parse
    raise self.error(token, e)
  File "C:\Users\majid\Desktop\stock\venv\Lib\site-packages\django\template\base.py", line 508, in parse
    compiled_result = compile_func(self, token)
                      ^^^^^^^^^^^^^^^^^^^^^^^^^
  File "C:\Users\majid\Desktop\stock\venv\Lib\site-packages\django\template\loader_tags.py", line 295, in do_extends
    nodelist = parser.parse()
               ^^^^^^^^^^^^^^
  File "C:\Users\majid\Desktop\stock\venv\Lib\site-packages\django\template\base.py", line 510, in parse
    raise self.error(token, e)
  File "C:\Users\majid\Desktop\stock\venv\Lib\site-packages\django\template\base.py", line 508, in parse
    compiled_result = compile_func(self, token)
                      ^^^^^^^^^^^^^^^^^^^^^^^^^
  File "C:\Users\majid\Desktop\stock\venv\Lib\site-packages\django\template\loader_tags.py", line 234, in do_block
    nodelist = parser.parse(("endblock",))
               ^^^^^^^^^^^^^^^^^^^^^^^^^^^
  File "C:\Users\majid\Desktop\stock\venv\Lib\site-packages\django\template\base.py", line 510, in parse
    raise self.error(token, e)
  File "C:\Users\majid\Desktop\stock\venv\Lib\site-packages\django\template\base.py", line 508, in parse
    compiled_result = compile_func(self, token)
                      ^^^^^^^^^^^^^^^^^^^^^^^^^
  File "C:\Users\majid\Desktop\stock\venv\Lib\site-packages\django\template\defaulttags.py", line 960, in do_if
    nodelist = parser.parse(("elif", "else", "endif"))
               ^^^^^^^^^^^^^^^^^^^^^^^^^^^^^^^^^^^^^^^
  File "C:\Users\majid\Desktop\stock\venv\Lib\site-packages\django\template\base.py", line 510, in parse
    raise self.error(token, e)
  File "C:\Users\majid\Desktop\stock\venv\Lib\site-packages\django\template\base.py", line 508, in parse
    compiled_result = compile_func(self, token)
                      ^^^^^^^^^^^^^^^^^^^^^^^^^
  File "C:\Users\majid\Desktop\stock\venv\Lib\site-packages\django\template\defaulttags.py", line 860, in do_for
    nodelist_loop = parser.parse(
                    ^^^^^^^^^^^^^
  File "C:\Users\majid\Desktop\stock\venv\Lib\site-packages\django\template\base.py", line 510, in parse
    raise self.error(token, e)
  File "C:\Users\majid\Desktop\stock\venv\Lib\site-packages\django\template\base.py", line 508, in parse
    compiled_result = compile_func(self, token)
                      ^^^^^^^^^^^^^^^^^^^^^^^^^
  File "C:\Users\majid\Desktop\stock\venv\Lib\site-packages\django\template\defaulttags.py", line 974, in do_if
    nodelist = parser.parse(("endif",))
               ^^^^^^^^^^^^^^^^^^^^^^^^
  File "C:\Users\majid\Desktop\stock\venv\Lib\site-packages\django\template\base.py", line 510, in parse
    raise self.error(token, e)
  File "C:\Users\majid\Desktop\stock\venv\Lib\site-packages\django\template\base.py", line 508, in parse
    compiled_result = compile_func(self, token)
                      ^^^^^^^^^^^^^^^^^^^^^^^^^
  File "C:\Users\majid\Desktop\stock\venv\Lib\site-packages\django\template\defaulttags.py", line 974, in do_if
    nodelist = parser.parse(("endif",))
               ^^^^^^^^^^^^^^^^^^^^^^^^
  File "C:\Users\majid\Desktop\stock\venv\Lib\site-packages\django\template\base.py", line 504, in parse
    self.invalid_block_tag(token, command, parse_until)
  File "C:\Users\majid\Desktop\stock\venv\Lib\site-packages\django\template\base.py", line 555, in invalid_block_tag
    raise self.error(
django.template.exceptions.TemplateSyntaxError: Invalid block tag on line 293: 'endfor', expected 'endif'. Did you forget to register or load this tag?
2024-01-28 19:02:06,269 [INFO] django.utils.autoreload: C:\Users\majid\Desktop\stock\main\views.py changed, reloading.
2024-01-28 19:02:06,776 [INFO] django.utils.autoreload: Watching for file changes with StatReloader
2024-01-28 19:02:08,180 [INFO] django.utils.autoreload: C:\Users\majid\Desktop\stock\main\views.py changed, reloading.
2024-01-28 19:02:08,681 [INFO] django.utils.autoreload: Watching for file changes with StatReloader
2024-01-28 19:02:16,211 [INFO] django.utils.autoreload: C:\Users\majid\Desktop\stock\main\views.py changed, reloading.
2024-01-28 19:02:16,728 [INFO] django.utils.autoreload: Watching for file changes with StatReloader
2024-01-28 19:02:20,147 [INFO] django.utils.autoreload: C:\Users\majid\Desktop\stock\main\views.py changed, reloading.
2024-01-28 19:02:20,707 [INFO] django.utils.autoreload: Watching for file changes with StatReloader
2024-01-28 19:02:25,182 [INFO] django.utils.autoreload: C:\Users\majid\Desktop\stock\main\views.py changed, reloading.
2024-01-28 19:02:25,708 [INFO] django.utils.autoreload: Watching for file changes with StatReloader
2024-01-28 19:02:33,241 [INFO] django.utils.autoreload: C:\Users\majid\Desktop\stock\main\views.py changed, reloading.
2024-01-28 19:02:33,739 [INFO] django.utils.autoreload: Watching for file changes with StatReloader
2024-01-28 19:02:35,977 [INFO] django.utils.autoreload: C:\Users\majid\Desktop\stock\main\views.py changed, reloading.
2024-01-28 19:02:36,493 [INFO] django.utils.autoreload: Watching for file changes with StatReloader
2024-01-28 19:02:39,967 [INFO] django.utils.autoreload: C:\Users\majid\Desktop\stock\main\views.py changed, reloading.
2024-01-28 19:02:40,460 [INFO] django.utils.autoreload: Watching for file changes with StatReloader
2024-01-28 19:02:49,015 [INFO] django.utils.autoreload: C:\Users\majid\Desktop\stock\main\views.py changed, reloading.
2024-01-28 19:02:49,537 [INFO] django.utils.autoreload: Watching for file changes with StatReloader
2024-01-28 19:02:51,978 [INFO] django.utils.autoreload: C:\Users\majid\Desktop\stock\main\views.py changed, reloading.
2024-01-28 19:02:52,489 [INFO] django.utils.autoreload: Watching for file changes with StatReloader
2024-01-28 19:03:01,043 [INFO] django.utils.autoreload: C:\Users\majid\Desktop\stock\main\views.py changed, reloading.
2024-01-28 19:03:01,546 [INFO] django.utils.autoreload: Watching for file changes with StatReloader
2024-01-28 19:03:06,050 [INFO] django.utils.autoreload: C:\Users\majid\Desktop\stock\main\views.py changed, reloading.
2024-01-28 19:03:06,589 [INFO] django.utils.autoreload: Watching for file changes with StatReloader
2024-01-28 19:03:09,834 [INFO] django.utils.autoreload: C:\Users\majid\Desktop\stock\main\views.py changed, reloading.
2024-01-28 19:03:10,446 [INFO] django.utils.autoreload: Watching for file changes with StatReloader
2024-01-28 19:03:14,909 [INFO] django.utils.autoreload: C:\Users\majid\Desktop\stock\main\views.py changed, reloading.
2024-01-28 19:03:15,446 [INFO] django.utils.autoreload: Watching for file changes with StatReloader
2024-01-28 19:03:17,909 [INFO] django.utils.autoreload: C:\Users\majid\Desktop\stock\main\views.py changed, reloading.
2024-01-28 19:03:18,452 [INFO] django.utils.autoreload: Watching for file changes with StatReloader
2024-01-28 19:03:19,660 [INFO] django.utils.autoreload: C:\Users\majid\Desktop\stock\main\views.py changed, reloading.
2024-01-28 19:03:20,152 [INFO] django.utils.autoreload: Watching for file changes with StatReloader
2024-01-28 19:03:23,581 [INFO] django.utils.autoreload: C:\Users\majid\Desktop\stock\main\views.py changed, reloading.
2024-01-28 19:03:24,099 [INFO] django.utils.autoreload: Watching for file changes with StatReloader
2024-01-28 19:03:32,643 [INFO] django.utils.autoreload: C:\Users\majid\Desktop\stock\main\views.py changed, reloading.
2024-01-28 19:03:33,133 [INFO] django.utils.autoreload: Watching for file changes with StatReloader
2024-01-28 19:03:38,631 [INFO] django.utils.autoreload: C:\Users\majid\Desktop\stock\main\views.py changed, reloading.
2024-01-28 19:03:39,141 [INFO] django.utils.autoreload: Watching for file changes with StatReloader
2024-01-28 19:03:43,633 [INFO] django.utils.autoreload: C:\Users\majid\Desktop\stock\main\views.py changed, reloading.
2024-01-28 19:03:44,122 [INFO] django.utils.autoreload: Watching for file changes with StatReloader
2024-01-28 19:03:51,654 [INFO] django.utils.autoreload: C:\Users\majid\Desktop\stock\main\views.py changed, reloading.
2024-01-28 19:03:52,220 [INFO] django.utils.autoreload: Watching for file changes with StatReloader
2024-01-28 19:04:12,187 [INFO] django.utils.autoreload: C:\Users\majid\Desktop\stock\main\views.py changed, reloading.
2024-01-28 19:04:12,713 [INFO] django.utils.autoreload: Watching for file changes with StatReloader
2024-01-28 19:04:19,028 [INFO] django.utils.autoreload: C:\Users\majid\Desktop\stock\main\views.py changed, reloading.
2024-01-28 19:04:19,563 [INFO] django.utils.autoreload: Watching for file changes with StatReloader
2024-01-28 19:04:26,076 [INFO] django.utils.autoreload: C:\Users\majid\Desktop\stock\main\views.py changed, reloading.
2024-01-28 19:04:26,595 [INFO] django.utils.autoreload: Watching for file changes with StatReloader
2024-01-28 19:04:39,392 [INFO] django.utils.autoreload: C:\Users\majid\Desktop\stock\main\views.py changed, reloading.
2024-01-28 19:04:39,936 [INFO] django.utils.autoreload: Watching for file changes with StatReloader
2024-01-28 19:04:50,531 [INFO] django.utils.autoreload: C:\Users\majid\Desktop\stock\main\views.py changed, reloading.
2024-01-28 19:04:51,041 [INFO] django.utils.autoreload: Watching for file changes with StatReloader
2024-01-28 19:04:59,764 [INFO] django.utils.autoreload: C:\Users\majid\Desktop\stock\main\views.py changed, reloading.
2024-01-28 19:05:00,384 [INFO] django.utils.autoreload: Watching for file changes with StatReloader
2024-01-28 19:05:02,821 [INFO] django.utils.autoreload: C:\Users\majid\Desktop\stock\main\views.py changed, reloading.
2024-01-28 19:05:03,317 [INFO] django.utils.autoreload: Watching for file changes with StatReloader
2024-01-28 19:05:14,073 [INFO] django.utils.autoreload: C:\Users\majid\Desktop\stock\main\views.py changed, reloading.
2024-01-28 19:05:14,667 [INFO] django.utils.autoreload: Watching for file changes with StatReloader
2024-01-28 19:05:23,375 [INFO] django.utils.autoreload: C:\Users\majid\Desktop\stock\main\views.py changed, reloading.
2024-01-28 19:05:23,905 [INFO] django.utils.autoreload: Watching for file changes with StatReloader
2024-01-28 19:05:30,476 [INFO] django.utils.autoreload: C:\Users\majid\Desktop\stock\main\views.py changed, reloading.
2024-01-28 19:05:31,019 [INFO] django.utils.autoreload: Watching for file changes with StatReloader
2024-01-28 19:06:06,292 [INFO] django.utils.autoreload: C:\Users\majid\Desktop\stock\main\views.py changed, reloading.
2024-01-28 19:06:06,795 [INFO] django.utils.autoreload: Watching for file changes with StatReloader
2024-01-28 19:06:08,195 [INFO] django.utils.autoreload: C:\Users\majid\Desktop\stock\main\views.py changed, reloading.
2024-01-28 19:06:08,678 [INFO] django.utils.autoreload: Watching for file changes with StatReloader
2024-01-28 19:06:16,253 [INFO] django.utils.autoreload: C:\Users\majid\Desktop\stock\main\views.py changed, reloading.
2024-01-28 19:06:16,851 [INFO] django.utils.autoreload: Watching for file changes with StatReloader
2024-01-28 19:09:10,985 [ERROR] django.request: Internal Server Error: /logs/
Traceback (most recent call last):
  File "C:\Users\majid\Desktop\stock\venv\Lib\site-packages\django\template\base.py", line 502, in parse
    compile_func = self.tags[command]
                   ~~~~~~~~~^^^^^^^^^
KeyError: 'endfor'

During handling of the above exception, another exception occurred:

Traceback (most recent call last):
  File "C:\Users\majid\Desktop\stock\venv\Lib\site-packages\django\core\handlers\exception.py", line 55, in inner
    response = get_response(request)
               ^^^^^^^^^^^^^^^^^^^^^
  File "C:\Users\majid\Desktop\stock\venv\Lib\site-packages\django\core\handlers\base.py", line 197, in _get_response
    response = wrapped_callback(request, *callback_args, **callback_kwargs)
               ^^^^^^^^^^^^^^^^^^^^^^^^^^^^^^^^^^^^^^^^^^^^^^^^^^^^^^^^^^^^
  File "C:\Users\majid\Desktop\stock\venv\Lib\site-packages\django\views\generic\base.py", line 104, in view
    return self.dispatch(request, *args, **kwargs)
           ^^^^^^^^^^^^^^^^^^^^^^^^^^^^^^^^^^^^^^^
  File "C:\Users\majid\Desktop\stock\venv\Lib\site-packages\django\views\generic\base.py", line 143, in dispatch
    return handler(request, *args, **kwargs)
           ^^^^^^^^^^^^^^^^^^^^^^^^^^^^^^^^^
  File "C:\Users\majid\Desktop\stock\main\views.py", line 639, in get
    return render(request,'main/logs/list.html',context=context)
           ^^^^^^^^^^^^^^^^^^^^^^^^^^^^^^^^^^^^^^^^^^^^^^^^^^^^^
  File "C:\Users\majid\Desktop\stock\venv\Lib\site-packages\django\shortcuts.py", line 24, in render
    content = loader.render_to_string(template_name, context, request, using=using)
              ^^^^^^^^^^^^^^^^^^^^^^^^^^^^^^^^^^^^^^^^^^^^^^^^^^^^^^^^^^^^^^^^^^^^^
  File "C:\Users\majid\Desktop\stock\venv\Lib\site-packages\django\template\loader.py", line 61, in render_to_string
    template = get_template(template_name, using=using)
               ^^^^^^^^^^^^^^^^^^^^^^^^^^^^^^^^^^^^^^^^
  File "C:\Users\majid\Desktop\stock\venv\Lib\site-packages\django\template\loader.py", line 15, in get_template
    return engine.get_template(template_name)
           ^^^^^^^^^^^^^^^^^^^^^^^^^^^^^^^^^^
  File "C:\Users\majid\Desktop\stock\venv\Lib\site-packages\django\template\backends\django.py", line 33, in get_template
    return Template(self.engine.get_template(template_name), self)
                    ^^^^^^^^^^^^^^^^^^^^^^^^^^^^^^^^^^^^^^^
  File "C:\Users\majid\Desktop\stock\venv\Lib\site-packages\django\template\engine.py", line 175, in get_template
    template, origin = self.find_template(template_name)
                       ^^^^^^^^^^^^^^^^^^^^^^^^^^^^^^^^^
  File "C:\Users\majid\Desktop\stock\venv\Lib\site-packages\django\template\engine.py", line 157, in find_template
    template = loader.get_template(name, skip=skip)
               ^^^^^^^^^^^^^^^^^^^^^^^^^^^^^^^^^^^^
  File "C:\Users\majid\Desktop\stock\venv\Lib\site-packages\django\template\loaders\cached.py", line 57, in get_template
    template = super().get_template(template_name, skip)
               ^^^^^^^^^^^^^^^^^^^^^^^^^^^^^^^^^^^^^^^^^
  File "C:\Users\majid\Desktop\stock\venv\Lib\site-packages\django\template\loaders\base.py", line 28, in get_template
    return Template(
           ^^^^^^^^^
  File "C:\Users\majid\Desktop\stock\venv\Lib\site-packages\django\template\base.py", line 154, in __init__
    self.nodelist = self.compile_nodelist()
                    ^^^^^^^^^^^^^^^^^^^^^^^
  File "C:\Users\majid\Desktop\stock\venv\Lib\site-packages\django\template\base.py", line 196, in compile_nodelist
    return parser.parse()
           ^^^^^^^^^^^^^^
  File "C:\Users\majid\Desktop\stock\venv\Lib\site-packages\django\template\base.py", line 510, in parse
    raise self.error(token, e)
  File "C:\Users\majid\Desktop\stock\venv\Lib\site-packages\django\template\base.py", line 508, in parse
    compiled_result = compile_func(self, token)
                      ^^^^^^^^^^^^^^^^^^^^^^^^^
  File "C:\Users\majid\Desktop\stock\venv\Lib\site-packages\django\template\loader_tags.py", line 295, in do_extends
    nodelist = parser.parse()
               ^^^^^^^^^^^^^^
  File "C:\Users\majid\Desktop\stock\venv\Lib\site-packages\django\template\base.py", line 510, in parse
    raise self.error(token, e)
  File "C:\Users\majid\Desktop\stock\venv\Lib\site-packages\django\template\base.py", line 508, in parse
    compiled_result = compile_func(self, token)
                      ^^^^^^^^^^^^^^^^^^^^^^^^^
  File "C:\Users\majid\Desktop\stock\venv\Lib\site-packages\django\template\loader_tags.py", line 234, in do_block
    nodelist = parser.parse(("endblock",))
               ^^^^^^^^^^^^^^^^^^^^^^^^^^^
  File "C:\Users\majid\Desktop\stock\venv\Lib\site-packages\django\template\base.py", line 510, in parse
    raise self.error(token, e)
  File "C:\Users\majid\Desktop\stock\venv\Lib\site-packages\django\template\base.py", line 508, in parse
    compiled_result = compile_func(self, token)
                      ^^^^^^^^^^^^^^^^^^^^^^^^^
  File "C:\Users\majid\Desktop\stock\venv\Lib\site-packages\django\template\defaulttags.py", line 960, in do_if
    nodelist = parser.parse(("elif", "else", "endif"))
               ^^^^^^^^^^^^^^^^^^^^^^^^^^^^^^^^^^^^^^^
  File "C:\Users\majid\Desktop\stock\venv\Lib\site-packages\django\template\base.py", line 510, in parse
    raise self.error(token, e)
  File "C:\Users\majid\Desktop\stock\venv\Lib\site-packages\django\template\base.py", line 508, in parse
    compiled_result = compile_func(self, token)
                      ^^^^^^^^^^^^^^^^^^^^^^^^^
  File "C:\Users\majid\Desktop\stock\venv\Lib\site-packages\django\template\defaulttags.py", line 860, in do_for
    nodelist_loop = parser.parse(
                    ^^^^^^^^^^^^^
  File "C:\Users\majid\Desktop\stock\venv\Lib\site-packages\django\template\base.py", line 510, in parse
    raise self.error(token, e)
  File "C:\Users\majid\Desktop\stock\venv\Lib\site-packages\django\template\base.py", line 508, in parse
    compiled_result = compile_func(self, token)
                      ^^^^^^^^^^^^^^^^^^^^^^^^^
  File "C:\Users\majid\Desktop\stock\venv\Lib\site-packages\django\template\defaulttags.py", line 974, in do_if
    nodelist = parser.parse(("endif",))
               ^^^^^^^^^^^^^^^^^^^^^^^^
  File "C:\Users\majid\Desktop\stock\venv\Lib\site-packages\django\template\base.py", line 510, in parse
    raise self.error(token, e)
  File "C:\Users\majid\Desktop\stock\venv\Lib\site-packages\django\template\base.py", line 508, in parse
    compiled_result = compile_func(self, token)
                      ^^^^^^^^^^^^^^^^^^^^^^^^^
  File "C:\Users\majid\Desktop\stock\venv\Lib\site-packages\django\template\defaulttags.py", line 974, in do_if
    nodelist = parser.parse(("endif",))
               ^^^^^^^^^^^^^^^^^^^^^^^^
  File "C:\Users\majid\Desktop\stock\venv\Lib\site-packages\django\template\base.py", line 504, in parse
    self.invalid_block_tag(token, command, parse_until)
  File "C:\Users\majid\Desktop\stock\venv\Lib\site-packages\django\template\base.py", line 555, in invalid_block_tag
    raise self.error(
django.template.exceptions.TemplateSyntaxError: Invalid block tag on line 291: 'endfor', expected 'endif'. Did you forget to register or load this tag?
2024-01-28 19:10:58,723 [INFO] django.utils.autoreload: C:\Users\majid\Desktop\stock\main\views.py changed, reloading.
2024-01-28 19:10:59,356 [INFO] django.utils.autoreload: Watching for file changes with StatReloader
2024-01-28 19:11:01,785 [INFO] django.utils.autoreload: C:\Users\majid\Desktop\stock\main\views.py changed, reloading.
2024-01-28 19:11:02,299 [INFO] django.utils.autoreload: Watching for file changes with StatReloader
2024-01-28 19:11:03,696 [INFO] django.utils.autoreload: C:\Users\majid\Desktop\stock\main\views.py changed, reloading.
2024-01-28 19:11:04,223 [INFO] django.utils.autoreload: Watching for file changes with StatReloader
2024-01-28 19:11:07,723 [INFO] django.utils.autoreload: C:\Users\majid\Desktop\stock\main\views.py changed, reloading.
2024-01-28 19:11:08,210 [INFO] django.utils.autoreload: Watching for file changes with StatReloader
2024-01-28 19:11:10,445 [INFO] django.utils.autoreload: C:\Users\majid\Desktop\stock\main\views.py changed, reloading.
2024-01-28 19:11:11,020 [INFO] django.utils.autoreload: Watching for file changes with StatReloader
2024-01-28 19:11:12,408 [INFO] django.utils.autoreload: C:\Users\majid\Desktop\stock\main\views.py changed, reloading.
2024-01-28 19:11:12,941 [INFO] django.utils.autoreload: Watching for file changes with StatReloader
2024-01-28 19:11:17,392 [INFO] django.utils.autoreload: C:\Users\majid\Desktop\stock\main\views.py changed, reloading.
2024-01-28 19:11:17,897 [INFO] django.utils.autoreload: Watching for file changes with StatReloader
2024-01-28 19:11:19,297 [INFO] django.utils.autoreload: C:\Users\majid\Desktop\stock\main\views.py changed, reloading.
2024-01-28 19:11:19,847 [INFO] django.utils.autoreload: Watching for file changes with StatReloader
2024-01-28 19:11:22,258 [INFO] django.utils.autoreload: C:\Users\majid\Desktop\stock\main\views.py changed, reloading.
2024-01-28 19:11:22,815 [INFO] django.utils.autoreload: Watching for file changes with StatReloader
2024-01-28 19:11:24,030 [INFO] django.utils.autoreload: C:\Users\majid\Desktop\stock\main\views.py changed, reloading.
2024-01-28 19:11:24,562 [INFO] django.utils.autoreload: Watching for file changes with StatReloader
2024-01-28 19:11:28,837 [INFO] django.utils.autoreload: C:\Users\majid\Desktop\stock\main\views.py changed, reloading.
2024-01-28 19:11:29,345 [INFO] django.utils.autoreload: Watching for file changes with StatReloader
2024-01-28 19:11:32,764 [INFO] django.utils.autoreload: C:\Users\majid\Desktop\stock\main\views.py changed, reloading.
2024-01-28 19:11:33,262 [INFO] django.utils.autoreload: Watching for file changes with StatReloader
2024-01-28 19:11:34,639 [INFO] django.utils.autoreload: C:\Users\majid\Desktop\stock\main\views.py changed, reloading.
2024-01-28 19:11:35,157 [INFO] django.utils.autoreload: Watching for file changes with StatReloader
2024-01-28 19:12:28,069 [INFO] django.utils.autoreload: C:\Users\majid\Desktop\stock\main\views.py changed, reloading.
2024-01-28 19:12:28,626 [INFO] django.utils.autoreload: Watching for file changes with StatReloader
2024-01-28 19:12:30,018 [INFO] django.utils.autoreload: C:\Users\majid\Desktop\stock\main\views.py changed, reloading.
2024-01-28 19:12:30,499 [INFO] django.utils.autoreload: Watching for file changes with StatReloader
2024-01-28 19:12:50,485 [INFO] django.utils.autoreload: C:\Users\majid\Desktop\stock\main\views.py changed, reloading.
2024-01-28 19:12:51,006 [INFO] django.utils.autoreload: Watching for file changes with StatReloader
2024-01-28 19:12:54,430 [INFO] django.utils.autoreload: C:\Users\majid\Desktop\stock\main\views.py changed, reloading.
2024-01-28 19:12:54,936 [INFO] django.utils.autoreload: Watching for file changes with StatReloader
2024-01-28 19:18:09,485 [INFO] django.utils.autoreload: C:\Users\majid\Desktop\stock\main\models.py changed, reloading.
2024-01-28 19:18:09,990 [INFO] django.utils.autoreload: Watching for file changes with StatReloader
2024-01-28 19:18:17,376 [INFO] django.utils.autoreload: C:\Users\majid\Desktop\stock\main\models.py changed, reloading.
2024-01-28 19:18:17,884 [INFO] django.utils.autoreload: Watching for file changes with StatReloader
2024-01-28 19:18:23,333 [INFO] django.utils.autoreload: C:\Users\majid\Desktop\stock\main\models.py changed, reloading.
2024-01-28 19:18:23,888 [INFO] django.utils.autoreload: Watching for file changes with StatReloader
2024-01-28 19:19:42,176 [INFO] django.utils.autoreload: C:\Users\majid\Desktop\stock\main\models.py changed, reloading.
2024-01-28 19:19:42,747 [INFO] django.utils.autoreload: Watching for file changes with StatReloader
2024-01-28 19:19:44,108 [INFO] django.utils.autoreload: C:\Users\majid\Desktop\stock\main\models.py changed, reloading.
2024-01-28 19:19:44,660 [INFO] django.utils.autoreload: Watching for file changes with StatReloader
2024-01-28 19:19:53,246 [INFO] django.utils.autoreload: C:\Users\majid\Desktop\stock\main\models.py changed, reloading.
2024-01-28 19:19:53,804 [INFO] django.utils.autoreload: Watching for file changes with StatReloader
2024-01-28 19:19:57,227 [INFO] django.utils.autoreload: C:\Users\majid\Desktop\stock\main\models.py changed, reloading.
2024-01-28 19:19:57,727 [INFO] django.utils.autoreload: Watching for file changes with StatReloader
2024-01-28 19:21:11,902 [INFO] django.utils.autoreload: C:\Users\majid\Desktop\stock\main\views.py changed, reloading.
2024-01-28 19:21:12,407 [INFO] django.utils.autoreload: Watching for file changes with StatReloader
2024-01-28 19:21:15,857 [INFO] django.utils.autoreload: C:\Users\majid\Desktop\stock\main\views.py changed, reloading.
2024-01-28 19:21:16,378 [INFO] django.utils.autoreload: Watching for file changes with StatReloader
2024-01-28 19:21:17,755 [INFO] django.utils.autoreload: C:\Users\majid\Desktop\stock\main\views.py changed, reloading.
2024-01-28 19:21:18,295 [INFO] django.utils.autoreload: Watching for file changes with StatReloader
2024-01-28 19:21:19,733 [INFO] django.utils.autoreload: C:\Users\majid\Desktop\stock\main\views.py changed, reloading.
2024-01-28 19:21:20,347 [INFO] django.utils.autoreload: Watching for file changes with StatReloader
2024-01-28 19:21:23,770 [INFO] django.utils.autoreload: C:\Users\majid\Desktop\stock\main\views.py changed, reloading.
2024-01-28 19:21:24,282 [INFO] django.utils.autoreload: Watching for file changes with StatReloader
2024-01-28 19:21:32,828 [INFO] django.utils.autoreload: C:\Users\majid\Desktop\stock\main\views.py changed, reloading.
2024-01-28 19:21:33,312 [INFO] django.utils.autoreload: Watching for file changes with StatReloader
2024-01-28 19:25:04,921 [ERROR] django.request: Internal Server Error: /logs/
Traceback (most recent call last):
  File "C:\Users\majid\Desktop\stock\venv\Lib\site-packages\django\template\base.py", line 875, in _resolve_lookup
    current = current[bit]
              ~~~~~~~^^^^^
TypeError: 'Action' object is not subscriptable

During handling of the above exception, another exception occurred:

Traceback (most recent call last):
  File "C:\Users\majid\Desktop\stock\venv\Lib\site-packages\django\db\models\fields\related_descriptors.py", line 235, in __get__
    rel_obj = self.field.get_cached_value(instance)
              ^^^^^^^^^^^^^^^^^^^^^^^^^^^^^^^^^^^^^
  File "C:\Users\majid\Desktop\stock\venv\Lib\site-packages\django\db\models\fields\mixins.py", line 15, in get_cached_value
    return instance._state.fields_cache[cache_name]
           ~~~~~~~~~~~~~~~~~~~~~~~~~~~~^^^^^^^^^^^^
KeyError: 'router'

During handling of the above exception, another exception occurred:

Traceback (most recent call last):
  File "C:\Users\majid\Desktop\stock\venv\Lib\site-packages\django\db\backends\utils.py", line 105, in _execute
    return self.cursor.execute(sql, params)
           ^^^^^^^^^^^^^^^^^^^^^^^^^^^^^^^^
  File "C:\Users\majid\Desktop\stock\venv\Lib\site-packages\django\db\backends\sqlite3\base.py", line 328, in execute
    return super().execute(query, params)
           ^^^^^^^^^^^^^^^^^^^^^^^^^^^^^^
sqlite3.OperationalError: no such column: main_router.shipped

The above exception was the direct cause of the following exception:

Traceback (most recent call last):
  File "C:\Users\majid\Desktop\stock\venv\Lib\site-packages\django\core\handlers\exception.py", line 55, in inner
    response = get_response(request)
               ^^^^^^^^^^^^^^^^^^^^^
  File "C:\Users\majid\Desktop\stock\venv\Lib\site-packages\django\core\handlers\base.py", line 197, in _get_response
    response = wrapped_callback(request, *callback_args, **callback_kwargs)
               ^^^^^^^^^^^^^^^^^^^^^^^^^^^^^^^^^^^^^^^^^^^^^^^^^^^^^^^^^^^^
  File "C:\Users\majid\Desktop\stock\venv\Lib\site-packages\django\views\generic\base.py", line 104, in view
    return self.dispatch(request, *args, **kwargs)
           ^^^^^^^^^^^^^^^^^^^^^^^^^^^^^^^^^^^^^^^
  File "C:\Users\majid\Desktop\stock\venv\Lib\site-packages\django\views\generic\base.py", line 143, in dispatch
    return handler(request, *args, **kwargs)
           ^^^^^^^^^^^^^^^^^^^^^^^^^^^^^^^^^
  File "C:\Users\majid\Desktop\stock\main\views.py", line 644, in get
    return render(request,'main/logs/list.html',context=context)
           ^^^^^^^^^^^^^^^^^^^^^^^^^^^^^^^^^^^^^^^^^^^^^^^^^^^^^
  File "C:\Users\majid\Desktop\stock\venv\Lib\site-packages\django\shortcuts.py", line 24, in render
    content = loader.render_to_string(template_name, context, request, using=using)
              ^^^^^^^^^^^^^^^^^^^^^^^^^^^^^^^^^^^^^^^^^^^^^^^^^^^^^^^^^^^^^^^^^^^^^
  File "C:\Users\majid\Desktop\stock\venv\Lib\site-packages\django\template\loader.py", line 62, in render_to_string
    return template.render(context, request)
           ^^^^^^^^^^^^^^^^^^^^^^^^^^^^^^^^^
  File "C:\Users\majid\Desktop\stock\venv\Lib\site-packages\django\template\backends\django.py", line 61, in render
    return self.template.render(context)
           ^^^^^^^^^^^^^^^^^^^^^^^^^^^^^
  File "C:\Users\majid\Desktop\stock\venv\Lib\site-packages\django\template\base.py", line 171, in render
    return self._render(context)
           ^^^^^^^^^^^^^^^^^^^^^
  File "C:\Users\majid\Desktop\stock\venv\Lib\site-packages\django\template\base.py", line 163, in _render
    return self.nodelist.render(context)
           ^^^^^^^^^^^^^^^^^^^^^^^^^^^^^
  File "C:\Users\majid\Desktop\stock\venv\Lib\site-packages\django\template\base.py", line 1000, in render
    return SafeString("".join([node.render_annotated(context) for node in self]))
                              ^^^^^^^^^^^^^^^^^^^^^^^^^^^^^^^^^^^^^^^^^^^^^^^^^
  File "C:\Users\majid\Desktop\stock\venv\Lib\site-packages\django\template\base.py", line 1000, in <listcomp>
    return SafeString("".join([node.render_annotated(context) for node in self]))
                               ^^^^^^^^^^^^^^^^^^^^^^^^^^^^^^
  File "C:\Users\majid\Desktop\stock\venv\Lib\site-packages\django\template\base.py", line 961, in render_annotated
    return self.render(context)
           ^^^^^^^^^^^^^^^^^^^^
  File "C:\Users\majid\Desktop\stock\venv\Lib\site-packages\django\template\loader_tags.py", line 159, in render
    return compiled_parent._render(context)
           ^^^^^^^^^^^^^^^^^^^^^^^^^^^^^^^^
  File "C:\Users\majid\Desktop\stock\venv\Lib\site-packages\django\template\base.py", line 163, in _render
    return self.nodelist.render(context)
           ^^^^^^^^^^^^^^^^^^^^^^^^^^^^^
  File "C:\Users\majid\Desktop\stock\venv\Lib\site-packages\django\template\base.py", line 1000, in render
    return SafeString("".join([node.render_annotated(context) for node in self]))
                              ^^^^^^^^^^^^^^^^^^^^^^^^^^^^^^^^^^^^^^^^^^^^^^^^^
  File "C:\Users\majid\Desktop\stock\venv\Lib\site-packages\django\template\base.py", line 1000, in <listcomp>
    return SafeString("".join([node.render_annotated(context) for node in self]))
                               ^^^^^^^^^^^^^^^^^^^^^^^^^^^^^^
  File "C:\Users\majid\Desktop\stock\venv\Lib\site-packages\django\template\base.py", line 961, in render_annotated
    return self.render(context)
           ^^^^^^^^^^^^^^^^^^^^
  File "C:\Users\majid\Desktop\stock\venv\Lib\site-packages\django\template\loader_tags.py", line 65, in render
    result = block.nodelist.render(context)
             ^^^^^^^^^^^^^^^^^^^^^^^^^^^^^^
  File "C:\Users\majid\Desktop\stock\venv\Lib\site-packages\django\template\base.py", line 1000, in render
    return SafeString("".join([node.render_annotated(context) for node in self]))
                              ^^^^^^^^^^^^^^^^^^^^^^^^^^^^^^^^^^^^^^^^^^^^^^^^^
  File "C:\Users\majid\Desktop\stock\venv\Lib\site-packages\django\template\base.py", line 1000, in <listcomp>
    return SafeString("".join([node.render_annotated(context) for node in self]))
                               ^^^^^^^^^^^^^^^^^^^^^^^^^^^^^^
  File "C:\Users\majid\Desktop\stock\venv\Lib\site-packages\django\template\base.py", line 961, in render_annotated
    return self.render(context)
           ^^^^^^^^^^^^^^^^^^^^
  File "C:\Users\majid\Desktop\stock\venv\Lib\site-packages\django\template\defaulttags.py", line 325, in render
    return nodelist.render(context)
           ^^^^^^^^^^^^^^^^^^^^^^^^
  File "C:\Users\majid\Desktop\stock\venv\Lib\site-packages\django\template\base.py", line 1000, in render
    return SafeString("".join([node.render_annotated(context) for node in self]))
                              ^^^^^^^^^^^^^^^^^^^^^^^^^^^^^^^^^^^^^^^^^^^^^^^^^
  File "C:\Users\majid\Desktop\stock\venv\Lib\site-packages\django\template\base.py", line 1000, in <listcomp>
    return SafeString("".join([node.render_annotated(context) for node in self]))
                               ^^^^^^^^^^^^^^^^^^^^^^^^^^^^^^
  File "C:\Users\majid\Desktop\stock\venv\Lib\site-packages\django\template\base.py", line 961, in render_annotated
    return self.render(context)
           ^^^^^^^^^^^^^^^^^^^^
  File "C:\Users\majid\Desktop\stock\venv\Lib\site-packages\django\template\defaulttags.py", line 241, in render
    nodelist.append(node.render_annotated(context))
                    ^^^^^^^^^^^^^^^^^^^^^^^^^^^^^^
  File "C:\Users\majid\Desktop\stock\venv\Lib\site-packages\django\template\base.py", line 961, in render_annotated
    return self.render(context)
           ^^^^^^^^^^^^^^^^^^^^
  File "C:\Users\majid\Desktop\stock\venv\Lib\site-packages\django\template\base.py", line 1059, in render
    output = self.filter_expression.resolve(context)
             ^^^^^^^^^^^^^^^^^^^^^^^^^^^^^^^^^^^^^^^
  File "C:\Users\majid\Desktop\stock\venv\Lib\site-packages\django\template\base.py", line 710, in resolve
    obj = self.var.resolve(context)
          ^^^^^^^^^^^^^^^^^^^^^^^^^
  File "C:\Users\majid\Desktop\stock\venv\Lib\site-packages\django\template\base.py", line 842, in resolve
    value = self._resolve_lookup(context)
            ^^^^^^^^^^^^^^^^^^^^^^^^^^^^^
  File "C:\Users\majid\Desktop\stock\venv\Lib\site-packages\django\template\base.py", line 885, in _resolve_lookup
    current = getattr(current, bit)
              ^^^^^^^^^^^^^^^^^^^^^
  File "C:\Users\majid\Desktop\stock\venv\Lib\site-packages\django\db\models\fields\related_descriptors.py", line 253, in __get__
    rel_obj = self.get_object(instance)
              ^^^^^^^^^^^^^^^^^^^^^^^^^
  File "C:\Users\majid\Desktop\stock\venv\Lib\site-packages\django\db\models\fields\related_descriptors.py", line 216, in get_object
    return qs.get(self.field.get_reverse_related_filter(instance))
           ^^^^^^^^^^^^^^^^^^^^^^^^^^^^^^^^^^^^^^^^^^^^^^^^^^^^^^^
  File "C:\Users\majid\Desktop\stock\venv\Lib\site-packages\django\db\models\query.py", line 643, in get
    num = len(clone)
          ^^^^^^^^^^
  File "C:\Users\majid\Desktop\stock\venv\Lib\site-packages\django\db\models\query.py", line 380, in __len__
    self._fetch_all()
  File "C:\Users\majid\Desktop\stock\venv\Lib\site-packages\django\db\models\query.py", line 1926, in _fetch_all
    self._result_cache = list(self._iterable_class(self))
                         ^^^^^^^^^^^^^^^^^^^^^^^^^^^^^^^^
  File "C:\Users\majid\Desktop\stock\venv\Lib\site-packages\django\db\models\query.py", line 91, in __iter__
    results = compiler.execute_sql(
              ^^^^^^^^^^^^^^^^^^^^^
  File "C:\Users\majid\Desktop\stock\venv\Lib\site-packages\django\db\models\sql\compiler.py", line 1562, in execute_sql
    cursor.execute(sql, params)
  File "C:\Users\majid\Desktop\stock\venv\Lib\site-packages\django\db\backends\utils.py", line 122, in execute
    return super().execute(sql, params)
           ^^^^^^^^^^^^^^^^^^^^^^^^^^^^
  File "C:\Users\majid\Desktop\stock\venv\Lib\site-packages\django\db\backends\utils.py", line 79, in execute
    return self._execute_with_wrappers(
           ^^^^^^^^^^^^^^^^^^^^^^^^^^^^
  File "C:\Users\majid\Desktop\stock\venv\Lib\site-packages\django\db\backends\utils.py", line 92, in _execute_with_wrappers
    return executor(sql, params, many, context)
           ^^^^^^^^^^^^^^^^^^^^^^^^^^^^^^^^^^^^
  File "C:\Users\majid\Desktop\stock\venv\Lib\site-packages\django\db\backends\utils.py", line 100, in _execute
    with self.db.wrap_database_errors:
  File "C:\Users\majid\Desktop\stock\venv\Lib\site-packages\django\db\utils.py", line 91, in __exit__
    raise dj_exc_value.with_traceback(traceback) from exc_value
  File "C:\Users\majid\Desktop\stock\venv\Lib\site-packages\django\db\backends\utils.py", line 105, in _execute
    return self.cursor.execute(sql, params)
           ^^^^^^^^^^^^^^^^^^^^^^^^^^^^^^^^
  File "C:\Users\majid\Desktop\stock\venv\Lib\site-packages\django\db\backends\sqlite3\base.py", line 328, in execute
    return super().execute(query, params)
           ^^^^^^^^^^^^^^^^^^^^^^^^^^^^^^
django.db.utils.OperationalError: no such column: main_router.shipped
